Redirected stderr
2024-07-03 22:11:29.709343(+0100)[ 2123: 2123] INF Timezone: BST, Offset: 0, Standard Name: GMT
2024-07-03 22:11:29.709540(+0100)[ 2123: 2123] INF CLI key value unable to understand , skipping wait = false
2024-07-03 22:11:29.709560(+0100)[ 2123: 2123] INF CLI key value unable to understand , skipping externalRedirect = false
2024-07-03 22:11:29.905888(+0100)[ 2123: 2123] DBG directory : /home/hsu/.Zscaler/DB 
2024-07-03 22:11:29.906012(+0100)[ 2123: 2123] DBG notificationDB : /home/hsu/.Zscaler/DB/ZscalerApp.db
2024-07-03 22:11:29.957257(+0100)[ 2123: 2123] INF ZSATrayRpcServer startServer called!
2024-07-03 22:11:29.957359(+0100)[ 2123: 2136] INF ZSATrayRpcServer run function called!
2024-07-03 22:11:29.957370(+0100)[ 2123: 2123] INF startTrayLogMonitor called!
2024-07-03 22:11:29.957512(+0100)[ 2123: 2137] INF [LogMon] Log tag
2024-07-03 22:11:29.957531(+0100)[ 2123: 2137] INF [LogMon] Logger monitor started
2024-07-03 22:11:29.972566(+0100)[ 2123: 2123] INF createSAMLauthenticationDialog called! 
2024-07-03 22:11:29.973253(+0100)[ 2123: 2138] INF system UUID : 582aaccc1e9b11b2a85ccedde3b9dd2d
2024-07-03 22:11:29.973286(+0100)[ 2123: 2138] INF Baseboard Serial Number : L1HF162028V
2024-07-03 22:11:29.973300(+0100)[ 2123: 2138] INF disk ID : 33cf49ab8997479f9fc153f31a9347a0
2024-07-03 22:11:29.973307(+0100)[ 2123: 2138] INF legacy disk ID : 93872DAC766A4AD0BE24B9111652EB00
2024-07-03 22:11:29.973320(+0100)[ 2123: 2138] DBG Running cmd: [grep PRETTY_NAME  /etc/os-release |awk -F= '{print $2}']
2024-07-03 22:11:29.973873(+0100)[ 2123: 2123] INF Tray WorkerThread Started...!
2024-07-03 22:11:29.975216(+0100)[ 2123: 2138] DBG Output: "Ubuntu 20.04.6 LTS"
2024-07-03 22:11:29.975182(+0100)[ 2123: 2142] DBG Tray proxy monitor thread started the monitor command (PID 2143)
2024-07-03 22:11:29.975495(+0100)[ 2123: 2138] INF Config read hash: RfqIed4VtZOJoz1o3M64V0MIjhE=
2024-07-03 22:11:29.975855(+0100)[ 2123: 2138] DBG decryptConfig: using old password
2024-07-03 22:11:29.980569(+0100)[ 2123: 2138] INF Auth::Crypto::decrypt: Exception: I/O error: error:06065064:digital envelope routines:EVP_DecryptFinal_ex:bad decrypt
2024-07-03 22:11:29.980606(+0100)[ 2123: 2138] INF ZSAAuth::useNewDecryptPasswd = true
2024-07-03 22:11:29.985202(+0100)[ 2123: 2138] INF addHardwareIdToClientConfiguration: ZSAAuth::clientConfiguration.hardwareId is NOT empty
2024-07-03 22:11:29.985464(+0100)[ 2123: 2138] INF ZSDR: Converting Disaster Recovery Policy
2024-07-03 22:11:29.986947(+0100)[ 2123: 2138] DBG directory : /home/hsu/.Zscaler 
2024-07-03 22:11:29.986965(+0100)[ 2123: 2138] DBG Create Config File : /home/hsu/.Zscaler/c78OEbQIY+O6hOk5bxZlQDMpJc=+config.dat
2024-07-03 22:11:29.987059(+0100)[ 2123: 2138] INF Config save hash: gVKGOmrCF/UQLLhqZzBEY3jaDio=
2024-07-03 22:11:29.987070(+0100)[ 2123: 2138] INF Initializing auth library. FIPS: 0
2024-07-03 22:11:29.987085(+0100)[ 2123: 2138] INF Getting CA certificates in file: /etc/ssl/certs/ca-certificates.crt
2024-07-03 22:11:29.987362(+0100)[ 2123: 2138] INF System Certs read from disc : 137
2024-07-03 22:11:29.987372(+0100)[ 2123: 2138] INF System certificate count: 137
2024-07-03 22:11:29.987379(+0100)[ 2123: 2138] INF Auth::Lib::initializeAuthenticationLibrary: Called: 137
2024-07-03 22:11:29.987397(+0100)[ 2123: 2138] INF Auth::Lib:loadSSLCerts: Called: 146
2024-07-03 22:11:29.994549(+0100)[ 2123: 2138] INF Auth::Lib::loadSSLCerts: Number of CA certs loaded: 142
2024-07-03 22:11:29.994579(+0100)[ 2123: 2138] INF Auth::Lib::initializeAuthenticationLibrary: Finish
2024-07-03 22:11:29.994798(+0100)[ 2123: 2138] DBG Running cmd: [gsettings get org.gnome.system.proxy mode]
2024-07-03 22:11:29.997776(+0100)[ 2123: 2138] DBG Output: 'manual'
2024-07-03 22:11:29.997813(+0100)[ 2123: 2138] DBG Running cmd: [gsettings get org.gnome.system.proxy.http host]
2024-07-03 22:11:30.000564(+0100)[ 2123: 2138] DBG Output: ''
2024-07-03 22:11:30.000596(+0100)[ 2123: 2138] DBG Running cmd: [gsettings get org.gnome.system.proxy.http port]
2024-07-03 22:11:30.003165(+0100)[ 2123: 2138] DBG Output: 8080
2024-07-03 22:11:30.003207(+0100)[ 2123: 2138] INF externalProxy :http://:8080
2024-07-03 22:11:30.003215(+0100)[ 2123: 2138] INF External Proxy: http://:8080
2024-07-03 22:11:30.003222(+0100)[ 2123: 2138] INF Auth::Lib::setAuthenticationLibraryProxy: Called: http://:8080
2024-07-03 22:11:30.003230(+0100)[ 2123: 2138] INF Skip sending user creds to tunnel: 3
2024-07-03 22:11:30.003237(+0100)[ 2123: 2138] ERR No posture profile to process
2024-07-03 22:11:30.016076(+0100)[ 2123: 2123] DBG initializeSystemTrayIcon: isSystemTrayAvailable: 0
2024-07-03 22:11:30.017702(+0100)[ 2123: 2123] INF Seed domain not configured, proceeding with auth form
2024-07-03 22:11:30.017742(+0100)[ 2123: 2138] INF No strict enforcement
2024-07-03 22:11:30.017762(+0100)[ 2123: 2138] INF startAuthentication called
2024-07-03 22:11:31.017936(+0100)[ 2123: 2123] INF toggleAllButtonsinTrayForm called with disable as 0
2024-07-03 22:11:31.132820(+0100)[ 2123: 2123] DBG Opening UserName Form
2024-07-03 22:11:34.682145(+0100)[ 2123: 2123] INF UI UserNameForm Window Close Button Clicked.
ICE default IO error handler doing an exit(), pid = 2123, errno = 32
QThread: Destroyed while thread is still running
