Redirected stderr
2024-06-21 20:19:03.694545(+0100)[ 2119: 2119] INF Timezone: BST, Offset: 0, Standard Name: GMT
2024-06-21 20:19:03.694739(+0100)[ 2119: 2119] INF CLI key value unable to understand , skipping wait = false
2024-06-21 20:19:03.694756(+0100)[ 2119: 2119] INF CLI key value unable to understand , skipping externalRedirect = false
2024-06-21 20:19:03.960079(+0100)[ 2119: 2119] DBG directory : /home/hsu/.Zscaler/DB 
2024-06-21 20:19:03.960588(+0100)[ 2119: 2119] DBG notificationDB : /home/hsu/.Zscaler/DB/ZscalerApp.db
2024-06-21 20:19:04.016879(+0100)[ 2119: 2119] INF ZSATrayRpcServer startServer called!
2024-06-21 20:19:04.016980(+0100)[ 2119: 2137] INF ZSATrayRpcServer run function called!
2024-06-21 20:19:04.017020(+0100)[ 2119: 2119] INF startTrayLogMonitor called!
2024-06-21 20:19:04.017090(+0100)[ 2119: 2138] INF [LogMon] Log tag
2024-06-21 20:19:04.017112(+0100)[ 2119: 2138] INF [LogMon] Logger monitor started
2024-06-21 20:19:04.032652(+0100)[ 2119: 2119] INF createSAMLauthenticationDialog called! 
2024-06-21 20:19:04.033359(+0100)[ 2119: 2139] INF system UUID : 582aaccc1e9b11b2a85ccedde3b9dd2d
2024-06-21 20:19:04.033384(+0100)[ 2119: 2139] INF Baseboard Serial Number : L1HF162028V
2024-06-21 20:19:04.033393(+0100)[ 2119: 2139] INF disk ID : 33cf49ab8997479f9fc153f31a9347a0
2024-06-21 20:19:04.033400(+0100)[ 2119: 2139] INF legacy disk ID : 93872DAC766A4AD0BE24B9111652EB00
2024-06-21 20:19:04.033410(+0100)[ 2119: 2139] DBG Running cmd: [grep PRETTY_NAME  /etc/os-release |awk -F= '{print $2}']
2024-06-21 20:19:04.034614(+0100)[ 2119: 2139] DBG Output: "Ubuntu 20.04.6 LTS"
2024-06-21 20:19:04.034821(+0100)[ 2119: 2139] INF Config read hash: fJdQ7oxH35arjlcvGw8Ui3E2uBc=
2024-06-21 20:19:04.035082(+0100)[ 2119: 2139] DBG decryptConfig: using old password
2024-06-21 20:19:04.035605(+0100)[ 2119: 2119] INF Tray WorkerThread Started...!
2024-06-21 20:19:04.036953(+0100)[ 2119: 2143] DBG Tray proxy monitor thread started the monitor command (PID 2144)
2024-06-21 20:19:04.041065(+0100)[ 2119: 2139] INF Auth::Crypto::decrypt: Exception: I/O error: error:06065064:digital envelope routines:EVP_DecryptFinal_ex:bad decrypt
2024-06-21 20:19:04.041104(+0100)[ 2119: 2139] INF ZSAAuth::useNewDecryptPasswd = true
2024-06-21 20:19:04.049803(+0100)[ 2119: 2139] INF addHardwareIdToClientConfiguration: ZSAAuth::clientConfiguration.hardwareId is NOT empty
2024-06-21 20:19:04.050068(+0100)[ 2119: 2139] INF ZSDR: Converting Disaster Recovery Policy
2024-06-21 20:19:04.051564(+0100)[ 2119: 2139] DBG directory : /home/hsu/.Zscaler 
2024-06-21 20:19:04.051582(+0100)[ 2119: 2139] DBG Create Config File : /home/hsu/.Zscaler/c78OEbQIY+O6hOk5bxZlQDMpJc=+config.dat
2024-06-21 20:19:04.051674(+0100)[ 2119: 2139] INF Config save hash: TRT50TTzWH+ybJ+McIYFILBE+vI=
2024-06-21 20:19:04.051685(+0100)[ 2119: 2139] INF Initializing auth library. FIPS: 0
2024-06-21 20:19:04.051697(+0100)[ 2119: 2139] INF Getting CA certificates in file: /etc/ssl/certs/ca-certificates.crt
2024-06-21 20:19:04.052116(+0100)[ 2119: 2139] INF System Certs read from disc : 137
2024-06-21 20:19:04.052126(+0100)[ 2119: 2139] INF System certificate count: 137
2024-06-21 20:19:04.052132(+0100)[ 2119: 2139] INF Auth::Lib::initializeAuthenticationLibrary: Called: 137
2024-06-21 20:19:04.052150(+0100)[ 2119: 2139] INF Auth::Lib:loadSSLCerts: Called: 146
2024-06-21 20:19:04.059900(+0100)[ 2119: 2139] INF Auth::Lib::loadSSLCerts: Number of CA certs loaded: 142
2024-06-21 20:19:04.059926(+0100)[ 2119: 2139] INF Auth::Lib::initializeAuthenticationLibrary: Finish
2024-06-21 20:19:04.060180(+0100)[ 2119: 2139] DBG Running cmd: [gsettings get org.gnome.system.proxy mode]
2024-06-21 20:19:04.063325(+0100)[ 2119: 2139] DBG Output: 'manual'
2024-06-21 20:19:04.063364(+0100)[ 2119: 2139] DBG Running cmd: [gsettings get org.gnome.system.proxy.http host]
2024-06-21 20:19:04.065943(+0100)[ 2119: 2139] DBG Output: ''
2024-06-21 20:19:04.065975(+0100)[ 2119: 2139] DBG Running cmd: [gsettings get org.gnome.system.proxy.http port]
2024-06-21 20:19:04.068777(+0100)[ 2119: 2139] DBG Output: 8080
2024-06-21 20:19:04.068825(+0100)[ 2119: 2139] INF externalProxy :http://:8080
2024-06-21 20:19:04.068833(+0100)[ 2119: 2139] INF External Proxy: http://:8080
2024-06-21 20:19:04.068839(+0100)[ 2119: 2139] INF Auth::Lib::setAuthenticationLibraryProxy: Called: http://:8080
2024-06-21 20:19:04.068847(+0100)[ 2119: 2139] INF Skip sending user creds to tunnel: 3
2024-06-21 20:19:04.068854(+0100)[ 2119: 2139] ERR No posture profile to process
2024-06-21 20:19:04.085256(+0100)[ 2119: 2119] DBG initializeSystemTrayIcon: isSystemTrayAvailable: 0
2024-06-21 20:19:04.087668(+0100)[ 2119: 2119] INF Seed domain not configured, proceeding with auth form
2024-06-21 20:19:04.087761(+0100)[ 2119: 2139] INF No strict enforcement
2024-06-21 20:19:04.087783(+0100)[ 2119: 2139] INF startAuthentication called
2024-06-21 20:19:05.087993(+0100)[ 2119: 2119] INF toggleAllButtonsinTrayForm called with disable as 0
2024-06-21 20:19:05.216238(+0100)[ 2119: 2119] DBG Opening UserName Form
2024-06-21 20:19:08.141455(+0100)[ 2119: 2119] INF UI UserNameForm Window Close Button Clicked.
ICE default IO error handler doing an exit(), pid = 2119, errno = 32
QThread: Destroyed while thread is still running
