Redirected stderr
2024-06-14 09:04:05.757116(+0100)[ 2027: 2027] INF Timezone: BST, Offset: 0, Standard Name: GMT
2024-06-14 09:04:05.757293(+0100)[ 2027: 2027] INF CLI key value unable to understand , skipping wait = false
2024-06-14 09:04:05.757306(+0100)[ 2027: 2027] INF CLI key value unable to understand , skipping externalRedirect = false
2024-06-14 09:04:06.025494(+0100)[ 2027: 2027] DBG directory : /home/hsu/.Zscaler/DB 
2024-06-14 09:04:06.025829(+0100)[ 2027: 2027] DBG notificationDB : /home/hsu/.Zscaler/DB/ZscalerApp.db
2024-06-14 09:04:06.083814(+0100)[ 2027: 2027] INF ZSATrayRpcServer startServer called!
2024-06-14 09:04:06.083947(+0100)[ 2027: 2050] INF ZSATrayRpcServer run function called!
2024-06-14 09:04:06.083962(+0100)[ 2027: 2027] INF startTrayLogMonitor called!
2024-06-14 09:04:06.084111(+0100)[ 2027: 2051] INF [LogMon] Log tag
2024-06-14 09:04:06.084129(+0100)[ 2027: 2051] INF [LogMon] Logger monitor started
2024-06-14 09:04:06.098323(+0100)[ 2027: 2027] INF createSAMLauthenticationDialog called! 
2024-06-14 09:04:06.099260(+0100)[ 2027: 2052] INF system UUID : 582aaccc1e9b11b2a85ccedde3b9dd2d
2024-06-14 09:04:06.099295(+0100)[ 2027: 2052] INF Baseboard Serial Number : L1HF162028V
2024-06-14 09:04:06.099303(+0100)[ 2027: 2052] INF disk ID : 33cf49ab8997479f9fc153f31a9347a0
2024-06-14 09:04:06.099310(+0100)[ 2027: 2052] INF legacy disk ID : 93872DAC766A4AD0BE24B9111652EB00
2024-06-14 09:04:06.099333(+0100)[ 2027: 2052] DBG Running cmd: [grep PRETTY_NAME  /etc/os-release |awk -F= '{print $2}']
2024-06-14 09:04:06.099697(+0100)[ 2027: 2027] INF Tray WorkerThread Started...!
2024-06-14 09:04:06.101089(+0100)[ 2027: 2054] DBG Tray proxy monitor thread started the monitor command (PID 2057)
2024-06-14 09:04:06.101098(+0100)[ 2027: 2052] DBG Output: "Ubuntu 20.04.6 LTS"
2024-06-14 09:04:06.101529(+0100)[ 2027: 2052] INF Config read hash: lw4y2Sa67aBRlJH53WoSCvOi0NU=
2024-06-14 09:04:06.101805(+0100)[ 2027: 2052] DBG decryptConfig: using old password
2024-06-14 09:04:06.106316(+0100)[ 2027: 2052] INF Auth::Crypto::decrypt: Exception: I/O error: error:06065064:digital envelope routines:EVP_DecryptFinal_ex:bad decrypt
2024-06-14 09:04:06.106367(+0100)[ 2027: 2052] INF ZSAAuth::useNewDecryptPasswd = true
2024-06-14 09:04:06.109888(+0100)[ 2027: 2052] INF addHardwareIdToClientConfiguration: ZSAAuth::clientConfiguration.hardwareId is NOT empty
2024-06-14 09:04:06.110099(+0100)[ 2027: 2052] INF ZSDR: Converting Disaster Recovery Policy
2024-06-14 09:04:06.111583(+0100)[ 2027: 2052] DBG directory : /home/hsu/.Zscaler 
2024-06-14 09:04:06.111603(+0100)[ 2027: 2052] DBG Create Config File : /home/hsu/.Zscaler/c78OEbQIY+O6hOk5bxZlQDMpJc=+config.dat
2024-06-14 09:04:06.111697(+0100)[ 2027: 2052] INF Config save hash: PMQ1HNznw+qoosUFwRSPc2myUbw=
2024-06-14 09:04:06.111709(+0100)[ 2027: 2052] INF Initializing auth library. FIPS: 0
2024-06-14 09:04:06.111721(+0100)[ 2027: 2052] INF Getting CA certificates in file: /etc/ssl/certs/ca-certificates.crt
2024-06-14 09:04:06.112005(+0100)[ 2027: 2052] INF System Certs read from disc : 137
2024-06-14 09:04:06.112017(+0100)[ 2027: 2052] INF System certificate count: 137
2024-06-14 09:04:06.112023(+0100)[ 2027: 2052] INF Auth::Lib::initializeAuthenticationLibrary: Called: 137
2024-06-14 09:04:06.112042(+0100)[ 2027: 2052] INF Auth::Lib:loadSSLCerts: Called: 146
2024-06-14 09:04:06.119751(+0100)[ 2027: 2052] INF Auth::Lib::loadSSLCerts: Number of CA certs loaded: 142
2024-06-14 09:04:06.119785(+0100)[ 2027: 2052] INF Auth::Lib::initializeAuthenticationLibrary: Finish
2024-06-14 09:04:06.119998(+0100)[ 2027: 2052] DBG Running cmd: [gsettings get org.gnome.system.proxy mode]
2024-06-14 09:04:06.122910(+0100)[ 2027: 2052] DBG Output: 'manual'
2024-06-14 09:04:06.122946(+0100)[ 2027: 2052] DBG Running cmd: [gsettings get org.gnome.system.proxy.http host]
2024-06-14 09:04:06.125499(+0100)[ 2027: 2052] DBG Output: ''
2024-06-14 09:04:06.125529(+0100)[ 2027: 2052] DBG Running cmd: [gsettings get org.gnome.system.proxy.http port]
2024-06-14 09:04:06.128050(+0100)[ 2027: 2052] DBG Output: 8080
2024-06-14 09:04:06.128091(+0100)[ 2027: 2052] INF externalProxy :http://:8080
2024-06-14 09:04:06.128099(+0100)[ 2027: 2052] INF External Proxy: http://:8080
2024-06-14 09:04:06.128106(+0100)[ 2027: 2052] INF Auth::Lib::setAuthenticationLibraryProxy: Called: http://:8080
2024-06-14 09:04:06.128114(+0100)[ 2027: 2052] INF Skip sending user creds to tunnel: 3
2024-06-14 09:04:06.128120(+0100)[ 2027: 2052] ERR No posture profile to process
2024-06-14 09:04:06.129197(+0100)[ 2027: 2052] ERR TrayMain Exception: www.google.com
2024-06-14 09:04:06.135149(+0100)[ 2027: 2027] DBG initializeSystemTrayIcon: isSystemTrayAvailable: 0
2024-06-14 09:04:06.137025(+0100)[ 2027: 2027] INF Seed domain not configured, proceeding with auth form
2024-06-14 09:04:07.137286(+0100)[ 2027: 2027] INF toggleAllButtonsinTrayForm called with disable as 0
2024-06-14 09:04:07.239784(+0100)[ 2027: 2027] DBG Opening UserName Form
2024-06-14 09:04:09.063416(+0100)[ 2027: 2027] INF UI UserNameForm Window Close Button Clicked.
ICE default IO error handler doing an exit(), pid = 2027, errno = 32
QThread: Destroyed while thread is still running
