Redirected stderr
2024-07-08 10:41:41.833117(+0100)[ 2033: 2033] INF Timezone: BST, Offset: 0, Standard Name: GMT
2024-07-08 10:41:41.833366(+0100)[ 2033: 2033] INF CLI key value unable to understand , skipping wait = false
2024-07-08 10:41:41.833380(+0100)[ 2033: 2033] INF CLI key value unable to understand , skipping externalRedirect = false
2024-07-08 10:41:42.057772(+0100)[ 2033: 2033] DBG directory : /home/hsu/.Zscaler/DB 
2024-07-08 10:41:42.057974(+0100)[ 2033: 2033] DBG notificationDB : /home/hsu/.Zscaler/DB/ZscalerApp.db
2024-07-08 10:41:42.113754(+0100)[ 2033: 2033] INF ZSATrayRpcServer startServer called!
2024-07-08 10:41:42.113870(+0100)[ 2033: 2033] INF startTrayLogMonitor called!
2024-07-08 10:41:42.113875(+0100)[ 2033: 2064] INF ZSATrayRpcServer run function called!
2024-07-08 10:41:42.113986(+0100)[ 2033: 2065] INF [LogMon] Log tag
2024-07-08 10:41:42.114006(+0100)[ 2033: 2065] INF [LogMon] Logger monitor started
2024-07-08 10:41:42.129266(+0100)[ 2033: 2033] INF createSAMLauthenticationDialog called! 
2024-07-08 10:41:42.130096(+0100)[ 2033: 2066] INF system UUID : 582aaccc1e9b11b2a85ccedde3b9dd2d
2024-07-08 10:41:42.130122(+0100)[ 2033: 2066] INF Baseboard Serial Number : L1HF162028V
2024-07-08 10:41:42.130131(+0100)[ 2033: 2066] INF disk ID : 33cf49ab8997479f9fc153f31a9347a0
2024-07-08 10:41:42.130139(+0100)[ 2033: 2066] INF legacy disk ID : 93872DAC766A4AD0BE24B9111652EB00
2024-07-08 10:41:42.130151(+0100)[ 2033: 2066] DBG Running cmd: [grep PRETTY_NAME  /etc/os-release |awk -F= '{print $2}']
2024-07-08 10:41:42.131345(+0100)[ 2033: 2066] DBG Output: "Ubuntu 20.04.6 LTS"
2024-07-08 10:41:42.132052(+0100)[ 2033: 2066] INF Config read hash: hdSWTU3Z4wBEPrRJjraAgS12KM4=
2024-07-08 10:41:42.132335(+0100)[ 2033: 2066] DBG decryptConfig: using old password
2024-07-08 10:41:42.136187(+0100)[ 2033: 2033] INF Tray WorkerThread Started...!
2024-07-08 10:41:42.137495(+0100)[ 2033: 2070] DBG Tray proxy monitor thread started the monitor command (PID 2071)
2024-07-08 10:41:42.138606(+0100)[ 2033: 2066] INF Auth::Crypto::decrypt: Exception: I/O error: error:06065064:digital envelope routines:EVP_DecryptFinal_ex:bad decrypt
2024-07-08 10:41:42.138646(+0100)[ 2033: 2066] INF ZSAAuth::useNewDecryptPasswd = true
2024-07-08 10:41:42.143218(+0100)[ 2033: 2066] INF addHardwareIdToClientConfiguration: ZSAAuth::clientConfiguration.hardwareId is NOT empty
2024-07-08 10:41:42.143541(+0100)[ 2033: 2066] INF ZSDR: Converting Disaster Recovery Policy
2024-07-08 10:41:42.145019(+0100)[ 2033: 2066] DBG directory : /home/hsu/.Zscaler 
2024-07-08 10:41:42.145036(+0100)[ 2033: 2066] DBG Create Config File : /home/hsu/.Zscaler/c78OEbQIY+O6hOk5bxZlQDMpJc=+config.dat
2024-07-08 10:41:42.145127(+0100)[ 2033: 2066] INF Config save hash: d0ma8B4rnwm/jRl/SFzUE5nMqNA=
2024-07-08 10:41:42.145138(+0100)[ 2033: 2066] INF Initializing auth library. FIPS: 0
2024-07-08 10:41:42.145150(+0100)[ 2033: 2066] INF Getting CA certificates in file: /etc/ssl/certs/ca-certificates.crt
2024-07-08 10:41:42.145425(+0100)[ 2033: 2066] INF System Certs read from disc : 137
2024-07-08 10:41:42.145436(+0100)[ 2033: 2066] INF System certificate count: 137
2024-07-08 10:41:42.145442(+0100)[ 2033: 2066] INF Auth::Lib::initializeAuthenticationLibrary: Called: 137
2024-07-08 10:41:42.145460(+0100)[ 2033: 2066] INF Auth::Lib:loadSSLCerts: Called: 146
2024-07-08 10:41:42.152558(+0100)[ 2033: 2066] INF Auth::Lib::loadSSLCerts: Number of CA certs loaded: 142
2024-07-08 10:41:42.152577(+0100)[ 2033: 2066] INF Auth::Lib::initializeAuthenticationLibrary: Finish
2024-07-08 10:41:42.152789(+0100)[ 2033: 2066] DBG Running cmd: [gsettings get org.gnome.system.proxy mode]
2024-07-08 10:41:42.155963(+0100)[ 2033: 2066] DBG Output: 'manual'
2024-07-08 10:41:42.155993(+0100)[ 2033: 2066] DBG Running cmd: [gsettings get org.gnome.system.proxy.http host]
2024-07-08 10:41:42.158506(+0100)[ 2033: 2066] DBG Output: ''
2024-07-08 10:41:42.158534(+0100)[ 2033: 2066] DBG Running cmd: [gsettings get org.gnome.system.proxy.http port]
2024-07-08 10:41:42.160966(+0100)[ 2033: 2066] DBG Output: 8080
2024-07-08 10:41:42.160998(+0100)[ 2033: 2066] INF externalProxy :http://:8080
2024-07-08 10:41:42.161006(+0100)[ 2033: 2066] INF External Proxy: http://:8080
2024-07-08 10:41:42.161013(+0100)[ 2033: 2066] INF Auth::Lib::setAuthenticationLibraryProxy: Called: http://:8080
2024-07-08 10:41:42.161021(+0100)[ 2033: 2066] INF Skip sending user creds to tunnel: 3
2024-07-08 10:41:42.161028(+0100)[ 2033: 2066] ERR No posture profile to process
2024-07-08 10:41:42.169731(+0100)[ 2033: 2033] DBG initializeSystemTrayIcon: isSystemTrayAvailable: 0
2024-07-08 10:41:42.171329(+0100)[ 2033: 2033] INF Seed domain not configured, proceeding with auth form
2024-07-08 10:41:42.171396(+0100)[ 2033: 2066] INF No strict enforcement
2024-07-08 10:41:42.171415(+0100)[ 2033: 2066] INF startAuthentication called
2024-07-08 10:41:43.171598(+0100)[ 2033: 2033] INF toggleAllButtonsinTrayForm called with disable as 0
2024-07-08 10:41:43.304251(+0100)[ 2033: 2033] DBG Opening UserName Form
2024-07-08 10:41:45.139839(+0100)[ 2033: 2033] INF UI UserNameForm Window Close Button Clicked.
ICE default IO error handler doing an exit(), pid = 2033, errno = 32
QThread: Destroyed while thread is still running
