Redirected stderr
2024-07-31 08:53:20.813948(+0100)[ 2200: 2200] INF Timezone: BST, Offset: 0, Standard Name: GMT
2024-07-31 08:53:20.814159(+0100)[ 2200: 2200] INF CLI key value unable to understand , skipping wait = false
2024-07-31 08:53:20.814180(+0100)[ 2200: 2200] INF CLI key value unable to understand , skipping externalRedirect = false
2024-07-31 08:53:21.036347(+0100)[ 2200: 2200] DBG directory : /home/hsu/.Zscaler/DB 
2024-07-31 08:53:21.036697(+0100)[ 2200: 2200] DBG notificationDB : /home/hsu/.Zscaler/DB/ZscalerApp.db
2024-07-31 08:53:21.087598(+0100)[ 2200: 2200] INF ZSATrayRpcServer startServer called!
2024-07-31 08:53:21.087723(+0100)[ 2200: 2213] INF ZSATrayRpcServer run function called!
2024-07-31 08:53:21.087725(+0100)[ 2200: 2200] INF startTrayLogMonitor called!
2024-07-31 08:53:21.087839(+0100)[ 2200: 2214] INF [LogMon] Log tag
2024-07-31 08:53:21.087861(+0100)[ 2200: 2214] INF [LogMon] Logger monitor started
2024-07-31 08:53:21.102430(+0100)[ 2200: 2200] INF createSAMLauthenticationDialog called! 
2024-07-31 08:53:21.103107(+0100)[ 2200: 2215] INF system UUID : 582aaccc1e9b11b2a85ccedde3b9dd2d
2024-07-31 08:53:21.103140(+0100)[ 2200: 2215] INF Baseboard Serial Number : L1HF162028V
2024-07-31 08:53:21.103155(+0100)[ 2200: 2215] INF disk ID : 33cf49ab8997479f9fc153f31a9347a0
2024-07-31 08:53:21.103168(+0100)[ 2200: 2215] INF legacy disk ID : 93872DAC766A4AD0BE24B9111652EB00
2024-07-31 08:53:21.103186(+0100)[ 2200: 2215] DBG Running cmd: [grep PRETTY_NAME  /etc/os-release |awk -F= '{print $2}']
2024-07-31 08:53:21.103892(+0100)[ 2200: 2200] INF Tray WorkerThread Started...!
2024-07-31 08:53:21.105273(+0100)[ 2200: 2215] DBG Output: "Ubuntu 20.04.6 LTS"
2024-07-31 08:53:21.105251(+0100)[ 2200: 2219] DBG Tray proxy monitor thread started the monitor command (PID 2220)
2024-07-31 08:53:21.105567(+0100)[ 2200: 2215] INF Config read hash: QtTzx0hnpv16DlYI+BgmQmXOJ4U=
2024-07-31 08:53:21.105851(+0100)[ 2200: 2215] DBG decryptConfig: using old password
2024-07-31 08:53:21.110002(+0100)[ 2200: 2215] INF Auth::Crypto::decrypt: Exception: I/O error: error:06065064:digital envelope routines:EVP_DecryptFinal_ex:bad decrypt
2024-07-31 08:53:21.110053(+0100)[ 2200: 2215] INF ZSAAuth::useNewDecryptPasswd = true
2024-07-31 08:53:21.114713(+0100)[ 2200: 2215] INF addHardwareIdToClientConfiguration: ZSAAuth::clientConfiguration.hardwareId is NOT empty
2024-07-31 08:53:21.115008(+0100)[ 2200: 2215] INF ZSDR: Converting Disaster Recovery Policy
2024-07-31 08:53:21.117411(+0100)[ 2200: 2215] DBG directory : /home/hsu/.Zscaler 
2024-07-31 08:53:21.117436(+0100)[ 2200: 2215] DBG Create Config File : /home/hsu/.Zscaler/c78OEbQIY+O6hOk5bxZlQDMpJc=+config.dat
2024-07-31 08:53:21.117571(+0100)[ 2200: 2215] INF Config save hash: LurSUXXsPhaJ+tGMPsYi7Qj3Ejw=
2024-07-31 08:53:21.117593(+0100)[ 2200: 2215] INF Initializing auth library. FIPS: 0
2024-07-31 08:53:21.117605(+0100)[ 2200: 2215] INF Getting CA certificates in file: /etc/ssl/certs/ca-certificates.crt
2024-07-31 08:53:21.118033(+0100)[ 2200: 2215] INF System Certs read from disc : 137
2024-07-31 08:53:21.118048(+0100)[ 2200: 2215] INF System certificate count: 137
2024-07-31 08:53:21.118061(+0100)[ 2200: 2215] INF Auth::Lib::initializeAuthenticationLibrary: Called: 137
2024-07-31 08:53:21.118096(+0100)[ 2200: 2215] INF Auth::Lib:loadSSLCerts: Called: 146
2024-07-31 08:53:21.127400(+0100)[ 2200: 2215] INF Auth::Lib::loadSSLCerts: Number of CA certs loaded: 142
2024-07-31 08:53:21.127430(+0100)[ 2200: 2215] INF Auth::Lib::initializeAuthenticationLibrary: Finish
2024-07-31 08:53:21.127733(+0100)[ 2200: 2215] DBG Running cmd: [gsettings get org.gnome.system.proxy mode]
2024-07-31 08:53:21.130873(+0100)[ 2200: 2215] DBG Output: 'manual'
2024-07-31 08:53:21.130905(+0100)[ 2200: 2215] DBG Running cmd: [gsettings get org.gnome.system.proxy.http host]
2024-07-31 08:53:21.133529(+0100)[ 2200: 2215] DBG Output: ''
2024-07-31 08:53:21.133567(+0100)[ 2200: 2215] DBG Running cmd: [gsettings get org.gnome.system.proxy.http port]
2024-07-31 08:53:21.136150(+0100)[ 2200: 2215] DBG Output: 8080
2024-07-31 08:53:21.136189(+0100)[ 2200: 2215] INF externalProxy :http://:8080
2024-07-31 08:53:21.136198(+0100)[ 2200: 2215] INF External Proxy: http://:8080
2024-07-31 08:53:21.136205(+0100)[ 2200: 2215] INF Auth::Lib::setAuthenticationLibraryProxy: Called: http://:8080
2024-07-31 08:53:21.136213(+0100)[ 2200: 2215] INF Skip sending user creds to tunnel: 3
2024-07-31 08:53:21.136220(+0100)[ 2200: 2215] ERR No posture profile to process
2024-07-31 08:53:21.145719(+0100)[ 2200: 2200] DBG initializeSystemTrayIcon: isSystemTrayAvailable: 0
2024-07-31 08:53:21.147346(+0100)[ 2200: 2200] INF Seed domain not configured, proceeding with auth form
2024-07-31 08:53:21.147380(+0100)[ 2200: 2215] INF No strict enforcement
2024-07-31 08:53:21.147402(+0100)[ 2200: 2215] INF startAuthentication called
2024-07-31 08:53:22.147566(+0100)[ 2200: 2200] INF toggleAllButtonsinTrayForm called with disable as 0
2024-07-31 08:53:22.258495(+0100)[ 2200: 2200] DBG Opening UserName Form
2024-07-31 08:53:27.384821(+0100)[ 2200: 2200] INF UI UserNameForm Window Close Button Clicked.
ICE default IO error handler doing an exit(), pid = 2200, errno = 32
QThread: Destroyed while thread is still running
