Redirected stderr
2024-06-20 17:39:00.796422(+0100)[ 2162: 2162] INF Timezone: BST, Offset: 0, Standard Name: GMT
2024-06-20 17:39:00.796589(+0100)[ 2162: 2162] INF CLI key value unable to understand , skipping wait = false
2024-06-20 17:39:00.796602(+0100)[ 2162: 2162] INF CLI key value unable to understand , skipping externalRedirect = false
2024-06-20 17:39:01.057941(+0100)[ 2162: 2162] DBG directory : /home/hsu/.Zscaler/DB 
2024-06-20 17:39:01.058241(+0100)[ 2162: 2162] DBG notificationDB : /home/hsu/.Zscaler/DB/ZscalerApp.db
2024-06-20 17:39:01.109871(+0100)[ 2162: 2162] INF ZSATrayRpcServer startServer called!
2024-06-20 17:39:01.110014(+0100)[ 2162: 2178] INF ZSATrayRpcServer run function called!
2024-06-20 17:39:01.110018(+0100)[ 2162: 2162] INF startTrayLogMonitor called!
2024-06-20 17:39:01.110146(+0100)[ 2162: 2179] INF [LogMon] Log tag
2024-06-20 17:39:01.110168(+0100)[ 2162: 2179] INF [LogMon] Logger monitor started
2024-06-20 17:39:01.125966(+0100)[ 2162: 2162] INF createSAMLauthenticationDialog called! 
2024-06-20 17:39:01.126631(+0100)[ 2162: 2180] INF system UUID : 582aaccc1e9b11b2a85ccedde3b9dd2d
2024-06-20 17:39:01.126658(+0100)[ 2162: 2180] INF Baseboard Serial Number : L1HF162028V
2024-06-20 17:39:01.126667(+0100)[ 2162: 2180] INF disk ID : 33cf49ab8997479f9fc153f31a9347a0
2024-06-20 17:39:01.126675(+0100)[ 2162: 2180] INF legacy disk ID : 93872DAC766A4AD0BE24B9111652EB00
2024-06-20 17:39:01.126686(+0100)[ 2162: 2180] DBG Running cmd: [grep PRETTY_NAME  /etc/os-release |awk -F= '{print $2}']
2024-06-20 17:39:01.127400(+0100)[ 2162: 2162] INF Tray WorkerThread Started...!
2024-06-20 17:39:01.128857(+0100)[ 2162: 2184] DBG Tray proxy monitor thread started the monitor command (PID 2185)
2024-06-20 17:39:01.128874(+0100)[ 2162: 2180] DBG Output: "Ubuntu 20.04.6 LTS"
2024-06-20 17:39:01.129118(+0100)[ 2162: 2180] INF Config read hash: 7Y8rKwspAN+hBdzLWhOahKNq1wQ=
2024-06-20 17:39:01.129414(+0100)[ 2162: 2180] DBG decryptConfig: using old password
2024-06-20 17:39:01.133502(+0100)[ 2162: 2180] INF Auth::Crypto::decrypt: Exception: I/O error: error:06065064:digital envelope routines:EVP_DecryptFinal_ex:bad decrypt
2024-06-20 17:39:01.133546(+0100)[ 2162: 2180] INF ZSAAuth::useNewDecryptPasswd = true
2024-06-20 17:39:01.149306(+0100)[ 2162: 2180] INF addHardwareIdToClientConfiguration: ZSAAuth::clientConfiguration.hardwareId is NOT empty
2024-06-20 17:39:01.149570(+0100)[ 2162: 2180] INF ZSDR: Converting Disaster Recovery Policy
2024-06-20 17:39:01.151088(+0100)[ 2162: 2180] DBG directory : /home/hsu/.Zscaler 
2024-06-20 17:39:01.151105(+0100)[ 2162: 2180] DBG Create Config File : /home/hsu/.Zscaler/c78OEbQIY+O6hOk5bxZlQDMpJc=+config.dat
2024-06-20 17:39:01.151212(+0100)[ 2162: 2180] INF Config save hash: g/HduyRN2ahibjjDK/62R5XpgFU=
2024-06-20 17:39:01.151224(+0100)[ 2162: 2180] INF Initializing auth library. FIPS: 0
2024-06-20 17:39:01.151236(+0100)[ 2162: 2180] INF Getting CA certificates in file: /etc/ssl/certs/ca-certificates.crt
2024-06-20 17:39:01.151567(+0100)[ 2162: 2180] INF System Certs read from disc : 137
2024-06-20 17:39:01.151576(+0100)[ 2162: 2180] INF System certificate count: 137
2024-06-20 17:39:01.151583(+0100)[ 2162: 2180] INF Auth::Lib::initializeAuthenticationLibrary: Called: 137
2024-06-20 17:39:01.151602(+0100)[ 2162: 2180] INF Auth::Lib:loadSSLCerts: Called: 146
2024-06-20 17:39:01.158629(+0100)[ 2162: 2180] INF Auth::Lib::loadSSLCerts: Number of CA certs loaded: 142
2024-06-20 17:39:01.158655(+0100)[ 2162: 2180] INF Auth::Lib::initializeAuthenticationLibrary: Finish
2024-06-20 17:39:01.158914(+0100)[ 2162: 2180] DBG Running cmd: [gsettings get org.gnome.system.proxy mode]
2024-06-20 17:39:01.161962(+0100)[ 2162: 2180] DBG Output: 'manual'
2024-06-20 17:39:01.161999(+0100)[ 2162: 2180] DBG Running cmd: [gsettings get org.gnome.system.proxy.http host]
2024-06-20 17:39:01.164506(+0100)[ 2162: 2180] DBG Output: ''
2024-06-20 17:39:01.164536(+0100)[ 2162: 2180] DBG Running cmd: [gsettings get org.gnome.system.proxy.http port]
2024-06-20 17:39:01.167019(+0100)[ 2162: 2180] DBG Output: 8080
2024-06-20 17:39:01.167055(+0100)[ 2162: 2180] INF externalProxy :http://:8080
2024-06-20 17:39:01.167063(+0100)[ 2162: 2180] INF External Proxy: http://:8080
2024-06-20 17:39:01.167069(+0100)[ 2162: 2180] INF Auth::Lib::setAuthenticationLibraryProxy: Called: http://:8080
2024-06-20 17:39:01.167079(+0100)[ 2162: 2180] INF Skip sending user creds to tunnel: 3
2024-06-20 17:39:01.167089(+0100)[ 2162: 2180] ERR No posture profile to process
2024-06-20 17:39:01.239029(+0100)[ 2162: 2162] DBG initializeSystemTrayIcon: isSystemTrayAvailable: 0
2024-06-20 17:39:01.240582(+0100)[ 2162: 2162] INF Seed domain not configured, proceeding with auth form
2024-06-20 17:39:01.240614(+0100)[ 2162: 2180] INF No strict enforcement
2024-06-20 17:39:01.240636(+0100)[ 2162: 2180] INF startAuthentication called
2024-06-20 17:39:02.240773(+0100)[ 2162: 2162] INF toggleAllButtonsinTrayForm called with disable as 0
2024-06-20 17:39:02.355028(+0100)[ 2162: 2162] DBG Opening UserName Form
2024-06-20 17:39:11.247479(+0100)[ 2162: 2162] INF UI UserNameForm Window Close Button Clicked.
ICE default IO error handler doing an exit(), pid = 2162, errno = 32
QThread: Destroyed while thread is still running
