Redirected stderr
2024-06-23 09:05:18.713702(+0100)[ 2125: 2125] INF Timezone: BST, Offset: 0, Standard Name: GMT
2024-06-23 09:05:18.713920(+0100)[ 2125: 2125] INF CLI key value unable to understand , skipping wait = false
2024-06-23 09:05:18.713940(+0100)[ 2125: 2125] INF CLI key value unable to understand , skipping externalRedirect = false
2024-06-23 09:05:18.961391(+0100)[ 2125: 2125] DBG directory : /home/hsu/.Zscaler/DB 
2024-06-23 09:05:18.961747(+0100)[ 2125: 2125] DBG notificationDB : /home/hsu/.Zscaler/DB/ZscalerApp.db
2024-06-23 09:05:19.024957(+0100)[ 2125: 2125] INF ZSATrayRpcServer startServer called!
2024-06-23 09:05:19.025061(+0100)[ 2125: 2142] INF ZSATrayRpcServer run function called!
2024-06-23 09:05:19.025103(+0100)[ 2125: 2125] INF startTrayLogMonitor called!
2024-06-23 09:05:19.025173(+0100)[ 2125: 2143] INF [LogMon] Log tag
2024-06-23 09:05:19.025195(+0100)[ 2125: 2143] INF [LogMon] Logger monitor started
2024-06-23 09:05:19.040897(+0100)[ 2125: 2125] INF createSAMLauthenticationDialog called! 
2024-06-23 09:05:19.041601(+0100)[ 2125: 2144] INF system UUID : 582aaccc1e9b11b2a85ccedde3b9dd2d
2024-06-23 09:05:19.041640(+0100)[ 2125: 2144] INF Baseboard Serial Number : L1HF162028V
2024-06-23 09:05:19.041657(+0100)[ 2125: 2144] INF disk ID : 33cf49ab8997479f9fc153f31a9347a0
2024-06-23 09:05:19.041669(+0100)[ 2125: 2144] INF legacy disk ID : 93872DAC766A4AD0BE24B9111652EB00
2024-06-23 09:05:19.041686(+0100)[ 2125: 2144] DBG Running cmd: [grep PRETTY_NAME  /etc/os-release |awk -F= '{print $2}']
2024-06-23 09:05:19.042957(+0100)[ 2125: 2144] DBG Output: "Ubuntu 20.04.6 LTS"
2024-06-23 09:05:19.043209(+0100)[ 2125: 2144] INF Config read hash: +l10pX2ldLKW+66L0Ys6g/srlaI=
2024-06-23 09:05:19.043485(+0100)[ 2125: 2144] DBG decryptConfig: using old password
2024-06-23 09:05:19.048377(+0100)[ 2125: 2144] INF Auth::Crypto::decrypt: Exception: I/O error: error:06065064:digital envelope routines:EVP_DecryptFinal_ex:bad decrypt
2024-06-23 09:05:19.048422(+0100)[ 2125: 2144] INF ZSAAuth::useNewDecryptPasswd = true
2024-06-23 09:05:19.053317(+0100)[ 2125: 2125] INF Tray WorkerThread Started...!
2024-06-23 09:05:19.055183(+0100)[ 2125: 2150] DBG Tray proxy monitor thread started the monitor command (PID 2151)
2024-06-23 09:05:19.232483(+0100)[ 2125: 2144] INF addHardwareIdToClientConfiguration: ZSAAuth::clientConfiguration.hardwareId is NOT empty
2024-06-23 09:05:19.232757(+0100)[ 2125: 2144] INF ZSDR: Converting Disaster Recovery Policy
2024-06-23 09:05:19.234403(+0100)[ 2125: 2144] DBG directory : /home/hsu/.Zscaler 
2024-06-23 09:05:19.234424(+0100)[ 2125: 2144] DBG Create Config File : /home/hsu/.Zscaler/c78OEbQIY+O6hOk5bxZlQDMpJc=+config.dat
2024-06-23 09:05:19.234521(+0100)[ 2125: 2144] INF Config save hash: 1ORQ7rmCMjuLpa1x1rpuJiuz0Cc=
2024-06-23 09:05:19.234538(+0100)[ 2125: 2144] INF Initializing auth library. FIPS: 0
2024-06-23 09:05:19.234545(+0100)[ 2125: 2144] INF Getting CA certificates in file: /etc/ssl/certs/ca-certificates.crt
2024-06-23 09:05:19.234821(+0100)[ 2125: 2144] INF System Certs read from disc : 137
2024-06-23 09:05:19.234832(+0100)[ 2125: 2144] INF System certificate count: 137
2024-06-23 09:05:19.234838(+0100)[ 2125: 2144] INF Auth::Lib::initializeAuthenticationLibrary: Called: 137
2024-06-23 09:05:19.234857(+0100)[ 2125: 2144] INF Auth::Lib:loadSSLCerts: Called: 146
2024-06-23 09:05:19.241771(+0100)[ 2125: 2144] INF Auth::Lib::loadSSLCerts: Number of CA certs loaded: 142
2024-06-23 09:05:19.241798(+0100)[ 2125: 2144] INF Auth::Lib::initializeAuthenticationLibrary: Finish
2024-06-23 09:05:19.242040(+0100)[ 2125: 2144] DBG Running cmd: [gsettings get org.gnome.system.proxy mode]
2024-06-23 09:05:19.244782(+0100)[ 2125: 2144] DBG Output: 'manual'
2024-06-23 09:05:19.244820(+0100)[ 2125: 2144] DBG Running cmd: [gsettings get org.gnome.system.proxy.http host]
2024-06-23 09:05:19.247179(+0100)[ 2125: 2144] DBG Output: ''
2024-06-23 09:05:19.247211(+0100)[ 2125: 2144] DBG Running cmd: [gsettings get org.gnome.system.proxy.http port]
2024-06-23 09:05:19.249776(+0100)[ 2125: 2144] DBG Output: 8080
2024-06-23 09:05:19.249811(+0100)[ 2125: 2144] INF externalProxy :http://:8080
2024-06-23 09:05:19.249819(+0100)[ 2125: 2144] INF External Proxy: http://:8080
2024-06-23 09:05:19.249825(+0100)[ 2125: 2144] INF Auth::Lib::setAuthenticationLibraryProxy: Called: http://:8080
2024-06-23 09:05:19.249833(+0100)[ 2125: 2144] INF Skip sending user creds to tunnel: 3
2024-06-23 09:05:19.249840(+0100)[ 2125: 2144] ERR No posture profile to process
2024-06-23 09:05:19.396557(+0100)[ 2125: 2125] DBG initializeSystemTrayIcon: isSystemTrayAvailable: 0
2024-06-23 09:05:19.398348(+0100)[ 2125: 2125] INF Seed domain not configured, proceeding with auth form
2024-06-23 09:05:19.398390(+0100)[ 2125: 2144] INF No strict enforcement
2024-06-23 09:05:19.398410(+0100)[ 2125: 2144] INF startAuthentication called
2024-06-23 09:05:20.398585(+0100)[ 2125: 2125] INF toggleAllButtonsinTrayForm called with disable as 0
2024-06-23 09:05:20.507689(+0100)[ 2125: 2125] DBG Opening UserName Form
2024-06-23 09:05:24.475568(+0100)[ 2125: 2125] INF UI UserNameForm Window Close Button Clicked.
ICE default IO error handler doing an exit(), pid = 2125, errno = 32
QThread: Destroyed while thread is still running
