Redirected stderr
2024-06-10 09:27:44.116595(+0100)[ 2097: 2097] INF Timezone: BST, Offset: 0, Standard Name: GMT
2024-06-10 09:27:44.117421(+0100)[ 2097: 2097] INF CLI key value unable to understand , skipping wait = false
2024-06-10 09:27:44.117481(+0100)[ 2097: 2097] INF CLI key value unable to understand , skipping externalRedirect = false
2024-06-10 09:27:44.382749(+0100)[ 2097: 2097] DBG directory : /home/hsu/.Zscaler/DB 
2024-06-10 09:27:44.384825(+0100)[ 2097: 2097] DBG notificationDB : /home/hsu/.Zscaler/DB/ZscalerApp.db
2024-06-10 09:27:44.523332(+0100)[ 2097: 2097] INF ZSATrayRpcServer startServer called!
2024-06-10 09:27:44.523444(+0100)[ 2097: 2097] INF startTrayLogMonitor called!
2024-06-10 09:27:44.523451(+0100)[ 2097: 2113] INF ZSATrayRpcServer run function called!
2024-06-10 09:27:44.523532(+0100)[ 2097: 2114] INF [LogMon] Log tag
2024-06-10 09:27:44.523552(+0100)[ 2097: 2114] INF [LogMon] Logger monitor started
2024-06-10 09:27:44.538042(+0100)[ 2097: 2097] INF createSAMLauthenticationDialog called! 
2024-06-10 09:27:44.539630(+0100)[ 2097: 2115] INF system UUID : 582aaccc1e9b11b2a85ccedde3b9dd2d
2024-06-10 09:27:44.539659(+0100)[ 2097: 2115] INF Baseboard Serial Number : L1HF162028V
2024-06-10 09:27:44.539668(+0100)[ 2097: 2115] INF disk ID : 33cf49ab8997479f9fc153f31a9347a0
2024-06-10 09:27:44.539675(+0100)[ 2097: 2115] INF legacy disk ID : 93872DAC766A4AD0BE24B9111652EB00
2024-06-10 09:27:44.539686(+0100)[ 2097: 2115] DBG Running cmd: [grep PRETTY_NAME  /etc/os-release |awk -F= '{print $2}']
2024-06-10 09:27:44.539828(+0100)[ 2097: 2097] INF Tray WorkerThread Started...!
2024-06-10 09:27:44.541180(+0100)[ 2097: 2117] DBG Tray proxy monitor thread started the monitor command (PID 2120)
2024-06-10 09:27:44.541185(+0100)[ 2097: 2115] DBG Output: "Ubuntu 20.04.6 LTS"
2024-06-10 09:27:44.542752(+0100)[ 2097: 2115] INF Config read hash: QUIUY5phUgSLC6JpRumuxpRzC3w=
2024-06-10 09:27:44.543036(+0100)[ 2097: 2115] DBG decryptConfig: using old password
2024-06-10 09:27:44.558873(+0100)[ 2097: 2115] INF Auth::Crypto::decrypt: Exception: I/O error: error:06065064:digital envelope routines:EVP_DecryptFinal_ex:bad decrypt
2024-06-10 09:27:44.558908(+0100)[ 2097: 2115] INF ZSAAuth::useNewDecryptPasswd = true
2024-06-10 09:27:44.563092(+0100)[ 2097: 2115] INF addHardwareIdToClientConfiguration: ZSAAuth::clientConfiguration.hardwareId is NOT empty
2024-06-10 09:27:44.563523(+0100)[ 2097: 2115] INF ZSDR: Converting Disaster Recovery Policy
2024-06-10 09:27:44.564977(+0100)[ 2097: 2115] DBG directory : /home/hsu/.Zscaler 
2024-06-10 09:27:44.564995(+0100)[ 2097: 2115] DBG Create Config File : /home/hsu/.Zscaler/c78OEbQIY+O6hOk5bxZlQDMpJc=+config.dat
2024-06-10 09:27:44.565107(+0100)[ 2097: 2115] INF Config save hash: aKwX+FLRqMUh3JrLXebzb/Ijdls=
2024-06-10 09:27:44.565119(+0100)[ 2097: 2115] INF Initializing auth library. FIPS: 0
2024-06-10 09:27:44.565130(+0100)[ 2097: 2115] INF Getting CA certificates in file: /etc/ssl/certs/ca-certificates.crt
2024-06-10 09:27:44.565410(+0100)[ 2097: 2115] INF System Certs read from disc : 137
2024-06-10 09:27:44.565422(+0100)[ 2097: 2115] INF System certificate count: 137
2024-06-10 09:27:44.565430(+0100)[ 2097: 2115] INF Auth::Lib::initializeAuthenticationLibrary: Called: 137
2024-06-10 09:27:44.565451(+0100)[ 2097: 2115] INF Auth::Lib:loadSSLCerts: Called: 146
2024-06-10 09:27:44.573585(+0100)[ 2097: 2115] INF Auth::Lib::loadSSLCerts: Number of CA certs loaded: 142
2024-06-10 09:27:44.573618(+0100)[ 2097: 2115] INF Auth::Lib::initializeAuthenticationLibrary: Finish
2024-06-10 09:27:44.573835(+0100)[ 2097: 2115] DBG Running cmd: [gsettings get org.gnome.system.proxy mode]
2024-06-10 09:27:44.583398(+0100)[ 2097: 2115] DBG Output: 'manual'
2024-06-10 09:27:44.583499(+0100)[ 2097: 2115] DBG Running cmd: [gsettings get org.gnome.system.proxy.http host]
2024-06-10 09:27:44.592143(+0100)[ 2097: 2115] DBG Output: ''
2024-06-10 09:27:44.592228(+0100)[ 2097: 2115] DBG Running cmd: [gsettings get org.gnome.system.proxy.http port]
2024-06-10 09:27:44.600809(+0100)[ 2097: 2115] DBG Output: 8080
2024-06-10 09:27:44.600918(+0100)[ 2097: 2115] INF externalProxy :http://:8080
2024-06-10 09:27:44.600952(+0100)[ 2097: 2115] INF External Proxy: http://:8080
2024-06-10 09:27:44.600977(+0100)[ 2097: 2115] INF Auth::Lib::setAuthenticationLibraryProxy: Called: http://:8080
2024-06-10 09:27:44.601005(+0100)[ 2097: 2115] INF Skip sending user creds to tunnel: 3
2024-06-10 09:27:44.601030(+0100)[ 2097: 2115] ERR No posture profile to process
2024-06-10 09:27:44.620649(+0100)[ 2097: 2097] DBG initializeSystemTrayIcon: isSystemTrayAvailable: 0
2024-06-10 09:27:44.627228(+0100)[ 2097: 2097] INF Seed domain not configured, proceeding with auth form
2024-06-10 09:27:44.627417(+0100)[ 2097: 2115] INF No strict enforcement
2024-06-10 09:27:44.627498(+0100)[ 2097: 2115] INF startAuthentication called
2024-06-10 09:27:45.627889(+0100)[ 2097: 2097] INF toggleAllButtonsinTrayForm called with disable as 0
2024-06-10 09:27:45.795895(+0100)[ 2097: 2097] DBG Opening UserName Form
2024-06-10 09:27:56.048621(+0100)[ 2097: 2097] INF UI UserNameForm Window Close Button Clicked.
ICE default IO error handler doing an exit(), pid = 2097, errno = 32
QThread: Destroyed while thread is still running
