Redirected stderr
2024-07-19 09:47:44.719687(+0100)[ 2151: 2151] INF Timezone: BST, Offset: 0, Standard Name: GMT
2024-07-19 09:47:44.719853(+0100)[ 2151: 2151] INF CLI key value unable to understand , skipping wait = false
2024-07-19 09:47:44.719867(+0100)[ 2151: 2151] INF CLI key value unable to understand , skipping externalRedirect = false
2024-07-19 09:47:44.931799(+0100)[ 2151: 2151] DBG directory : /home/hsu/.Zscaler/DB 
2024-07-19 09:47:44.932194(+0100)[ 2151: 2151] DBG notificationDB : /home/hsu/.Zscaler/DB/ZscalerApp.db
2024-07-19 09:47:44.987095(+0100)[ 2151: 2151] INF ZSATrayRpcServer startServer called!
2024-07-19 09:47:44.987223(+0100)[ 2151: 2164] INF ZSATrayRpcServer run function called!
2024-07-19 09:47:44.987282(+0100)[ 2151: 2151] INF startTrayLogMonitor called!
2024-07-19 09:47:44.987455(+0100)[ 2151: 2165] INF [LogMon] Log tag
2024-07-19 09:47:44.987476(+0100)[ 2151: 2165] INF [LogMon] Logger monitor started
2024-07-19 09:47:45.008530(+0100)[ 2151: 2151] INF createSAMLauthenticationDialog called! 
2024-07-19 09:47:45.010949(+0100)[ 2151: 2166] INF system UUID : 582aaccc1e9b11b2a85ccedde3b9dd2d
2024-07-19 09:47:45.010978(+0100)[ 2151: 2166] INF Baseboard Serial Number : L1HF162028V
2024-07-19 09:47:45.010988(+0100)[ 2151: 2166] INF disk ID : 33cf49ab8997479f9fc153f31a9347a0
2024-07-19 09:47:45.010995(+0100)[ 2151: 2166] INF legacy disk ID : 93872DAC766A4AD0BE24B9111652EB00
2024-07-19 09:47:45.011006(+0100)[ 2151: 2166] DBG Running cmd: [grep PRETTY_NAME  /etc/os-release |awk -F= '{print $2}']
2024-07-19 09:47:45.012164(+0100)[ 2151: 2166] DBG Output: "Ubuntu 20.04.6 LTS"
2024-07-19 09:47:45.012356(+0100)[ 2151: 2166] INF Config read hash: dMBiKafqE3AIpH4KI9/luf6g+eU=
2024-07-19 09:47:45.012624(+0100)[ 2151: 2166] DBG decryptConfig: using old password
2024-07-19 09:47:45.015203(+0100)[ 2151: 2151] INF Tray WorkerThread Started...!
2024-07-19 09:47:45.016523(+0100)[ 2151: 2171] DBG Tray proxy monitor thread started the monitor command (PID 2172)
2024-07-19 09:47:45.019019(+0100)[ 2151: 2166] INF Auth::Crypto::decrypt: Exception: I/O error: error:06065064:digital envelope routines:EVP_DecryptFinal_ex:bad decrypt
2024-07-19 09:47:45.019080(+0100)[ 2151: 2166] INF ZSAAuth::useNewDecryptPasswd = true
2024-07-19 09:47:45.025320(+0100)[ 2151: 2166] INF addHardwareIdToClientConfiguration: ZSAAuth::clientConfiguration.hardwareId is NOT empty
2024-07-19 09:47:45.025593(+0100)[ 2151: 2166] INF ZSDR: Converting Disaster Recovery Policy
2024-07-19 09:47:45.027068(+0100)[ 2151: 2166] DBG directory : /home/hsu/.Zscaler 
2024-07-19 09:47:45.027086(+0100)[ 2151: 2166] DBG Create Config File : /home/hsu/.Zscaler/c78OEbQIY+O6hOk5bxZlQDMpJc=+config.dat
2024-07-19 09:47:45.027181(+0100)[ 2151: 2166] INF Config save hash: R70qCqOHxh4joV/+Yvusae9a4ek=
2024-07-19 09:47:45.027193(+0100)[ 2151: 2166] INF Initializing auth library. FIPS: 0
2024-07-19 09:47:45.027204(+0100)[ 2151: 2166] INF Getting CA certificates in file: /etc/ssl/certs/ca-certificates.crt
2024-07-19 09:47:45.027479(+0100)[ 2151: 2166] INF System Certs read from disc : 137
2024-07-19 09:47:45.027490(+0100)[ 2151: 2166] INF System certificate count: 137
2024-07-19 09:47:45.027497(+0100)[ 2151: 2166] INF Auth::Lib::initializeAuthenticationLibrary: Called: 137
2024-07-19 09:47:45.027515(+0100)[ 2151: 2166] INF Auth::Lib:loadSSLCerts: Called: 146
2024-07-19 09:47:45.036509(+0100)[ 2151: 2166] INF Auth::Lib::loadSSLCerts: Number of CA certs loaded: 142
2024-07-19 09:47:45.036547(+0100)[ 2151: 2166] INF Auth::Lib::initializeAuthenticationLibrary: Finish
2024-07-19 09:47:45.036791(+0100)[ 2151: 2166] DBG Running cmd: [gsettings get org.gnome.system.proxy mode]
2024-07-19 09:47:45.040160(+0100)[ 2151: 2166] DBG Output: 'manual'
2024-07-19 09:47:45.040198(+0100)[ 2151: 2166] DBG Running cmd: [gsettings get org.gnome.system.proxy.http host]
2024-07-19 09:47:45.043072(+0100)[ 2151: 2166] DBG Output: ''
2024-07-19 09:47:45.043112(+0100)[ 2151: 2166] DBG Running cmd: [gsettings get org.gnome.system.proxy.http port]
2024-07-19 09:47:45.045998(+0100)[ 2151: 2166] DBG Output: 8080
2024-07-19 09:47:45.046042(+0100)[ 2151: 2166] INF externalProxy :http://:8080
2024-07-19 09:47:45.046050(+0100)[ 2151: 2166] INF External Proxy: http://:8080
2024-07-19 09:47:45.046057(+0100)[ 2151: 2166] INF Auth::Lib::setAuthenticationLibraryProxy: Called: http://:8080
2024-07-19 09:47:45.046065(+0100)[ 2151: 2166] INF Skip sending user creds to tunnel: 3
2024-07-19 09:47:45.046071(+0100)[ 2151: 2166] ERR No posture profile to process
2024-07-19 09:47:45.060948(+0100)[ 2151: 2151] DBG initializeSystemTrayIcon: isSystemTrayAvailable: 0
2024-07-19 09:47:45.063197(+0100)[ 2151: 2151] INF Seed domain not configured, proceeding with auth form
2024-07-19 09:47:45.063251(+0100)[ 2151: 2166] INF No strict enforcement
2024-07-19 09:47:45.063271(+0100)[ 2151: 2166] INF startAuthentication called
2024-07-19 09:47:46.063444(+0100)[ 2151: 2151] INF toggleAllButtonsinTrayForm called with disable as 0
2024-07-19 09:47:46.183204(+0100)[ 2151: 2151] DBG Opening UserName Form
2024-07-19 09:47:47.594579(+0100)[ 2151: 2151] INF UI UserNameForm Window Close Button Clicked.
ICE default IO error handler doing an exit(), pid = 2151, errno = 32
QThread: Destroyed while thread is still running
