Redirected stderr
2024-07-17 08:56:23.791640(+0100)[ 2049: 2049] INF Timezone: BST, Offset: 0, Standard Name: GMT
2024-07-17 08:56:23.791822(+0100)[ 2049: 2049] INF CLI key value unable to understand , skipping wait = false
2024-07-17 08:56:23.791836(+0100)[ 2049: 2049] INF CLI key value unable to understand , skipping externalRedirect = false
2024-07-17 08:56:24.016707(+0100)[ 2049: 2049] DBG directory : /home/hsu/.Zscaler/DB 
2024-07-17 08:56:24.017098(+0100)[ 2049: 2049] DBG notificationDB : /home/hsu/.Zscaler/DB/ZscalerApp.db
2024-07-17 08:56:24.082732(+0100)[ 2049: 2049] INF ZSATrayRpcServer startServer called!
2024-07-17 08:56:24.082829(+0100)[ 2049: 2063] INF ZSATrayRpcServer run function called!
2024-07-17 08:56:24.082901(+0100)[ 2049: 2049] INF startTrayLogMonitor called!
2024-07-17 08:56:24.082991(+0100)[ 2049: 2064] INF [LogMon] Log tag
2024-07-17 08:56:24.083015(+0100)[ 2049: 2064] INF [LogMon] Logger monitor started
2024-07-17 08:56:24.101556(+0100)[ 2049: 2049] INF createSAMLauthenticationDialog called! 
2024-07-17 08:56:24.102197(+0100)[ 2049: 2065] INF system UUID : 582aaccc1e9b11b2a85ccedde3b9dd2d
2024-07-17 08:56:24.102231(+0100)[ 2049: 2065] INF Baseboard Serial Number : L1HF162028V
2024-07-17 08:56:24.102241(+0100)[ 2049: 2065] INF disk ID : 33cf49ab8997479f9fc153f31a9347a0
2024-07-17 08:56:24.102249(+0100)[ 2049: 2065] INF legacy disk ID : 93872DAC766A4AD0BE24B9111652EB00
2024-07-17 08:56:24.102260(+0100)[ 2049: 2065] DBG Running cmd: [grep PRETTY_NAME  /etc/os-release |awk -F= '{print $2}']
2024-07-17 08:56:24.103476(+0100)[ 2049: 2065] DBG Output: "Ubuntu 20.04.6 LTS"
2024-07-17 08:56:24.103694(+0100)[ 2049: 2065] INF Config read hash: ZrHNfwD28wKrfoGF+W7V9QMN2Y4=
2024-07-17 08:56:24.103915(+0100)[ 2049: 2065] DBG decryptConfig: using old password
2024-07-17 08:56:24.104701(+0100)[ 2049: 2049] INF Tray WorkerThread Started...!
2024-07-17 08:56:24.106166(+0100)[ 2049: 2069] DBG Tray proxy monitor thread started the monitor command (PID 2070)
2024-07-17 08:56:24.111339(+0100)[ 2049: 2065] INF Auth::Crypto::decrypt: Exception: I/O error: error:06065064:digital envelope routines:EVP_DecryptFinal_ex:bad decrypt
2024-07-17 08:56:24.111396(+0100)[ 2049: 2065] INF ZSAAuth::useNewDecryptPasswd = true
2024-07-17 08:56:24.115787(+0100)[ 2049: 2065] INF addHardwareIdToClientConfiguration: ZSAAuth::clientConfiguration.hardwareId is NOT empty
2024-07-17 08:56:24.116028(+0100)[ 2049: 2065] INF ZSDR: Converting Disaster Recovery Policy
2024-07-17 08:56:24.117565(+0100)[ 2049: 2065] DBG directory : /home/hsu/.Zscaler 
2024-07-17 08:56:24.117589(+0100)[ 2049: 2065] DBG Create Config File : /home/hsu/.Zscaler/c78OEbQIY+O6hOk5bxZlQDMpJc=+config.dat
2024-07-17 08:56:24.117692(+0100)[ 2049: 2065] INF Config save hash: TWZ9EmKgfd1A/QO8tuZeVncbNsA=
2024-07-17 08:56:24.117715(+0100)[ 2049: 2065] INF Initializing auth library. FIPS: 0
2024-07-17 08:56:24.117724(+0100)[ 2049: 2065] INF Getting CA certificates in file: /etc/ssl/certs/ca-certificates.crt
2024-07-17 08:56:24.118023(+0100)[ 2049: 2065] INF System Certs read from disc : 137
2024-07-17 08:56:24.118037(+0100)[ 2049: 2065] INF System certificate count: 137
2024-07-17 08:56:24.118043(+0100)[ 2049: 2065] INF Auth::Lib::initializeAuthenticationLibrary: Called: 137
2024-07-17 08:56:24.118062(+0100)[ 2049: 2065] INF Auth::Lib:loadSSLCerts: Called: 146
2024-07-17 08:56:24.126574(+0100)[ 2049: 2065] INF Auth::Lib::loadSSLCerts: Number of CA certs loaded: 142
2024-07-17 08:56:24.126608(+0100)[ 2049: 2065] INF Auth::Lib::initializeAuthenticationLibrary: Finish
2024-07-17 08:56:24.126801(+0100)[ 2049: 2065] DBG Running cmd: [gsettings get org.gnome.system.proxy mode]
2024-07-17 08:56:24.129775(+0100)[ 2049: 2065] DBG Output: 'manual'
2024-07-17 08:56:24.129814(+0100)[ 2049: 2065] DBG Running cmd: [gsettings get org.gnome.system.proxy.http host]
2024-07-17 08:56:24.132635(+0100)[ 2049: 2065] DBG Output: ''
2024-07-17 08:56:24.132676(+0100)[ 2049: 2065] DBG Running cmd: [gsettings get org.gnome.system.proxy.http port]
2024-07-17 08:56:24.135400(+0100)[ 2049: 2065] DBG Output: 8080
2024-07-17 08:56:24.135449(+0100)[ 2049: 2065] INF externalProxy :http://:8080
2024-07-17 08:56:24.135464(+0100)[ 2049: 2065] INF External Proxy: http://:8080
2024-07-17 08:56:24.135475(+0100)[ 2049: 2065] INF Auth::Lib::setAuthenticationLibraryProxy: Called: http://:8080
2024-07-17 08:56:24.135489(+0100)[ 2049: 2065] INF Skip sending user creds to tunnel: 3
2024-07-17 08:56:24.135500(+0100)[ 2049: 2065] ERR No posture profile to process
2024-07-17 08:56:24.136372(+0100)[ 2049: 2065] ERR TrayMain Exception: www.google.com
2024-07-17 08:56:24.140553(+0100)[ 2049: 2049] DBG initializeSystemTrayIcon: isSystemTrayAvailable: 0
2024-07-17 08:56:24.142452(+0100)[ 2049: 2049] INF Seed domain not configured, proceeding with auth form
2024-07-17 08:56:25.142672(+0100)[ 2049: 2049] INF toggleAllButtonsinTrayForm called with disable as 0
2024-07-17 08:56:25.237747(+0100)[ 2049: 2049] DBG Opening UserName Form
2024-07-17 08:56:28.256862(+0100)[ 2049: 2049] INF UI UserNameForm Window Close Button Clicked.
ICE default IO error handler doing an exit(), pid = 2049, errno = 32
QThread: Destroyed while thread is still running
