Redirected stderr
2024-06-18 09:12:33.719430(+0100)[ 2130: 2130] INF Timezone: BST, Offset: 0, Standard Name: GMT
2024-06-18 09:12:33.719615(+0100)[ 2130: 2130] INF CLI key value unable to understand , skipping wait = false
2024-06-18 09:12:33.719629(+0100)[ 2130: 2130] INF CLI key value unable to understand , skipping externalRedirect = false
2024-06-18 09:12:34.002910(+0100)[ 2130: 2130] DBG directory : /home/hsu/.Zscaler/DB 
2024-06-18 09:12:34.003397(+0100)[ 2130: 2130] DBG notificationDB : /home/hsu/.Zscaler/DB/ZscalerApp.db
2024-06-18 09:12:34.056312(+0100)[ 2130: 2130] INF ZSATrayRpcServer startServer called!
2024-06-18 09:12:34.056395(+0100)[ 2130: 2144] INF ZSATrayRpcServer run function called!
2024-06-18 09:12:34.056430(+0100)[ 2130: 2130] INF startTrayLogMonitor called!
2024-06-18 09:12:34.056504(+0100)[ 2130: 2145] INF [LogMon] Log tag
2024-06-18 09:12:34.056531(+0100)[ 2130: 2145] INF [LogMon] Logger monitor started
2024-06-18 09:12:34.071690(+0100)[ 2130: 2130] INF createSAMLauthenticationDialog called! 
2024-06-18 09:12:34.072320(+0100)[ 2130: 2146] INF system UUID : 582aaccc1e9b11b2a85ccedde3b9dd2d
2024-06-18 09:12:34.072352(+0100)[ 2130: 2146] INF Baseboard Serial Number : L1HF162028V
2024-06-18 09:12:34.072362(+0100)[ 2130: 2146] INF disk ID : 33cf49ab8997479f9fc153f31a9347a0
2024-06-18 09:12:34.072369(+0100)[ 2130: 2146] INF legacy disk ID : 93872DAC766A4AD0BE24B9111652EB00
2024-06-18 09:12:34.072380(+0100)[ 2130: 2146] DBG Running cmd: [grep PRETTY_NAME  /etc/os-release |awk -F= '{print $2}']
2024-06-18 09:12:34.073516(+0100)[ 2130: 2146] DBG Output: "Ubuntu 20.04.6 LTS"
2024-06-18 09:12:34.073698(+0100)[ 2130: 2146] INF Config read hash: 02XsYKswG9xK+WUGXYFQCuzNR80=
2024-06-18 09:12:34.073949(+0100)[ 2130: 2146] DBG decryptConfig: using old password
2024-06-18 09:12:34.077652(+0100)[ 2130: 2146] INF Auth::Crypto::decrypt: Exception: I/O error: error:06065064:digital envelope routines:EVP_DecryptFinal_ex:bad decrypt
2024-06-18 09:12:34.077674(+0100)[ 2130: 2146] INF ZSAAuth::useNewDecryptPasswd = true
2024-06-18 09:12:34.079908(+0100)[ 2130: 2130] INF Tray WorkerThread Started...!
2024-06-18 09:12:34.081116(+0100)[ 2130: 2150] DBG Tray proxy monitor thread started the monitor command (PID 2151)
2024-06-18 09:12:34.085891(+0100)[ 2130: 2146] INF addHardwareIdToClientConfiguration: ZSAAuth::clientConfiguration.hardwareId is NOT empty
2024-06-18 09:12:34.086155(+0100)[ 2130: 2146] INF ZSDR: Converting Disaster Recovery Policy
2024-06-18 09:12:34.087645(+0100)[ 2130: 2146] DBG directory : /home/hsu/.Zscaler 
2024-06-18 09:12:34.087661(+0100)[ 2130: 2146] DBG Create Config File : /home/hsu/.Zscaler/c78OEbQIY+O6hOk5bxZlQDMpJc=+config.dat
2024-06-18 09:12:34.087755(+0100)[ 2130: 2146] INF Config save hash: Ee+zpTNe++N0w1Ya9XWk+exK+Pk=
2024-06-18 09:12:34.087766(+0100)[ 2130: 2146] INF Initializing auth library. FIPS: 0
2024-06-18 09:12:34.087778(+0100)[ 2130: 2146] INF Getting CA certificates in file: /etc/ssl/certs/ca-certificates.crt
2024-06-18 09:12:34.088052(+0100)[ 2130: 2146] INF System Certs read from disc : 137
2024-06-18 09:12:34.088063(+0100)[ 2130: 2146] INF System certificate count: 137
2024-06-18 09:12:34.088069(+0100)[ 2130: 2146] INF Auth::Lib::initializeAuthenticationLibrary: Called: 137
2024-06-18 09:12:34.088086(+0100)[ 2130: 2146] INF Auth::Lib:loadSSLCerts: Called: 146
2024-06-18 09:12:34.094926(+0100)[ 2130: 2146] INF Auth::Lib::loadSSLCerts: Number of CA certs loaded: 142
2024-06-18 09:12:34.094951(+0100)[ 2130: 2146] INF Auth::Lib::initializeAuthenticationLibrary: Finish
2024-06-18 09:12:34.095192(+0100)[ 2130: 2146] DBG Running cmd: [gsettings get org.gnome.system.proxy mode]
2024-06-18 09:12:34.098032(+0100)[ 2130: 2146] DBG Output: 'manual'
2024-06-18 09:12:34.098065(+0100)[ 2130: 2146] DBG Running cmd: [gsettings get org.gnome.system.proxy.http host]
2024-06-18 09:12:34.100703(+0100)[ 2130: 2146] DBG Output: ''
2024-06-18 09:12:34.100749(+0100)[ 2130: 2146] DBG Running cmd: [gsettings get org.gnome.system.proxy.http port]
2024-06-18 09:12:34.103436(+0100)[ 2130: 2146] DBG Output: 8080
2024-06-18 09:12:34.103486(+0100)[ 2130: 2146] INF externalProxy :http://:8080
2024-06-18 09:12:34.103501(+0100)[ 2130: 2146] INF External Proxy: http://:8080
2024-06-18 09:12:34.103511(+0100)[ 2130: 2146] INF Auth::Lib::setAuthenticationLibraryProxy: Called: http://:8080
2024-06-18 09:12:34.103523(+0100)[ 2130: 2146] INF Skip sending user creds to tunnel: 3
2024-06-18 09:12:34.103533(+0100)[ 2130: 2146] ERR No posture profile to process
2024-06-18 09:12:34.124959(+0100)[ 2130: 2130] DBG initializeSystemTrayIcon: isSystemTrayAvailable: 0
2024-06-18 09:12:34.128463(+0100)[ 2130: 2130] INF Seed domain not configured, proceeding with auth form
2024-06-18 09:12:34.128864(+0100)[ 2130: 2146] INF No strict enforcement
2024-06-18 09:12:34.128899(+0100)[ 2130: 2146] INF startAuthentication called
2024-06-18 09:12:35.129112(+0100)[ 2130: 2130] INF toggleAllButtonsinTrayForm called with disable as 0
2024-06-18 09:12:35.240671(+0100)[ 2130: 2130] DBG Opening UserName Form
2024-06-18 09:12:38.774577(+0100)[ 2130: 2130] INF UI UserNameForm Window Close Button Clicked.
ICE default IO error handler doing an exit(), pid = 2130, errno = 32
QThread: Destroyed while thread is still running
