Redirected stderr
2024-06-20 10:44:52.823108(+0100)[ 2021: 2021] INF Timezone: BST, Offset: 0, Standard Name: GMT
2024-06-20 10:44:52.823288(+0100)[ 2021: 2021] INF CLI key value unable to understand , skipping wait = false
2024-06-20 10:44:52.823302(+0100)[ 2021: 2021] INF CLI key value unable to understand , skipping externalRedirect = false
2024-06-20 10:44:53.054608(+0100)[ 2021: 2021] DBG directory : /home/hsu/.Zscaler/DB 
2024-06-20 10:44:53.055010(+0100)[ 2021: 2021] DBG notificationDB : /home/hsu/.Zscaler/DB/ZscalerApp.db
2024-06-20 10:44:53.109926(+0100)[ 2021: 2021] INF ZSATrayRpcServer startServer called!
2024-06-20 10:44:53.110015(+0100)[ 2021: 2036] INF ZSATrayRpcServer run function called!
2024-06-20 10:44:53.110052(+0100)[ 2021: 2021] INF startTrayLogMonitor called!
2024-06-20 10:44:53.110118(+0100)[ 2021: 2037] INF [LogMon] Log tag
2024-06-20 10:44:53.110140(+0100)[ 2021: 2037] INF [LogMon] Logger monitor started
2024-06-20 10:44:53.125389(+0100)[ 2021: 2021] INF createSAMLauthenticationDialog called! 
2024-06-20 10:44:53.126142(+0100)[ 2021: 2038] INF system UUID : 582aaccc1e9b11b2a85ccedde3b9dd2d
2024-06-20 10:44:53.126167(+0100)[ 2021: 2038] INF Baseboard Serial Number : L1HF162028V
2024-06-20 10:44:53.126178(+0100)[ 2021: 2038] INF disk ID : 33cf49ab8997479f9fc153f31a9347a0
2024-06-20 10:44:53.126192(+0100)[ 2021: 2038] INF legacy disk ID : 93872DAC766A4AD0BE24B9111652EB00
2024-06-20 10:44:53.126204(+0100)[ 2021: 2038] DBG Running cmd: [grep PRETTY_NAME  /etc/os-release |awk -F= '{print $2}']
2024-06-20 10:44:53.126876(+0100)[ 2021: 2021] INF Tray WorkerThread Started...!
2024-06-20 10:44:53.128232(+0100)[ 2021: 2038] DBG Output: "Ubuntu 20.04.6 LTS"
2024-06-20 10:44:53.128219(+0100)[ 2021: 2042] DBG Tray proxy monitor thread started the monitor command (PID 2043)
2024-06-20 10:44:53.128467(+0100)[ 2021: 2038] INF Config read hash: rieHrjniE4UgxmRt2oGoDP3eRmY=
2024-06-20 10:44:53.128734(+0100)[ 2021: 2038] DBG decryptConfig: using old password
2024-06-20 10:44:53.132908(+0100)[ 2021: 2038] INF Auth::Crypto::decrypt: Exception: I/O error: error:06065064:digital envelope routines:EVP_DecryptFinal_ex:bad decrypt
2024-06-20 10:44:53.132957(+0100)[ 2021: 2038] INF ZSAAuth::useNewDecryptPasswd = true
2024-06-20 10:44:53.136477(+0100)[ 2021: 2038] INF addHardwareIdToClientConfiguration: ZSAAuth::clientConfiguration.hardwareId is NOT empty
2024-06-20 10:44:53.136718(+0100)[ 2021: 2038] INF ZSDR: Converting Disaster Recovery Policy
2024-06-20 10:44:53.138204(+0100)[ 2021: 2038] DBG directory : /home/hsu/.Zscaler 
2024-06-20 10:44:53.138221(+0100)[ 2021: 2038] DBG Create Config File : /home/hsu/.Zscaler/c78OEbQIY+O6hOk5bxZlQDMpJc=+config.dat
2024-06-20 10:44:53.138312(+0100)[ 2021: 2038] INF Config save hash: 7Y8rKwspAN+hBdzLWhOahKNq1wQ=
2024-06-20 10:44:53.138323(+0100)[ 2021: 2038] INF Initializing auth library. FIPS: 0
2024-06-20 10:44:53.138334(+0100)[ 2021: 2038] INF Getting CA certificates in file: /etc/ssl/certs/ca-certificates.crt
2024-06-20 10:44:53.138610(+0100)[ 2021: 2038] INF System Certs read from disc : 137
2024-06-20 10:44:53.138621(+0100)[ 2021: 2038] INF System certificate count: 137
2024-06-20 10:44:53.138628(+0100)[ 2021: 2038] INF Auth::Lib::initializeAuthenticationLibrary: Called: 137
2024-06-20 10:44:53.138646(+0100)[ 2021: 2038] INF Auth::Lib:loadSSLCerts: Called: 146
2024-06-20 10:44:53.146405(+0100)[ 2021: 2038] INF Auth::Lib::loadSSLCerts: Number of CA certs loaded: 142
2024-06-20 10:44:53.146429(+0100)[ 2021: 2038] INF Auth::Lib::initializeAuthenticationLibrary: Finish
2024-06-20 10:44:53.146644(+0100)[ 2021: 2038] DBG Running cmd: [gsettings get org.gnome.system.proxy mode]
2024-06-20 10:44:53.149540(+0100)[ 2021: 2038] DBG Output: 'manual'
2024-06-20 10:44:53.149577(+0100)[ 2021: 2038] DBG Running cmd: [gsettings get org.gnome.system.proxy.http host]
2024-06-20 10:44:53.152049(+0100)[ 2021: 2038] DBG Output: ''
2024-06-20 10:44:53.152084(+0100)[ 2021: 2038] DBG Running cmd: [gsettings get org.gnome.system.proxy.http port]
2024-06-20 10:44:53.154466(+0100)[ 2021: 2038] DBG Output: 8080
2024-06-20 10:44:53.154510(+0100)[ 2021: 2038] INF externalProxy :http://:8080
2024-06-20 10:44:53.154523(+0100)[ 2021: 2038] INF External Proxy: http://:8080
2024-06-20 10:44:53.154534(+0100)[ 2021: 2038] INF Auth::Lib::setAuthenticationLibraryProxy: Called: http://:8080
2024-06-20 10:44:53.154547(+0100)[ 2021: 2038] INF Skip sending user creds to tunnel: 3
2024-06-20 10:44:53.154559(+0100)[ 2021: 2038] ERR No posture profile to process
2024-06-20 10:44:53.166214(+0100)[ 2021: 2021] DBG initializeSystemTrayIcon: isSystemTrayAvailable: 0
2024-06-20 10:44:53.168391(+0100)[ 2021: 2021] INF Seed domain not configured, proceeding with auth form
2024-06-20 10:44:53.168429(+0100)[ 2021: 2038] INF No strict enforcement
2024-06-20 10:44:53.168449(+0100)[ 2021: 2038] INF startAuthentication called
2024-06-20 10:44:54.168576(+0100)[ 2021: 2021] INF toggleAllButtonsinTrayForm called with disable as 0
2024-06-20 10:44:54.273279(+0100)[ 2021: 2021] DBG Opening UserName Form
2024-06-20 10:45:01.338761(+0100)[ 2021: 2021] INF UI UserNameForm Window Close Button Clicked.
ICE default IO error handler doing an exit(), pid = 2021, errno = 32
QThread: Destroyed while thread is still running
