Redirected stderr
2024-07-01 09:37:23.794596(+0100)[ 2129: 2129] INF Timezone: BST, Offset: 0, Standard Name: GMT
2024-07-01 09:37:23.794771(+0100)[ 2129: 2129] INF CLI key value unable to understand , skipping wait = false
2024-07-01 09:37:23.794785(+0100)[ 2129: 2129] INF CLI key value unable to understand , skipping externalRedirect = false
2024-07-01 09:37:23.982693(+0100)[ 2129: 2129] DBG directory : /home/hsu/.Zscaler/DB 
2024-07-01 09:37:23.983011(+0100)[ 2129: 2129] DBG notificationDB : /home/hsu/.Zscaler/DB/ZscalerApp.db
2024-07-01 09:37:24.034986(+0100)[ 2129: 2129] INF ZSATrayRpcServer startServer called!
2024-07-01 09:37:24.035097(+0100)[ 2129: 2129] INF startTrayLogMonitor called!
2024-07-01 09:37:24.035098(+0100)[ 2129: 2142] INF ZSATrayRpcServer run function called!
2024-07-01 09:37:24.035208(+0100)[ 2129: 2143] INF [LogMon] Log tag
2024-07-01 09:37:24.035226(+0100)[ 2129: 2143] INF [LogMon] Logger monitor started
2024-07-01 09:37:24.048658(+0100)[ 2129: 2129] INF createSAMLauthenticationDialog called! 
2024-07-01 09:37:24.049241(+0100)[ 2129: 2144] INF system UUID : 582aaccc1e9b11b2a85ccedde3b9dd2d
2024-07-01 09:37:24.049269(+0100)[ 2129: 2144] INF Baseboard Serial Number : L1HF162028V
2024-07-01 09:37:24.049283(+0100)[ 2129: 2144] INF disk ID : 33cf49ab8997479f9fc153f31a9347a0
2024-07-01 09:37:24.049293(+0100)[ 2129: 2144] INF legacy disk ID : 93872DAC766A4AD0BE24B9111652EB00
2024-07-01 09:37:24.049309(+0100)[ 2129: 2144] DBG Running cmd: [grep PRETTY_NAME  /etc/os-release |awk -F= '{print $2}']
2024-07-01 09:37:24.049861(+0100)[ 2129: 2129] INF Tray WorkerThread Started...!
2024-07-01 09:37:24.051083(+0100)[ 2129: 2148] DBG Tray proxy monitor thread started the monitor command (PID 2149)
2024-07-01 09:37:24.051128(+0100)[ 2129: 2144] DBG Output: "Ubuntu 20.04.6 LTS"
2024-07-01 09:37:24.051320(+0100)[ 2129: 2144] INF Config read hash: lPPBxd69Td8QWhD76MLyLGJNbkM=
2024-07-01 09:37:24.051590(+0100)[ 2129: 2144] DBG decryptConfig: using old password
2024-07-01 09:37:24.055452(+0100)[ 2129: 2144] INF Auth::Crypto::decrypt: Exception: I/O error: error:06065064:digital envelope routines:EVP_DecryptFinal_ex:bad decrypt
2024-07-01 09:37:24.055492(+0100)[ 2129: 2144] INF ZSAAuth::useNewDecryptPasswd = true
2024-07-01 09:37:24.060230(+0100)[ 2129: 2144] INF addHardwareIdToClientConfiguration: ZSAAuth::clientConfiguration.hardwareId is NOT empty
2024-07-01 09:37:24.060483(+0100)[ 2129: 2144] INF ZSDR: Converting Disaster Recovery Policy
2024-07-01 09:37:24.061949(+0100)[ 2129: 2144] DBG directory : /home/hsu/.Zscaler 
2024-07-01 09:37:24.061967(+0100)[ 2129: 2144] DBG Create Config File : /home/hsu/.Zscaler/c78OEbQIY+O6hOk5bxZlQDMpJc=+config.dat
2024-07-01 09:37:24.062055(+0100)[ 2129: 2144] INF Config save hash: j6/UQoGdY+nH0eR0B0os+Si22yQ=
2024-07-01 09:37:24.062066(+0100)[ 2129: 2144] INF Initializing auth library. FIPS: 0
2024-07-01 09:37:24.062080(+0100)[ 2129: 2144] INF Getting CA certificates in file: /etc/ssl/certs/ca-certificates.crt
2024-07-01 09:37:24.062363(+0100)[ 2129: 2144] INF System Certs read from disc : 137
2024-07-01 09:37:24.062374(+0100)[ 2129: 2144] INF System certificate count: 137
2024-07-01 09:37:24.062381(+0100)[ 2129: 2144] INF Auth::Lib::initializeAuthenticationLibrary: Called: 137
2024-07-01 09:37:24.062399(+0100)[ 2129: 2144] INF Auth::Lib:loadSSLCerts: Called: 146
2024-07-01 09:37:24.069203(+0100)[ 2129: 2144] INF Auth::Lib::loadSSLCerts: Number of CA certs loaded: 142
2024-07-01 09:37:24.069227(+0100)[ 2129: 2144] INF Auth::Lib::initializeAuthenticationLibrary: Finish
2024-07-01 09:37:24.069443(+0100)[ 2129: 2144] DBG Running cmd: [gsettings get org.gnome.system.proxy mode]
2024-07-01 09:37:24.072473(+0100)[ 2129: 2144] DBG Output: 'manual'
2024-07-01 09:37:24.072509(+0100)[ 2129: 2144] DBG Running cmd: [gsettings get org.gnome.system.proxy.http host]
2024-07-01 09:37:24.075117(+0100)[ 2129: 2144] DBG Output: ''
2024-07-01 09:37:24.075149(+0100)[ 2129: 2144] DBG Running cmd: [gsettings get org.gnome.system.proxy.http port]
2024-07-01 09:37:24.077805(+0100)[ 2129: 2144] DBG Output: 8080
2024-07-01 09:37:24.077843(+0100)[ 2129: 2144] INF externalProxy :http://:8080
2024-07-01 09:37:24.077851(+0100)[ 2129: 2144] INF External Proxy: http://:8080
2024-07-01 09:37:24.077858(+0100)[ 2129: 2144] INF Auth::Lib::setAuthenticationLibraryProxy: Called: http://:8080
2024-07-01 09:37:24.077866(+0100)[ 2129: 2144] INF Skip sending user creds to tunnel: 3
2024-07-01 09:37:24.077873(+0100)[ 2129: 2144] ERR No posture profile to process
2024-07-01 09:37:24.092318(+0100)[ 2129: 2129] DBG initializeSystemTrayIcon: isSystemTrayAvailable: 0
2024-07-01 09:37:24.094232(+0100)[ 2129: 2129] INF Seed domain not configured, proceeding with auth form
2024-07-01 09:37:24.094288(+0100)[ 2129: 2144] INF No strict enforcement
2024-07-01 09:37:24.094314(+0100)[ 2129: 2144] INF startAuthentication called
2024-07-01 09:37:25.094503(+0100)[ 2129: 2129] INF toggleAllButtonsinTrayForm called with disable as 0
2024-07-01 09:37:25.195529(+0100)[ 2129: 2129] DBG Opening UserName Form
2024-07-01 09:37:35.244499(+0100)[ 2129: 2129] INF UI UserNameForm Window Close Button Clicked.
ICE default IO error handler doing an exit(), pid = 2129, errno = 32
QThread: Destroyed while thread is still running
