Redirected stderr
2024-06-05 11:13:20.889037(+0100)[14854:14854] INF Timezone: BST, Offset: 0, Standard Name: GMT
2024-06-05 11:13:20.889072(+0100)[14854:14854] INF reading file :/tmp/.pid/1000-zstray
2024-06-05 11:13:20.889099(+0100)[14854:14854] INF pid found (11868) for proc  (/tmp/.pid/1000-zstray)
2024-06-05 11:13:20.889116(+0100)[14854:14854] INF File type : [40000] 
2024-06-05 11:13:20.889155(+0100)[14854:14854] INF getProcessFromPid: /opt/zscaler/bin/ZSTray
2024-06-05 11:13:20.889164(+0100)[14854:14854] INF processMatchesBin: 1
2024-06-05 11:13:20.889170(+0100)[14854:14854] ERR ZSTray received token from browser
2024-06-05 11:13:20.889292(+0100)[14854:14854] INF Config read hash: 7GJuJMgQM+KBzrodmDTl7otSqao=
2024-06-05 11:13:20.889487(+0100)[14854:14854] DBG decryptConfig: using old password
2024-06-05 11:13:20.891086(+0100)[14854:14854] INF Auth::Crypto::decrypt: Exception: I/O error: error:06065064:digital envelope routines:EVP_DecryptFinal_ex:bad decrypt
2024-06-05 11:13:20.891180(+0100)[14854:14854] INF ZSAAuth::useNewDecryptPasswd = true
2024-06-05 11:13:20.891189(+0100)[14854:14854] DBG decryptConfig: diskID is empty
2024-06-05 11:13:20.891226(+0100)[14854:14854] INF system UUID : 582aaccc1e9b11b2a85ccedde3b9dd2d
2024-06-05 11:13:20.891235(+0100)[14854:14854] INF Baseboard Serial Number : L1HF162028V
2024-06-05 11:13:20.891242(+0100)[14854:14854] INF disk ID : 33cf49ab8997479f9fc153f31a9347a0
2024-06-05 11:13:20.891249(+0100)[14854:14854] INF legacy disk ID : 93872DAC766A4AD0BE24B9111652EB00
2024-06-05 11:13:20.895622(+0100)[14854:14854] INF ZSDR: Converting Disaster Recovery Policy
2024-06-05 11:13:20.897422(+0100)[14854:14854] DBG directory : /home/hsu/.Zscaler 
2024-06-05 11:13:20.897440(+0100)[14854:14854] DBG Create Config File : /home/hsu/.Zscaler/c78OEbQIY+O6hOk5bxZlQDMpJc=+config.dat
2024-06-05 11:13:20.897613(+0100)[14854:14854] INF Config save hash: NuH0PPLqm+EPaTLsK6dZFj/COhM=
Redirected stdout
