Redirected stderr
2024-07-09 09:51:50.262755(+0100)[ 2170: 2170] INF Timezone: BST, Offset: 0, Standard Name: GMT
2024-07-09 09:51:50.262959(+0100)[ 2170: 2170] INF CLI key value unable to understand , skipping wait = false
2024-07-09 09:51:50.262975(+0100)[ 2170: 2170] INF CLI key value unable to understand , skipping externalRedirect = false
2024-07-09 09:51:50.688174(+0100)[ 2170: 2170] DBG directory : /home/hsu/.Zscaler/DB 
2024-07-09 09:51:50.688313(+0100)[ 2170: 2170] DBG notificationDB : /home/hsu/.Zscaler/DB/ZscalerApp.db
2024-07-09 09:51:50.756711(+0100)[ 2170: 2170] INF ZSATrayRpcServer startServer called!
2024-07-09 09:51:50.756802(+0100)[ 2170: 2186] INF ZSATrayRpcServer run function called!
2024-07-09 09:51:50.756842(+0100)[ 2170: 2170] INF startTrayLogMonitor called!
2024-07-09 09:51:50.756906(+0100)[ 2170: 2187] INF [LogMon] Log tag
2024-07-09 09:51:50.756930(+0100)[ 2170: 2187] INF [LogMon] Logger monitor started
2024-07-09 09:51:50.773410(+0100)[ 2170: 2170] INF createSAMLauthenticationDialog called! 
2024-07-09 09:51:50.774069(+0100)[ 2170: 2188] INF system UUID : 582aaccc1e9b11b2a85ccedde3b9dd2d
2024-07-09 09:51:50.774101(+0100)[ 2170: 2188] INF Baseboard Serial Number : L1HF162028V
2024-07-09 09:51:50.774111(+0100)[ 2170: 2188] INF disk ID : 33cf49ab8997479f9fc153f31a9347a0
2024-07-09 09:51:50.774118(+0100)[ 2170: 2188] INF legacy disk ID : 93872DAC766A4AD0BE24B9111652EB00
2024-07-09 09:51:50.774131(+0100)[ 2170: 2188] DBG Running cmd: [grep PRETTY_NAME  /etc/os-release |awk -F= '{print $2}']
2024-07-09 09:51:50.774806(+0100)[ 2170: 2170] INF Tray WorkerThread Started...!
2024-07-09 09:51:50.776811(+0100)[ 2170: 2192] DBG Tray proxy monitor thread started the monitor command (PID 2193)
2024-07-09 09:51:50.776823(+0100)[ 2170: 2188] DBG Output: "Ubuntu 20.04.6 LTS"
2024-07-09 09:51:50.777126(+0100)[ 2170: 2188] INF Config read hash: H9qHo4qIMCOT9yOiO6wjo303vL0=
2024-07-09 09:51:50.777424(+0100)[ 2170: 2188] DBG decryptConfig: using old password
2024-07-09 09:51:50.782434(+0100)[ 2170: 2188] INF Auth::Crypto::decrypt: Exception: I/O error: error:06065064:digital envelope routines:EVP_DecryptFinal_ex:bad decrypt
2024-07-09 09:51:50.782489(+0100)[ 2170: 2188] INF ZSAAuth::useNewDecryptPasswd = true
2024-07-09 09:51:50.787309(+0100)[ 2170: 2188] INF addHardwareIdToClientConfiguration: ZSAAuth::clientConfiguration.hardwareId is NOT empty
2024-07-09 09:51:50.787570(+0100)[ 2170: 2188] INF ZSDR: Converting Disaster Recovery Policy
2024-07-09 09:51:50.789158(+0100)[ 2170: 2188] DBG directory : /home/hsu/.Zscaler 
2024-07-09 09:51:50.789182(+0100)[ 2170: 2188] DBG Create Config File : /home/hsu/.Zscaler/c78OEbQIY+O6hOk5bxZlQDMpJc=+config.dat
2024-07-09 09:51:50.789293(+0100)[ 2170: 2188] INF Config save hash: e9QlmK6si6DMideRdGqj+IbukDU=
2024-07-09 09:51:50.789313(+0100)[ 2170: 2188] INF Initializing auth library. FIPS: 0
2024-07-09 09:51:50.789324(+0100)[ 2170: 2188] INF Getting CA certificates in file: /etc/ssl/certs/ca-certificates.crt
2024-07-09 09:51:50.789622(+0100)[ 2170: 2188] INF System Certs read from disc : 137
2024-07-09 09:51:50.789634(+0100)[ 2170: 2188] INF System certificate count: 137
2024-07-09 09:51:50.789641(+0100)[ 2170: 2188] INF Auth::Lib::initializeAuthenticationLibrary: Called: 137
2024-07-09 09:51:50.789661(+0100)[ 2170: 2188] INF Auth::Lib:loadSSLCerts: Called: 146
2024-07-09 09:51:50.798577(+0100)[ 2170: 2188] INF Auth::Lib::loadSSLCerts: Number of CA certs loaded: 142
2024-07-09 09:51:50.798613(+0100)[ 2170: 2188] INF Auth::Lib::initializeAuthenticationLibrary: Finish
2024-07-09 09:51:50.798836(+0100)[ 2170: 2188] DBG Running cmd: [gsettings get org.gnome.system.proxy mode]
2024-07-09 09:51:50.801856(+0100)[ 2170: 2188] DBG Output: 'manual'
2024-07-09 09:51:50.801899(+0100)[ 2170: 2188] DBG Running cmd: [gsettings get org.gnome.system.proxy.http host]
2024-07-09 09:51:50.804844(+0100)[ 2170: 2188] DBG Output: ''
2024-07-09 09:51:50.804891(+0100)[ 2170: 2188] DBG Running cmd: [gsettings get org.gnome.system.proxy.http port]
2024-07-09 09:51:50.807539(+0100)[ 2170: 2188] DBG Output: 8080
2024-07-09 09:51:50.807584(+0100)[ 2170: 2188] INF externalProxy :http://:8080
2024-07-09 09:51:50.807592(+0100)[ 2170: 2188] INF External Proxy: http://:8080
2024-07-09 09:51:50.807599(+0100)[ 2170: 2188] INF Auth::Lib::setAuthenticationLibraryProxy: Called: http://:8080
2024-07-09 09:51:50.807607(+0100)[ 2170: 2188] INF Skip sending user creds to tunnel: 3
2024-07-09 09:51:50.807614(+0100)[ 2170: 2188] ERR No posture profile to process
2024-07-09 09:51:50.836609(+0100)[ 2170: 2170] DBG initializeSystemTrayIcon: isSystemTrayAvailable: 0
2024-07-09 09:51:50.838696(+0100)[ 2170: 2170] INF Seed domain not configured, proceeding with auth form
2024-07-09 09:51:50.838777(+0100)[ 2170: 2188] INF No strict enforcement
2024-07-09 09:51:50.838803(+0100)[ 2170: 2188] INF startAuthentication called
2024-07-09 09:51:51.838977(+0100)[ 2170: 2170] INF toggleAllButtonsinTrayForm called with disable as 0
2024-07-09 09:51:51.936496(+0100)[ 2170: 2170] DBG Opening UserName Form
2024-07-09 09:51:55.268413(+0100)[ 2170: 2170] INF UI UserNameForm Window Close Button Clicked.
ICE default IO error handler doing an exit(), pid = 2170, errno = 32
2024-07-09 21:58:40.497141(+0100)[ 2170: 2192] INF reading file :/tmp/.pid/zstunnel
2024-07-09 21:58:40.503355(+0100)[ 2170: 2192] INF pid found (847) for proc  (/tmp/.pid/zstunnel)
2024-07-09 21:58:40.507751(+0100)[ 2170: 2192] ERR  No such file or directory error in isFilePresent for /proc/847 
2024-07-09 21:58:40.507886(+0100)[ 2170: 2192] ERR Unable to send RPC Call, Tunnel is Not Running
2024-07-09 21:58:40.507907(+0100)[ 2170: 2192] INF Tray proxy monitor thread notifyProxyTunnel failure
2024-07-09 21:58:40.507926(+0100)[ 2170: 2192] ERR Tray proxy monitor thread detected proxy monitoring termination
2024-07-09 21:58:40.508087(+0100)[ 2170: 2192] INF Tray proxy monitor thread exited
Redirected stdout
