Redirected stderr
2024-06-26 09:02:00.709551(+0100)[ 1935: 1935] INF Timezone: BST, Offset: 0, Standard Name: GMT
2024-06-26 09:02:00.709735(+0100)[ 1935: 1935] INF CLI key value unable to understand , skipping wait = false
2024-06-26 09:02:00.709749(+0100)[ 1935: 1935] INF CLI key value unable to understand , skipping externalRedirect = false
2024-06-26 09:02:00.928514(+0100)[ 1935: 1935] DBG directory : /home/hsu/.Zscaler/DB 
2024-06-26 09:02:00.928912(+0100)[ 1935: 1935] DBG notificationDB : /home/hsu/.Zscaler/DB/ZscalerApp.db
2024-06-26 09:02:00.987685(+0100)[ 1935: 1935] INF ZSATrayRpcServer startServer called!
2024-06-26 09:02:00.987780(+0100)[ 1935: 1948] INF ZSATrayRpcServer run function called!
2024-06-26 09:02:00.987809(+0100)[ 1935: 1935] INF startTrayLogMonitor called!
2024-06-26 09:02:00.987871(+0100)[ 1935: 1949] INF [LogMon] Log tag
2024-06-26 09:02:00.987892(+0100)[ 1935: 1949] INF [LogMon] Logger monitor started
2024-06-26 09:02:01.002589(+0100)[ 1935: 1935] INF createSAMLauthenticationDialog called! 
2024-06-26 09:02:01.003193(+0100)[ 1935: 1950] INF system UUID : 582aaccc1e9b11b2a85ccedde3b9dd2d
2024-06-26 09:02:01.003220(+0100)[ 1935: 1950] INF Baseboard Serial Number : L1HF162028V
2024-06-26 09:02:01.003228(+0100)[ 1935: 1950] INF disk ID : 33cf49ab8997479f9fc153f31a9347a0
2024-06-26 09:02:01.003235(+0100)[ 1935: 1950] INF legacy disk ID : 93872DAC766A4AD0BE24B9111652EB00
2024-06-26 09:02:01.003247(+0100)[ 1935: 1950] DBG Running cmd: [grep PRETTY_NAME  /etc/os-release |awk -F= '{print $2}']
2024-06-26 09:02:01.004224(+0100)[ 1935: 1935] INF Tray WorkerThread Started...!
2024-06-26 09:02:01.005688(+0100)[ 1935: 1954] DBG Tray proxy monitor thread started the monitor command (PID 1955)
2024-06-26 09:02:01.005708(+0100)[ 1935: 1950] DBG Output: "Ubuntu 20.04.6 LTS"
2024-06-26 09:02:01.006022(+0100)[ 1935: 1950] INF Config read hash: BNrIaQup5M4FDqNu0gIUm5eeKOw=
2024-06-26 09:02:01.006315(+0100)[ 1935: 1950] DBG decryptConfig: using old password
2024-06-26 09:02:01.011549(+0100)[ 1935: 1950] INF Auth::Crypto::decrypt: Exception: I/O error: error:06065064:digital envelope routines:EVP_DecryptFinal_ex:bad decrypt
2024-06-26 09:02:01.011597(+0100)[ 1935: 1950] INF ZSAAuth::useNewDecryptPasswd = true
2024-06-26 09:02:01.015332(+0100)[ 1935: 1950] INF addHardwareIdToClientConfiguration: ZSAAuth::clientConfiguration.hardwareId is NOT empty
2024-06-26 09:02:01.015564(+0100)[ 1935: 1950] INF ZSDR: Converting Disaster Recovery Policy
2024-06-26 09:02:01.017257(+0100)[ 1935: 1950] DBG directory : /home/hsu/.Zscaler 
2024-06-26 09:02:01.017276(+0100)[ 1935: 1950] DBG Create Config File : /home/hsu/.Zscaler/c78OEbQIY+O6hOk5bxZlQDMpJc=+config.dat
2024-06-26 09:02:01.017369(+0100)[ 1935: 1950] INF Config save hash: PHSS7kaKsPsFnZI60/193331rUU=
2024-06-26 09:02:01.017386(+0100)[ 1935: 1950] INF Initializing auth library. FIPS: 0
2024-06-26 09:02:01.017394(+0100)[ 1935: 1950] INF Getting CA certificates in file: /etc/ssl/certs/ca-certificates.crt
2024-06-26 09:02:01.017673(+0100)[ 1935: 1950] INF System Certs read from disc : 137
2024-06-26 09:02:01.017683(+0100)[ 1935: 1950] INF System certificate count: 137
2024-06-26 09:02:01.017690(+0100)[ 1935: 1950] INF Auth::Lib::initializeAuthenticationLibrary: Called: 137
2024-06-26 09:02:01.017708(+0100)[ 1935: 1950] INF Auth::Lib:loadSSLCerts: Called: 146
2024-06-26 09:02:01.025202(+0100)[ 1935: 1950] INF Auth::Lib::loadSSLCerts: Number of CA certs loaded: 142
2024-06-26 09:02:01.025228(+0100)[ 1935: 1950] INF Auth::Lib::initializeAuthenticationLibrary: Finish
2024-06-26 09:02:01.025400(+0100)[ 1935: 1950] DBG Running cmd: [gsettings get org.gnome.system.proxy mode]
2024-06-26 09:02:01.028314(+0100)[ 1935: 1950] DBG Output: 'manual'
2024-06-26 09:02:01.028351(+0100)[ 1935: 1950] DBG Running cmd: [gsettings get org.gnome.system.proxy.http host]
2024-06-26 09:02:01.030758(+0100)[ 1935: 1950] DBG Output: ''
2024-06-26 09:02:01.030794(+0100)[ 1935: 1950] DBG Running cmd: [gsettings get org.gnome.system.proxy.http port]
2024-06-26 09:02:01.033155(+0100)[ 1935: 1950] DBG Output: 8080
2024-06-26 09:02:01.033200(+0100)[ 1935: 1950] INF externalProxy :http://:8080
2024-06-26 09:02:01.033212(+0100)[ 1935: 1950] INF External Proxy: http://:8080
2024-06-26 09:02:01.033221(+0100)[ 1935: 1950] INF Auth::Lib::setAuthenticationLibraryProxy: Called: http://:8080
2024-06-26 09:02:01.033230(+0100)[ 1935: 1950] INF Skip sending user creds to tunnel: 3
2024-06-26 09:02:01.033237(+0100)[ 1935: 1950] ERR No posture profile to process
2024-06-26 09:02:01.034204(+0100)[ 1935: 1950] ERR TrayMain Exception: www.google.com
2024-06-26 09:02:01.037741(+0100)[ 1935: 1935] DBG initializeSystemTrayIcon: isSystemTrayAvailable: 0
2024-06-26 09:02:01.039494(+0100)[ 1935: 1935] INF Seed domain not configured, proceeding with auth form
2024-06-26 09:02:02.039673(+0100)[ 1935: 1935] INF toggleAllButtonsinTrayForm called with disable as 0
2024-06-26 09:02:02.134125(+0100)[ 1935: 1935] DBG Opening UserName Form
2024-06-26 09:02:21.408966(+0100)[ 1935: 1935] INF UI UserNameForm Window Close Button Clicked.
ICE default IO error handler doing an exit(), pid = 1935, errno = 32
QThread: Destroyed while thread is still running
