Redirected stderr
2024-07-10 20:30:51.714291(+0100)[ 2129: 2129] INF Timezone: BST, Offset: 0, Standard Name: GMT
2024-07-10 20:30:51.714469(+0100)[ 2129: 2129] INF CLI key value unable to understand , skipping wait = false
2024-07-10 20:30:51.714484(+0100)[ 2129: 2129] INF CLI key value unable to understand , skipping externalRedirect = false
2024-07-10 20:30:52.003547(+0100)[ 2129: 2129] DBG directory : /home/hsu/.Zscaler/DB 
2024-07-10 20:30:52.003677(+0100)[ 2129: 2129] DBG notificationDB : /home/hsu/.Zscaler/DB/ZscalerApp.db
2024-07-10 20:30:52.059006(+0100)[ 2129: 2129] INF ZSATrayRpcServer startServer called!
2024-07-10 20:30:52.059092(+0100)[ 2129: 2142] INF ZSATrayRpcServer run function called!
2024-07-10 20:30:52.059131(+0100)[ 2129: 2129] INF startTrayLogMonitor called!
2024-07-10 20:30:52.059207(+0100)[ 2129: 2143] INF [LogMon] Log tag
2024-07-10 20:30:52.059228(+0100)[ 2129: 2143] INF [LogMon] Logger monitor started
2024-07-10 20:30:52.073596(+0100)[ 2129: 2129] INF createSAMLauthenticationDialog called! 
2024-07-10 20:30:52.074249(+0100)[ 2129: 2144] INF system UUID : 582aaccc1e9b11b2a85ccedde3b9dd2d
2024-07-10 20:30:52.074278(+0100)[ 2129: 2144] INF Baseboard Serial Number : L1HF162028V
2024-07-10 20:30:52.074292(+0100)[ 2129: 2144] INF disk ID : 33cf49ab8997479f9fc153f31a9347a0
2024-07-10 20:30:52.074305(+0100)[ 2129: 2144] INF legacy disk ID : 93872DAC766A4AD0BE24B9111652EB00
2024-07-10 20:30:52.074319(+0100)[ 2129: 2144] DBG Running cmd: [grep PRETTY_NAME  /etc/os-release |awk -F= '{print $2}']
2024-07-10 20:30:52.075410(+0100)[ 2129: 2144] DBG Output: "Ubuntu 20.04.6 LTS"
2024-07-10 20:30:52.075591(+0100)[ 2129: 2144] INF Config read hash: 4JH+HRksL6IpRHxrudEgMNtMn4I=
2024-07-10 20:30:52.075821(+0100)[ 2129: 2144] DBG decryptConfig: using old password
2024-07-10 20:30:52.076940(+0100)[ 2129: 2129] INF Tray WorkerThread Started...!
2024-07-10 20:30:52.078104(+0100)[ 2129: 2148] DBG Tray proxy monitor thread started the monitor command (PID 2149)
2024-07-10 20:30:52.081403(+0100)[ 2129: 2144] INF Auth::Crypto::decrypt: Exception: I/O error: error:06065064:digital envelope routines:EVP_DecryptFinal_ex:bad decrypt
2024-07-10 20:30:52.081447(+0100)[ 2129: 2144] INF ZSAAuth::useNewDecryptPasswd = true
2024-07-10 20:30:52.086488(+0100)[ 2129: 2144] INF addHardwareIdToClientConfiguration: ZSAAuth::clientConfiguration.hardwareId is NOT empty
2024-07-10 20:30:52.086725(+0100)[ 2129: 2144] INF ZSDR: Converting Disaster Recovery Policy
2024-07-10 20:30:52.088205(+0100)[ 2129: 2144] DBG directory : /home/hsu/.Zscaler 
2024-07-10 20:30:52.088222(+0100)[ 2129: 2144] DBG Create Config File : /home/hsu/.Zscaler/c78OEbQIY+O6hOk5bxZlQDMpJc=+config.dat
2024-07-10 20:30:52.088311(+0100)[ 2129: 2144] INF Config save hash: hOBgjPnqTc/Z3UwVW+JzbB4SORc=
2024-07-10 20:30:52.088323(+0100)[ 2129: 2144] INF Initializing auth library. FIPS: 0
2024-07-10 20:30:52.088334(+0100)[ 2129: 2144] INF Getting CA certificates in file: /etc/ssl/certs/ca-certificates.crt
2024-07-10 20:30:52.088603(+0100)[ 2129: 2144] INF System Certs read from disc : 137
2024-07-10 20:30:52.088613(+0100)[ 2129: 2144] INF System certificate count: 137
2024-07-10 20:30:52.088620(+0100)[ 2129: 2144] INF Auth::Lib::initializeAuthenticationLibrary: Called: 137
2024-07-10 20:30:52.088638(+0100)[ 2129: 2144] INF Auth::Lib:loadSSLCerts: Called: 146
2024-07-10 20:30:52.095404(+0100)[ 2129: 2144] INF Auth::Lib::loadSSLCerts: Number of CA certs loaded: 142
2024-07-10 20:30:52.095425(+0100)[ 2129: 2144] INF Auth::Lib::initializeAuthenticationLibrary: Finish
2024-07-10 20:30:52.095636(+0100)[ 2129: 2144] DBG Running cmd: [gsettings get org.gnome.system.proxy mode]
2024-07-10 20:30:52.098801(+0100)[ 2129: 2144] DBG Output: 'manual'
2024-07-10 20:30:52.098837(+0100)[ 2129: 2144] DBG Running cmd: [gsettings get org.gnome.system.proxy.http host]
2024-07-10 20:30:52.101417(+0100)[ 2129: 2144] DBG Output: ''
2024-07-10 20:30:52.101463(+0100)[ 2129: 2144] DBG Running cmd: [gsettings get org.gnome.system.proxy.http port]
2024-07-10 20:30:52.104239(+0100)[ 2129: 2144] DBG Output: 8080
2024-07-10 20:30:52.104288(+0100)[ 2129: 2144] INF externalProxy :http://:8080
2024-07-10 20:30:52.104303(+0100)[ 2129: 2144] INF External Proxy: http://:8080
2024-07-10 20:30:52.104314(+0100)[ 2129: 2144] INF Auth::Lib::setAuthenticationLibraryProxy: Called: http://:8080
2024-07-10 20:30:52.104326(+0100)[ 2129: 2144] INF Skip sending user creds to tunnel: 3
2024-07-10 20:30:52.104337(+0100)[ 2129: 2144] ERR No posture profile to process
2024-07-10 20:30:52.121723(+0100)[ 2129: 2129] DBG initializeSystemTrayIcon: isSystemTrayAvailable: 0
2024-07-10 20:30:52.123994(+0100)[ 2129: 2129] INF Seed domain not configured, proceeding with auth form
2024-07-10 20:30:52.124093(+0100)[ 2129: 2144] INF No strict enforcement
2024-07-10 20:30:52.124114(+0100)[ 2129: 2144] INF startAuthentication called
2024-07-10 20:30:53.124500(+0100)[ 2129: 2129] INF toggleAllButtonsinTrayForm called with disable as 0
2024-07-10 20:30:53.241256(+0100)[ 2129: 2129] DBG Opening UserName Form
2024-07-10 20:30:55.078602(+0100)[ 2129: 2129] INF UI UserNameForm Window Close Button Clicked.
ICE default IO error handler doing an exit(), pid = 2129, errno = 32
QThread: Destroyed while thread is still running
