Redirected stderr
2024-07-25 09:23:14.713141(+0100)[ 2127: 2127] INF Timezone: BST, Offset: 0, Standard Name: GMT
2024-07-25 09:23:14.713322(+0100)[ 2127: 2127] INF CLI key value unable to understand , skipping wait = false
2024-07-25 09:23:14.713336(+0100)[ 2127: 2127] INF CLI key value unable to understand , skipping externalRedirect = false
2024-07-25 09:23:14.915264(+0100)[ 2127: 2127] DBG directory : /home/hsu/.Zscaler/DB 
2024-07-25 09:23:14.915632(+0100)[ 2127: 2127] DBG notificationDB : /home/hsu/.Zscaler/DB/ZscalerApp.db
2024-07-25 09:23:14.966094(+0100)[ 2127: 2127] INF ZSATrayRpcServer startServer called!
2024-07-25 09:23:14.966179(+0100)[ 2127: 2140] INF ZSATrayRpcServer run function called!
2024-07-25 09:23:14.966214(+0100)[ 2127: 2127] INF startTrayLogMonitor called!
2024-07-25 09:23:14.966280(+0100)[ 2127: 2141] INF [LogMon] Log tag
2024-07-25 09:23:14.966302(+0100)[ 2127: 2141] INF [LogMon] Logger monitor started
2024-07-25 09:23:14.980401(+0100)[ 2127: 2127] INF createSAMLauthenticationDialog called! 
2024-07-25 09:23:14.981043(+0100)[ 2127: 2142] INF system UUID : 582aaccc1e9b11b2a85ccedde3b9dd2d
2024-07-25 09:23:14.981072(+0100)[ 2127: 2142] INF Baseboard Serial Number : L1HF162028V
2024-07-25 09:23:14.981081(+0100)[ 2127: 2142] INF disk ID : 33cf49ab8997479f9fc153f31a9347a0
2024-07-25 09:23:14.981088(+0100)[ 2127: 2142] INF legacy disk ID : 93872DAC766A4AD0BE24B9111652EB00
2024-07-25 09:23:14.981099(+0100)[ 2127: 2142] DBG Running cmd: [grep PRETTY_NAME  /etc/os-release |awk -F= '{print $2}']
2024-07-25 09:23:14.981677(+0100)[ 2127: 2127] INF Tray WorkerThread Started...!
2024-07-25 09:23:14.983039(+0100)[ 2127: 2146] DBG Tray proxy monitor thread started the monitor command (PID 2147)
2024-07-25 09:23:14.983071(+0100)[ 2127: 2142] DBG Output: "Ubuntu 20.04.6 LTS"
2024-07-25 09:23:14.984712(+0100)[ 2127: 2142] INF Config read hash: 0kojdidnhbxOgWrXMGrPn6ebu/w=
2024-07-25 09:23:14.985029(+0100)[ 2127: 2142] DBG decryptConfig: using old password
2024-07-25 09:23:14.989657(+0100)[ 2127: 2142] INF Auth::Crypto::decrypt: Exception: I/O error: error:06065064:digital envelope routines:EVP_DecryptFinal_ex:bad decrypt
2024-07-25 09:23:14.989691(+0100)[ 2127: 2142] INF ZSAAuth::useNewDecryptPasswd = true
2024-07-25 09:23:14.994627(+0100)[ 2127: 2142] INF addHardwareIdToClientConfiguration: ZSAAuth::clientConfiguration.hardwareId is NOT empty
2024-07-25 09:23:14.995077(+0100)[ 2127: 2142] INF ZSDR: Converting Disaster Recovery Policy
2024-07-25 09:23:14.996577(+0100)[ 2127: 2142] DBG directory : /home/hsu/.Zscaler 
2024-07-25 09:23:14.996596(+0100)[ 2127: 2142] DBG Create Config File : /home/hsu/.Zscaler/c78OEbQIY+O6hOk5bxZlQDMpJc=+config.dat
2024-07-25 09:23:14.996687(+0100)[ 2127: 2142] INF Config save hash: EQh8avL3FRejSoP+4I9lOyrSXKk=
2024-07-25 09:23:14.996699(+0100)[ 2127: 2142] INF Initializing auth library. FIPS: 0
2024-07-25 09:23:14.996712(+0100)[ 2127: 2142] INF Getting CA certificates in file: /etc/ssl/certs/ca-certificates.crt
2024-07-25 09:23:14.996987(+0100)[ 2127: 2142] INF System Certs read from disc : 137
2024-07-25 09:23:14.996997(+0100)[ 2127: 2142] INF System certificate count: 137
2024-07-25 09:23:14.997003(+0100)[ 2127: 2142] INF Auth::Lib::initializeAuthenticationLibrary: Called: 137
2024-07-25 09:23:14.997021(+0100)[ 2127: 2142] INF Auth::Lib:loadSSLCerts: Called: 146
2024-07-25 09:23:15.004402(+0100)[ 2127: 2142] INF Auth::Lib::loadSSLCerts: Number of CA certs loaded: 142
2024-07-25 09:23:15.004436(+0100)[ 2127: 2142] INF Auth::Lib::initializeAuthenticationLibrary: Finish
2024-07-25 09:23:15.004716(+0100)[ 2127: 2142] DBG Running cmd: [gsettings get org.gnome.system.proxy mode]
2024-07-25 09:23:15.007785(+0100)[ 2127: 2142] DBG Output: 'manual'
2024-07-25 09:23:15.007823(+0100)[ 2127: 2142] DBG Running cmd: [gsettings get org.gnome.system.proxy.http host]
2024-07-25 09:23:15.010277(+0100)[ 2127: 2142] DBG Output: ''
2024-07-25 09:23:15.010306(+0100)[ 2127: 2142] DBG Running cmd: [gsettings get org.gnome.system.proxy.http port]
2024-07-25 09:23:15.012705(+0100)[ 2127: 2142] DBG Output: 8080
2024-07-25 09:23:15.012743(+0100)[ 2127: 2142] INF externalProxy :http://:8080
2024-07-25 09:23:15.012752(+0100)[ 2127: 2142] INF External Proxy: http://:8080
2024-07-25 09:23:15.012759(+0100)[ 2127: 2142] INF Auth::Lib::setAuthenticationLibraryProxy: Called: http://:8080
2024-07-25 09:23:15.012767(+0100)[ 2127: 2142] INF Skip sending user creds to tunnel: 3
2024-07-25 09:23:15.012774(+0100)[ 2127: 2142] ERR No posture profile to process
2024-07-25 09:23:15.027107(+0100)[ 2127: 2127] DBG initializeSystemTrayIcon: isSystemTrayAvailable: 0
2024-07-25 09:23:15.028753(+0100)[ 2127: 2127] INF Seed domain not configured, proceeding with auth form
2024-07-25 09:23:15.028793(+0100)[ 2127: 2142] INF No strict enforcement
2024-07-25 09:23:15.028816(+0100)[ 2127: 2142] INF startAuthentication called
2024-07-25 09:23:16.028950(+0100)[ 2127: 2127] INF toggleAllButtonsinTrayForm called with disable as 0
2024-07-25 09:23:16.144995(+0100)[ 2127: 2127] DBG Opening UserName Form
2024-07-25 09:23:20.686226(+0100)[ 2127: 2127] INF UI UserNameForm Window Close Button Clicked.
ICE default IO error handler doing an exit(), pid = 2127, errno = 32
QThread: Destroyed while thread is still running
