Redirected stderr
2024-07-11 10:26:05.793418(+0100)[ 2072: 2072] INF Timezone: BST, Offset: 0, Standard Name: GMT
2024-07-11 10:26:05.793636(+0100)[ 2072: 2072] INF CLI key value unable to understand , skipping wait = false
2024-07-11 10:26:05.793656(+0100)[ 2072: 2072] INF CLI key value unable to understand , skipping externalRedirect = false
2024-07-11 10:26:05.991388(+0100)[ 2072: 2072] DBG directory : /home/hsu/.Zscaler/DB 
2024-07-11 10:26:05.991506(+0100)[ 2072: 2072] DBG notificationDB : /home/hsu/.Zscaler/DB/ZscalerApp.db
2024-07-11 10:26:06.047414(+0100)[ 2072: 2072] INF ZSATrayRpcServer startServer called!
2024-07-11 10:26:06.047543(+0100)[ 2072: 2085] INF ZSATrayRpcServer run function called!
2024-07-11 10:26:06.047561(+0100)[ 2072: 2072] INF startTrayLogMonitor called!
2024-07-11 10:26:06.047693(+0100)[ 2072: 2086] INF [LogMon] Log tag
2024-07-11 10:26:06.047717(+0100)[ 2072: 2086] INF [LogMon] Logger monitor started
2024-07-11 10:26:06.061470(+0100)[ 2072: 2072] INF createSAMLauthenticationDialog called! 
2024-07-11 10:26:06.062136(+0100)[ 2072: 2087] INF system UUID : 582aaccc1e9b11b2a85ccedde3b9dd2d
2024-07-11 10:26:06.062168(+0100)[ 2072: 2087] INF Baseboard Serial Number : L1HF162028V
2024-07-11 10:26:06.062182(+0100)[ 2072: 2087] INF disk ID : 33cf49ab8997479f9fc153f31a9347a0
2024-07-11 10:26:06.062195(+0100)[ 2072: 2087] INF legacy disk ID : 93872DAC766A4AD0BE24B9111652EB00
2024-07-11 10:26:06.062212(+0100)[ 2072: 2087] DBG Running cmd: [grep PRETTY_NAME  /etc/os-release |awk -F= '{print $2}']
2024-07-11 10:26:06.062734(+0100)[ 2072: 2072] INF Tray WorkerThread Started...!
2024-07-11 10:26:06.064039(+0100)[ 2072: 2091] DBG Tray proxy monitor thread started the monitor command (PID 2092)
2024-07-11 10:26:06.064057(+0100)[ 2072: 2087] DBG Output: "Ubuntu 20.04.6 LTS"
2024-07-11 10:26:06.064356(+0100)[ 2072: 2087] INF Config read hash: hOBgjPnqTc/Z3UwVW+JzbB4SORc=
2024-07-11 10:26:06.064740(+0100)[ 2072: 2087] DBG decryptConfig: using old password
2024-07-11 10:26:06.069634(+0100)[ 2072: 2087] INF Auth::Crypto::decrypt: Exception: I/O error: error:06065064:digital envelope routines:EVP_DecryptFinal_ex:bad decrypt
2024-07-11 10:26:06.069672(+0100)[ 2072: 2087] INF ZSAAuth::useNewDecryptPasswd = true
2024-07-11 10:26:06.073066(+0100)[ 2072: 2087] INF addHardwareIdToClientConfiguration: ZSAAuth::clientConfiguration.hardwareId is NOT empty
2024-07-11 10:26:06.073267(+0100)[ 2072: 2087] INF ZSDR: Converting Disaster Recovery Policy
2024-07-11 10:26:06.074734(+0100)[ 2072: 2087] DBG directory : /home/hsu/.Zscaler 
2024-07-11 10:26:06.074752(+0100)[ 2072: 2087] DBG Create Config File : /home/hsu/.Zscaler/c78OEbQIY+O6hOk5bxZlQDMpJc=+config.dat
2024-07-11 10:26:06.074850(+0100)[ 2072: 2087] INF Config save hash: F6TP0v5kdrCPWUEgThLBAZmFGBw=
2024-07-11 10:26:06.074862(+0100)[ 2072: 2087] INF Initializing auth library. FIPS: 0
2024-07-11 10:26:06.074875(+0100)[ 2072: 2087] INF Getting CA certificates in file: /etc/ssl/certs/ca-certificates.crt
2024-07-11 10:26:06.075153(+0100)[ 2072: 2087] INF System Certs read from disc : 137
2024-07-11 10:26:06.075165(+0100)[ 2072: 2087] INF System certificate count: 137
2024-07-11 10:26:06.075173(+0100)[ 2072: 2087] INF Auth::Lib::initializeAuthenticationLibrary: Called: 137
2024-07-11 10:26:06.075192(+0100)[ 2072: 2087] INF Auth::Lib:loadSSLCerts: Called: 146
2024-07-11 10:26:06.082432(+0100)[ 2072: 2087] INF Auth::Lib::loadSSLCerts: Number of CA certs loaded: 142
2024-07-11 10:26:06.082462(+0100)[ 2072: 2087] INF Auth::Lib::initializeAuthenticationLibrary: Finish
2024-07-11 10:26:06.082674(+0100)[ 2072: 2087] DBG Running cmd: [gsettings get org.gnome.system.proxy mode]
2024-07-11 10:26:06.085703(+0100)[ 2072: 2087] DBG Output: 'manual'
2024-07-11 10:26:06.085739(+0100)[ 2072: 2087] DBG Running cmd: [gsettings get org.gnome.system.proxy.http host]
2024-07-11 10:26:06.088302(+0100)[ 2072: 2087] DBG Output: ''
2024-07-11 10:26:06.088332(+0100)[ 2072: 2087] DBG Running cmd: [gsettings get org.gnome.system.proxy.http port]
2024-07-11 10:26:06.090837(+0100)[ 2072: 2087] DBG Output: 8080
2024-07-11 10:26:06.090875(+0100)[ 2072: 2087] INF externalProxy :http://:8080
2024-07-11 10:26:06.090883(+0100)[ 2072: 2087] INF External Proxy: http://:8080
2024-07-11 10:26:06.090890(+0100)[ 2072: 2087] INF Auth::Lib::setAuthenticationLibraryProxy: Called: http://:8080
2024-07-11 10:26:06.090898(+0100)[ 2072: 2087] INF Skip sending user creds to tunnel: 3
2024-07-11 10:26:06.090905(+0100)[ 2072: 2087] ERR No posture profile to process
2024-07-11 10:26:06.114834(+0100)[ 2072: 2072] DBG initializeSystemTrayIcon: isSystemTrayAvailable: 0
2024-07-11 10:26:06.116465(+0100)[ 2072: 2072] INF Seed domain not configured, proceeding with auth form
2024-07-11 10:26:06.116503(+0100)[ 2072: 2087] INF No strict enforcement
2024-07-11 10:26:06.116529(+0100)[ 2072: 2087] INF startAuthentication called
2024-07-11 10:26:07.116716(+0100)[ 2072: 2072] INF toggleAllButtonsinTrayForm called with disable as 0
2024-07-11 10:26:07.223793(+0100)[ 2072: 2072] DBG Opening UserName Form
2024-07-11 10:26:08.559991(+0100)[ 2072: 2072] INF UI UserNameForm Window Close Button Clicked.
ICE default IO error handler doing an exit(), pid = 2072, errno = 32
2024-07-11 17:05:38.151897(+0100)[ 2072: 2091] INF reading file :/tmp/.pid/zstunnel
2024-07-11 17:05:38.157917(+0100)[ 2072: 2091] INF pid found (773) for proc  (/tmp/.pid/zstunnel)
2024-07-11 17:05:38.158362(+0100)[ 2072: 2091] ERR  No such file or directory error in isFilePresent for /proc/773 
2024-07-11 17:05:38.158455(+0100)[ 2072: 2091] ERR Unable to send RPC Call, Tunnel is Not Running
2024-07-11 17:05:38.158471(+0100)[ 2072: 2091] INF Tray proxy monitor thread notifyProxyTunnel failure
2024-07-11 17:05:38.158490(+0100)[ 2072: 2091] ERR Tray proxy monitor thread detected proxy monitoring termination
2024-07-11 17:05:38.158650(+0100)[ 2072: 2091] INF Tray proxy monitor thread exited
Redirected stdout
