Redirected stderr
2024-08-01 14:18:35.690987(+0100)[ 2136: 2136] INF Timezone: BST, Offset: 0, Standard Name: GMT
2024-08-01 14:18:35.691168(+0100)[ 2136: 2136] INF CLI key value unable to understand , skipping wait = false
2024-08-01 14:18:35.691181(+0100)[ 2136: 2136] INF CLI key value unable to understand , skipping externalRedirect = false
2024-08-01 14:18:35.863405(+0100)[ 2136: 2136] DBG directory : /home/hsu/.Zscaler/DB 
2024-08-01 14:18:35.863735(+0100)[ 2136: 2136] DBG notificationDB : /home/hsu/.Zscaler/DB/ZscalerApp.db
2024-08-01 14:18:35.912685(+0100)[ 2136: 2136] INF ZSATrayRpcServer startServer called!
2024-08-01 14:18:35.912813(+0100)[ 2136: 2136] INF startTrayLogMonitor called!
2024-08-01 14:18:35.912823(+0100)[ 2136: 2149] INF ZSATrayRpcServer run function called!
2024-08-01 14:18:35.912920(+0100)[ 2136: 2150] INF [LogMon] Log tag
2024-08-01 14:18:35.912941(+0100)[ 2136: 2150] INF [LogMon] Logger monitor started
2024-08-01 14:18:35.926407(+0100)[ 2136: 2136] INF createSAMLauthenticationDialog called! 
2024-08-01 14:18:35.927160(+0100)[ 2136: 2151] INF system UUID : 582aaccc1e9b11b2a85ccedde3b9dd2d
2024-08-01 14:18:35.927192(+0100)[ 2136: 2151] INF Baseboard Serial Number : L1HF162028V
2024-08-01 14:18:35.927208(+0100)[ 2136: 2151] INF disk ID : 33cf49ab8997479f9fc153f31a9347a0
2024-08-01 14:18:35.927219(+0100)[ 2136: 2151] INF legacy disk ID : 93872DAC766A4AD0BE24B9111652EB00
2024-08-01 14:18:35.927232(+0100)[ 2136: 2151] DBG Running cmd: [grep PRETTY_NAME  /etc/os-release |awk -F= '{print $2}']
2024-08-01 14:18:35.927765(+0100)[ 2136: 2136] INF Tray WorkerThread Started...!
2024-08-01 14:18:35.929214(+0100)[ 2136: 2155] DBG Tray proxy monitor thread started the monitor command (PID 2156)
2024-08-01 14:18:35.929409(+0100)[ 2136: 2151] DBG Output: "Ubuntu 20.04.6 LTS"
2024-08-01 14:18:35.929996(+0100)[ 2136: 2151] INF Config read hash: LurSUXXsPhaJ+tGMPsYi7Qj3Ejw=
2024-08-01 14:18:35.930245(+0100)[ 2136: 2151] DBG decryptConfig: using old password
2024-08-01 14:18:35.934320(+0100)[ 2136: 2151] INF Auth::Crypto::decrypt: Exception: I/O error: error:06065064:digital envelope routines:EVP_DecryptFinal_ex:bad decrypt
2024-08-01 14:18:35.934357(+0100)[ 2136: 2151] INF ZSAAuth::useNewDecryptPasswd = true
2024-08-01 14:18:35.939521(+0100)[ 2136: 2151] INF addHardwareIdToClientConfiguration: ZSAAuth::clientConfiguration.hardwareId is NOT empty
2024-08-01 14:18:35.939731(+0100)[ 2136: 2151] INF ZSDR: Converting Disaster Recovery Policy
2024-08-01 14:18:35.941178(+0100)[ 2136: 2151] DBG directory : /home/hsu/.Zscaler 
2024-08-01 14:18:35.941194(+0100)[ 2136: 2151] DBG Create Config File : /home/hsu/.Zscaler/c78OEbQIY+O6hOk5bxZlQDMpJc=+config.dat
2024-08-01 14:18:35.941298(+0100)[ 2136: 2151] INF Config save hash: wNhmK1Qe1uJXODuGc2nv7bFu3fo=
2024-08-01 14:18:35.941311(+0100)[ 2136: 2151] INF Initializing auth library. FIPS: 0
2024-08-01 14:18:35.941323(+0100)[ 2136: 2151] INF Getting CA certificates in file: /etc/ssl/certs/ca-certificates.crt
2024-08-01 14:18:35.941613(+0100)[ 2136: 2151] INF System Certs read from disc : 137
2024-08-01 14:18:35.941624(+0100)[ 2136: 2151] INF System certificate count: 137
2024-08-01 14:18:35.941631(+0100)[ 2136: 2151] INF Auth::Lib::initializeAuthenticationLibrary: Called: 137
2024-08-01 14:18:35.941648(+0100)[ 2136: 2151] INF Auth::Lib:loadSSLCerts: Called: 146
2024-08-01 14:18:35.948762(+0100)[ 2136: 2151] INF Auth::Lib::loadSSLCerts: Number of CA certs loaded: 142
2024-08-01 14:18:35.948779(+0100)[ 2136: 2151] INF Auth::Lib::initializeAuthenticationLibrary: Finish
2024-08-01 14:18:35.948996(+0100)[ 2136: 2151] DBG Running cmd: [gsettings get org.gnome.system.proxy mode]
2024-08-01 14:18:35.952336(+0100)[ 2136: 2151] DBG Output: 'manual'
2024-08-01 14:18:35.952365(+0100)[ 2136: 2151] DBG Running cmd: [gsettings get org.gnome.system.proxy.http host]
2024-08-01 14:18:35.954833(+0100)[ 2136: 2151] DBG Output: ''
2024-08-01 14:18:35.954858(+0100)[ 2136: 2151] DBG Running cmd: [gsettings get org.gnome.system.proxy.http port]
2024-08-01 14:18:35.957266(+0100)[ 2136: 2151] DBG Output: 8080
2024-08-01 14:18:35.957298(+0100)[ 2136: 2151] INF externalProxy :http://:8080
2024-08-01 14:18:35.957307(+0100)[ 2136: 2151] INF External Proxy: http://:8080
2024-08-01 14:18:35.957313(+0100)[ 2136: 2151] INF Auth::Lib::setAuthenticationLibraryProxy: Called: http://:8080
2024-08-01 14:18:35.957321(+0100)[ 2136: 2151] INF Skip sending user creds to tunnel: 3
2024-08-01 14:18:35.957328(+0100)[ 2136: 2151] ERR No posture profile to process
2024-08-01 14:18:35.977802(+0100)[ 2136: 2136] DBG initializeSystemTrayIcon: isSystemTrayAvailable: 0
2024-08-01 14:18:35.979501(+0100)[ 2136: 2136] INF Seed domain not configured, proceeding with auth form
2024-08-01 14:18:35.979569(+0100)[ 2136: 2151] INF No strict enforcement
2024-08-01 14:18:35.979591(+0100)[ 2136: 2151] INF startAuthentication called
2024-08-01 14:18:36.995886(+0100)[ 2136: 2136] INF toggleAllButtonsinTrayForm called with disable as 0
2024-08-01 14:18:37.101635(+0100)[ 2136: 2136] DBG Opening UserName Form
2024-08-01 14:18:45.630320(+0100)[ 2136: 2136] INF UI UserNameForm Window Close Button Clicked.
ICE default IO error handler doing an exit(), pid = 2136, errno = 32
QThread: Destroyed while thread is still running
