Redirected stderr
2024-07-01 13:23:19.715523(+0100)[ 1913: 1913] INF Timezone: BST, Offset: 0, Standard Name: GMT
2024-07-01 13:23:19.715752(+0100)[ 1913: 1913] INF CLI key value unable to understand , skipping wait = false
2024-07-01 13:23:19.715766(+0100)[ 1913: 1913] INF CLI key value unable to understand , skipping externalRedirect = false
2024-07-01 13:23:19.917877(+0100)[ 1913: 1913] DBG directory : /home/hsu/.Zscaler/DB 
2024-07-01 13:23:19.918345(+0100)[ 1913: 1913] DBG notificationDB : /home/hsu/.Zscaler/DB/ZscalerApp.db
2024-07-01 13:23:19.972816(+0100)[ 1913: 1913] INF ZSATrayRpcServer startServer called!
2024-07-01 13:23:19.972933(+0100)[ 1913: 1913] INF startTrayLogMonitor called!
2024-07-01 13:23:19.972937(+0100)[ 1913: 1928] INF ZSATrayRpcServer run function called!
2024-07-01 13:23:19.973066(+0100)[ 1913: 1929] INF [LogMon] Log tag
2024-07-01 13:23:19.973089(+0100)[ 1913: 1929] INF [LogMon] Logger monitor started
2024-07-01 13:23:19.987510(+0100)[ 1913: 1913] INF createSAMLauthenticationDialog called! 
2024-07-01 13:23:19.988340(+0100)[ 1913: 1930] INF system UUID : 582aaccc1e9b11b2a85ccedde3b9dd2d
2024-07-01 13:23:19.988374(+0100)[ 1913: 1930] INF Baseboard Serial Number : L1HF162028V
2024-07-01 13:23:19.988388(+0100)[ 1913: 1930] INF disk ID : 33cf49ab8997479f9fc153f31a9347a0
2024-07-01 13:23:19.988402(+0100)[ 1913: 1930] INF legacy disk ID : 93872DAC766A4AD0BE24B9111652EB00
2024-07-01 13:23:19.988420(+0100)[ 1913: 1930] DBG Running cmd: [grep PRETTY_NAME  /etc/os-release |awk -F= '{print $2}']
2024-07-01 13:23:19.989023(+0100)[ 1913: 1913] INF Tray WorkerThread Started...!
2024-07-01 13:23:19.990266(+0100)[ 1913: 1934] DBG Tray proxy monitor thread started the monitor command (PID 1935)
2024-07-01 13:23:19.990305(+0100)[ 1913: 1930] DBG Output: "Ubuntu 20.04.6 LTS"
2024-07-01 13:23:19.990934(+0100)[ 1913: 1930] INF Config read hash: j6/UQoGdY+nH0eR0B0os+Si22yQ=
2024-07-01 13:23:19.991139(+0100)[ 1913: 1930] DBG decryptConfig: using old password
2024-07-01 13:23:19.996566(+0100)[ 1913: 1930] INF Auth::Crypto::decrypt: Exception: I/O error: error:06065064:digital envelope routines:EVP_DecryptFinal_ex:bad decrypt
2024-07-01 13:23:19.996602(+0100)[ 1913: 1930] INF ZSAAuth::useNewDecryptPasswd = true
2024-07-01 13:23:20.000115(+0100)[ 1913: 1930] INF addHardwareIdToClientConfiguration: ZSAAuth::clientConfiguration.hardwareId is NOT empty
2024-07-01 13:23:20.000394(+0100)[ 1913: 1930] INF ZSDR: Converting Disaster Recovery Policy
2024-07-01 13:23:20.001850(+0100)[ 1913: 1930] DBG directory : /home/hsu/.Zscaler 
2024-07-01 13:23:20.001867(+0100)[ 1913: 1930] DBG Create Config File : /home/hsu/.Zscaler/c78OEbQIY+O6hOk5bxZlQDMpJc=+config.dat
2024-07-01 13:23:20.001959(+0100)[ 1913: 1930] INF Config save hash: Lnkc1QlElNEiOKlocE0HzPCxe/4=
2024-07-01 13:23:20.001971(+0100)[ 1913: 1930] INF Initializing auth library. FIPS: 0
2024-07-01 13:23:20.001982(+0100)[ 1913: 1930] INF Getting CA certificates in file: /etc/ssl/certs/ca-certificates.crt
2024-07-01 13:23:20.002263(+0100)[ 1913: 1930] INF System Certs read from disc : 137
2024-07-01 13:23:20.002274(+0100)[ 1913: 1930] INF System certificate count: 137
2024-07-01 13:23:20.002281(+0100)[ 1913: 1930] INF Auth::Lib::initializeAuthenticationLibrary: Called: 137
2024-07-01 13:23:20.002299(+0100)[ 1913: 1930] INF Auth::Lib:loadSSLCerts: Called: 146
2024-07-01 13:23:20.009385(+0100)[ 1913: 1930] INF Auth::Lib::loadSSLCerts: Number of CA certs loaded: 142
2024-07-01 13:23:20.009404(+0100)[ 1913: 1930] INF Auth::Lib::initializeAuthenticationLibrary: Finish
2024-07-01 13:23:20.009564(+0100)[ 1913: 1930] DBG Running cmd: [gsettings get org.gnome.system.proxy mode]
2024-07-01 13:23:20.012734(+0100)[ 1913: 1930] DBG Output: 'manual'
2024-07-01 13:23:20.012763(+0100)[ 1913: 1930] DBG Running cmd: [gsettings get org.gnome.system.proxy.http host]
2024-07-01 13:23:20.015213(+0100)[ 1913: 1930] DBG Output: ''
2024-07-01 13:23:20.015238(+0100)[ 1913: 1930] DBG Running cmd: [gsettings get org.gnome.system.proxy.http port]
2024-07-01 13:23:20.017710(+0100)[ 1913: 1930] DBG Output: 8080
2024-07-01 13:23:20.017744(+0100)[ 1913: 1930] INF externalProxy :http://:8080
2024-07-01 13:23:20.017753(+0100)[ 1913: 1930] INF External Proxy: http://:8080
2024-07-01 13:23:20.017759(+0100)[ 1913: 1930] INF Auth::Lib::setAuthenticationLibraryProxy: Called: http://:8080
2024-07-01 13:23:20.017768(+0100)[ 1913: 1930] INF Skip sending user creds to tunnel: 3
2024-07-01 13:23:20.017775(+0100)[ 1913: 1930] ERR No posture profile to process
2024-07-01 13:23:20.018906(+0100)[ 1913: 1930] ERR TrayMain Exception: www.google.com
2024-07-01 13:23:20.022680(+0100)[ 1913: 1913] DBG initializeSystemTrayIcon: isSystemTrayAvailable: 0
2024-07-01 13:23:20.024297(+0100)[ 1913: 1913] INF Seed domain not configured, proceeding with auth form
2024-07-01 13:23:21.024565(+0100)[ 1913: 1913] INF toggleAllButtonsinTrayForm called with disable as 0
2024-07-01 13:23:21.118341(+0100)[ 1913: 1913] DBG Opening UserName Form
2024-07-01 13:23:24.091063(+0100)[ 1913: 1913] INF UI UserNameForm Window Close Button Clicked.
ICE default IO error handler doing an exit(), pid = 1913, errno = 32
QThread: Destroyed while thread is still running
