Redirected stderr
2024-07-03 08:58:28.685200(+0100)[ 1943: 1943] INF Timezone: BST, Offset: 0, Standard Name: GMT
2024-07-03 08:58:28.685574(+0100)[ 1943: 1943] INF CLI key value unable to understand , skipping wait = false
2024-07-03 08:58:28.685761(+0100)[ 1943: 1943] INF CLI key value unable to understand , skipping externalRedirect = false
2024-07-03 08:58:28.988872(+0100)[ 1943: 1943] DBG directory : /home/hsu/.Zscaler/DB 
2024-07-03 08:58:28.989217(+0100)[ 1943: 1943] DBG notificationDB : /home/hsu/.Zscaler/DB/ZscalerApp.db
2024-07-03 08:58:29.041930(+0100)[ 1943: 1943] INF ZSATrayRpcServer startServer called!
2024-07-03 08:58:29.042049(+0100)[ 1943: 1988] INF ZSATrayRpcServer run function called!
2024-07-03 08:58:29.042048(+0100)[ 1943: 1943] INF startTrayLogMonitor called!
2024-07-03 08:58:29.042211(+0100)[ 1943: 1989] INF [LogMon] Log tag
2024-07-03 08:58:29.042229(+0100)[ 1943: 1989] INF [LogMon] Logger monitor started
2024-07-03 08:58:29.056878(+0100)[ 1943: 1943] INF createSAMLauthenticationDialog called! 
2024-07-03 08:58:29.057556(+0100)[ 1943: 1990] INF system UUID : 582aaccc1e9b11b2a85ccedde3b9dd2d
2024-07-03 08:58:29.057587(+0100)[ 1943: 1990] INF Baseboard Serial Number : L1HF162028V
2024-07-03 08:58:29.057602(+0100)[ 1943: 1990] INF disk ID : 33cf49ab8997479f9fc153f31a9347a0
2024-07-03 08:58:29.057615(+0100)[ 1943: 1990] INF legacy disk ID : 93872DAC766A4AD0BE24B9111652EB00
2024-07-03 08:58:29.057633(+0100)[ 1943: 1990] DBG Running cmd: [grep PRETTY_NAME  /etc/os-release |awk -F= '{print $2}']
2024-07-03 08:58:29.058234(+0100)[ 1943: 1943] INF Tray WorkerThread Started...!
2024-07-03 08:58:29.059580(+0100)[ 1943: 1994] DBG Tray proxy monitor thread started the monitor command (PID 1995)
2024-07-03 08:58:29.059600(+0100)[ 1943: 1990] DBG Output: "Ubuntu 20.04.6 LTS"
2024-07-03 08:58:29.059849(+0100)[ 1943: 1990] INF Config read hash: Lnkc1QlElNEiOKlocE0HzPCxe/4=
2024-07-03 08:58:29.060103(+0100)[ 1943: 1990] DBG decryptConfig: using old password
2024-07-03 08:58:29.064153(+0100)[ 1943: 1990] INF Auth::Crypto::decrypt: Exception: I/O error: error:06065064:digital envelope routines:EVP_DecryptFinal_ex:bad decrypt
2024-07-03 08:58:29.064188(+0100)[ 1943: 1990] INF ZSAAuth::useNewDecryptPasswd = true
2024-07-03 08:58:29.067565(+0100)[ 1943: 1990] INF addHardwareIdToClientConfiguration: ZSAAuth::clientConfiguration.hardwareId is NOT empty
2024-07-03 08:58:29.067803(+0100)[ 1943: 1990] INF ZSDR: Converting Disaster Recovery Policy
2024-07-03 08:58:29.069325(+0100)[ 1943: 1990] DBG directory : /home/hsu/.Zscaler 
2024-07-03 08:58:29.069345(+0100)[ 1943: 1990] DBG Create Config File : /home/hsu/.Zscaler/c78OEbQIY+O6hOk5bxZlQDMpJc=+config.dat
2024-07-03 08:58:29.069442(+0100)[ 1943: 1990] INF Config save hash: RfqIed4VtZOJoz1o3M64V0MIjhE=
2024-07-03 08:58:29.069453(+0100)[ 1943: 1990] INF Initializing auth library. FIPS: 0
2024-07-03 08:58:29.069465(+0100)[ 1943: 1990] INF Getting CA certificates in file: /etc/ssl/certs/ca-certificates.crt
2024-07-03 08:58:29.069738(+0100)[ 1943: 1990] INF System Certs read from disc : 137
2024-07-03 08:58:29.069749(+0100)[ 1943: 1990] INF System certificate count: 137
2024-07-03 08:58:29.069755(+0100)[ 1943: 1990] INF Auth::Lib::initializeAuthenticationLibrary: Called: 137
2024-07-03 08:58:29.069773(+0100)[ 1943: 1990] INF Auth::Lib:loadSSLCerts: Called: 146
2024-07-03 08:58:29.076900(+0100)[ 1943: 1990] INF Auth::Lib::loadSSLCerts: Number of CA certs loaded: 142
2024-07-03 08:58:29.076925(+0100)[ 1943: 1990] INF Auth::Lib::initializeAuthenticationLibrary: Finish
2024-07-03 08:58:29.077147(+0100)[ 1943: 1990] DBG Running cmd: [gsettings get org.gnome.system.proxy mode]
2024-07-03 08:58:29.080174(+0100)[ 1943: 1990] DBG Output: 'manual'
2024-07-03 08:58:29.080209(+0100)[ 1943: 1990] DBG Running cmd: [gsettings get org.gnome.system.proxy.http host]
2024-07-03 08:58:29.082763(+0100)[ 1943: 1990] DBG Output: ''
2024-07-03 08:58:29.082794(+0100)[ 1943: 1990] DBG Running cmd: [gsettings get org.gnome.system.proxy.http port]
2024-07-03 08:58:29.085501(+0100)[ 1943: 1990] DBG Output: 8080
2024-07-03 08:58:29.085539(+0100)[ 1943: 1990] INF externalProxy :http://:8080
2024-07-03 08:58:29.085547(+0100)[ 1943: 1990] INF External Proxy: http://:8080
2024-07-03 08:58:29.085554(+0100)[ 1943: 1990] INF Auth::Lib::setAuthenticationLibraryProxy: Called: http://:8080
2024-07-03 08:58:29.085562(+0100)[ 1943: 1990] INF Skip sending user creds to tunnel: 3
2024-07-03 08:58:29.085570(+0100)[ 1943: 1990] ERR No posture profile to process
2024-07-03 08:58:29.094733(+0100)[ 1943: 1943] DBG initializeSystemTrayIcon: isSystemTrayAvailable: 0
2024-07-03 08:58:29.096364(+0100)[ 1943: 1943] INF Seed domain not configured, proceeding with auth form
2024-07-03 08:58:29.096438(+0100)[ 1943: 1990] INF No strict enforcement
2024-07-03 08:58:29.096459(+0100)[ 1943: 1990] INF startAuthentication called
2024-07-03 08:58:30.096670(+0100)[ 1943: 1943] INF toggleAllButtonsinTrayForm called with disable as 0
2024-07-03 08:58:30.208354(+0100)[ 1943: 1943] DBG Opening UserName Form
2024-07-03 08:58:36.238855(+0100)[ 1943: 1943] INF UI UserNameForm Window Close Button Clicked.
ICE default IO error handler doing an exit(), pid = 1943, errno = 32
QThread: Destroyed while thread is still running
