Redirected stderr
2024-07-22 10:28:49.033951(+0100)[ 2079: 2079] INF Timezone: BST, Offset: 0, Standard Name: GMT
2024-07-22 10:28:49.034854(+0100)[ 2079: 2079] INF CLI key value unable to understand , skipping wait = false
2024-07-22 10:28:49.034874(+0100)[ 2079: 2079] INF CLI key value unable to understand , skipping externalRedirect = false
2024-07-22 10:28:49.309792(+0100)[ 2079: 2079] DBG directory : /home/hsu/.Zscaler/DB 
2024-07-22 10:28:49.311815(+0100)[ 2079: 2079] DBG notificationDB : /home/hsu/.Zscaler/DB/ZscalerApp.db
2024-07-22 10:28:49.438902(+0100)[ 2079: 2079] INF ZSATrayRpcServer startServer called!
2024-07-22 10:28:49.439262(+0100)[ 2079: 2092] INF ZSATrayRpcServer run function called!
2024-07-22 10:28:49.439361(+0100)[ 2079: 2079] INF startTrayLogMonitor called!
2024-07-22 10:28:49.439650(+0100)[ 2079: 2093] INF [LogMon] Log tag
2024-07-22 10:28:49.439731(+0100)[ 2079: 2093] INF [LogMon] Logger monitor started
2024-07-22 10:28:49.470853(+0100)[ 2079: 2079] INF createSAMLauthenticationDialog called! 
2024-07-22 10:28:49.472359(+0100)[ 2079: 2079] INF Tray WorkerThread Started...!
2024-07-22 10:28:49.472407(+0100)[ 2079: 2094] INF system UUID : 582aaccc1e9b11b2a85ccedde3b9dd2d
2024-07-22 10:28:49.472433(+0100)[ 2079: 2094] INF Baseboard Serial Number : L1HF162028V
2024-07-22 10:28:49.472448(+0100)[ 2079: 2094] INF disk ID : 33cf49ab8997479f9fc153f31a9347a0
2024-07-22 10:28:49.472462(+0100)[ 2079: 2094] INF legacy disk ID : 93872DAC766A4AD0BE24B9111652EB00
2024-07-22 10:28:49.472481(+0100)[ 2079: 2094] DBG Running cmd: [grep PRETTY_NAME  /etc/os-release |awk -F= '{print $2}']
2024-07-22 10:28:49.473725(+0100)[ 2079: 2095] DBG Tray proxy monitor thread started the monitor command (PID 2096)
2024-07-22 10:28:49.474973(+0100)[ 2079: 2094] DBG Output: "Ubuntu 20.04.6 LTS"
2024-07-22 10:28:49.475954(+0100)[ 2079: 2094] INF Config read hash: R70qCqOHxh4joV/+Yvusae9a4ek=
2024-07-22 10:28:49.476298(+0100)[ 2079: 2094] DBG decryptConfig: using old password
2024-07-22 10:28:49.497010(+0100)[ 2079: 2094] INF Auth::Crypto::decrypt: Exception: I/O error: error:06065064:digital envelope routines:EVP_DecryptFinal_ex:bad decrypt
2024-07-22 10:28:49.497052(+0100)[ 2079: 2094] INF ZSAAuth::useNewDecryptPasswd = true
2024-07-22 10:28:49.501849(+0100)[ 2079: 2094] INF addHardwareIdToClientConfiguration: ZSAAuth::clientConfiguration.hardwareId is NOT empty
2024-07-22 10:28:49.502912(+0100)[ 2079: 2094] INF ZSDR: Converting Disaster Recovery Policy
2024-07-22 10:28:49.504525(+0100)[ 2079: 2094] DBG directory : /home/hsu/.Zscaler 
2024-07-22 10:28:49.504543(+0100)[ 2079: 2094] DBG Create Config File : /home/hsu/.Zscaler/c78OEbQIY+O6hOk5bxZlQDMpJc=+config.dat
2024-07-22 10:28:49.504632(+0100)[ 2079: 2094] INF Config save hash: DBDpMVLrr2Bpx3NkQqOjF8COVG0=
2024-07-22 10:28:49.504643(+0100)[ 2079: 2094] INF Initializing auth library. FIPS: 0
2024-07-22 10:28:49.504650(+0100)[ 2079: 2094] INF Getting CA certificates in file: /etc/ssl/certs/ca-certificates.crt
2024-07-22 10:28:49.505021(+0100)[ 2079: 2094] INF System Certs read from disc : 137
2024-07-22 10:28:49.505039(+0100)[ 2079: 2094] INF System certificate count: 137
2024-07-22 10:28:49.505051(+0100)[ 2079: 2094] INF Auth::Lib::initializeAuthenticationLibrary: Called: 137
2024-07-22 10:28:49.505079(+0100)[ 2079: 2094] INF Auth::Lib:loadSSLCerts: Called: 146
2024-07-22 10:28:49.515877(+0100)[ 2079: 2094] INF Auth::Lib::loadSSLCerts: Number of CA certs loaded: 142
2024-07-22 10:28:49.515912(+0100)[ 2079: 2094] INF Auth::Lib::initializeAuthenticationLibrary: Finish
2024-07-22 10:28:49.516210(+0100)[ 2079: 2094] DBG Running cmd: [gsettings get org.gnome.system.proxy mode]
2024-07-22 10:28:49.519946(+0100)[ 2079: 2094] DBG Output: 'manual'
2024-07-22 10:28:49.519980(+0100)[ 2079: 2094] DBG Running cmd: [gsettings get org.gnome.system.proxy.http host]
2024-07-22 10:28:49.522365(+0100)[ 2079: 2094] DBG Output: ''
2024-07-22 10:28:49.522394(+0100)[ 2079: 2094] DBG Running cmd: [gsettings get org.gnome.system.proxy.http port]
2024-07-22 10:28:49.524825(+0100)[ 2079: 2094] DBG Output: 8080
2024-07-22 10:28:49.524865(+0100)[ 2079: 2094] INF externalProxy :http://:8080
2024-07-22 10:28:49.524876(+0100)[ 2079: 2094] INF External Proxy: http://:8080
2024-07-22 10:28:49.524886(+0100)[ 2079: 2094] INF Auth::Lib::setAuthenticationLibraryProxy: Called: http://:8080
2024-07-22 10:28:49.524898(+0100)[ 2079: 2094] INF Skip sending user creds to tunnel: 3
2024-07-22 10:28:49.524909(+0100)[ 2079: 2094] ERR No posture profile to process
2024-07-22 10:28:49.538665(+0100)[ 2079: 2079] DBG initializeSystemTrayIcon: isSystemTrayAvailable: 0
2024-07-22 10:28:49.540465(+0100)[ 2079: 2079] INF Seed domain not configured, proceeding with auth form
2024-07-22 10:28:49.540504(+0100)[ 2079: 2094] INF No strict enforcement
2024-07-22 10:28:49.540524(+0100)[ 2079: 2094] INF startAuthentication called
2024-07-22 10:28:50.540656(+0100)[ 2079: 2079] INF toggleAllButtonsinTrayForm called with disable as 0
2024-07-22 10:28:50.705998(+0100)[ 2079: 2079] DBG Opening UserName Form
2024-07-22 10:28:52.593118(+0100)[ 2079: 2079] INF UI UserNameForm Window Close Button Clicked.
ICE default IO error handler doing an exit(), pid = 2079, errno = 32
2024-07-22 18:46:32.116827(+0100)[ 2079: 2095] INF reading file :/tmp/.pid/zstunnel
2024-07-22 18:46:32.123385(+0100)[ 2079: 2095] INF pid found (784) for proc  (/tmp/.pid/zstunnel)
2024-07-22 18:46:32.123678(+0100)[ 2079: 2095] ERR  No such file or directory error in isFilePresent for /proc/784 
2024-07-22 18:46:32.123761(+0100)[ 2079: 2095] ERR Unable to send RPC Call, Tunnel is Not Running
2024-07-22 18:46:32.123775(+0100)[ 2079: 2095] INF Tray proxy monitor thread notifyProxyTunnel failure
2024-07-22 18:46:32.123792(+0100)[ 2079: 2095] ERR Tray proxy monitor thread detected proxy monitoring termination
2024-07-22 18:46:32.123929(+0100)[ 2079: 2095] INF Tray proxy monitor thread exited
Redirected stdout
