Redirected stderr
2024-06-19 09:49:04.817579(+0100)[ 1962: 1962] INF Timezone: BST, Offset: 0, Standard Name: GMT
2024-06-19 09:49:04.817810(+0100)[ 1962: 1962] INF CLI key value unable to understand , skipping wait = false
2024-06-19 09:49:04.817831(+0100)[ 1962: 1962] INF CLI key value unable to understand , skipping externalRedirect = false
2024-06-19 09:49:05.167308(+0100)[ 1962: 1962] DBG directory : /home/hsu/.Zscaler/DB 
2024-06-19 09:49:05.167668(+0100)[ 1962: 1962] DBG notificationDB : /home/hsu/.Zscaler/DB/ZscalerApp.db
2024-06-19 09:49:05.220008(+0100)[ 1962: 1962] INF ZSATrayRpcServer startServer called!
2024-06-19 09:49:05.220086(+0100)[ 1962: 1980] INF ZSATrayRpcServer run function called!
2024-06-19 09:49:05.220123(+0100)[ 1962: 1962] INF startTrayLogMonitor called!
2024-06-19 09:49:05.220231(+0100)[ 1962: 1981] INF [LogMon] Log tag
2024-06-19 09:49:05.220250(+0100)[ 1962: 1981] INF [LogMon] Logger monitor started
2024-06-19 09:49:05.235911(+0100)[ 1962: 1962] INF createSAMLauthenticationDialog called! 
2024-06-19 09:49:05.236599(+0100)[ 1962: 1982] INF system UUID : 582aaccc1e9b11b2a85ccedde3b9dd2d
2024-06-19 09:49:05.236624(+0100)[ 1962: 1982] INF Baseboard Serial Number : L1HF162028V
2024-06-19 09:49:05.236633(+0100)[ 1962: 1982] INF disk ID : 33cf49ab8997479f9fc153f31a9347a0
2024-06-19 09:49:05.236641(+0100)[ 1962: 1982] INF legacy disk ID : 93872DAC766A4AD0BE24B9111652EB00
2024-06-19 09:49:05.236653(+0100)[ 1962: 1982] DBG Running cmd: [grep PRETTY_NAME  /etc/os-release |awk -F= '{print $2}']
2024-06-19 09:49:05.237234(+0100)[ 1962: 1962] INF Tray WorkerThread Started...!
2024-06-19 09:49:05.238680(+0100)[ 1962: 1982] DBG Output: "Ubuntu 20.04.6 LTS"
2024-06-19 09:49:05.238668(+0100)[ 1962: 1986] DBG Tray proxy monitor thread started the monitor command (PID 1987)
2024-06-19 09:49:05.238940(+0100)[ 1962: 1982] INF Config read hash: Ee+zpTNe++N0w1Ya9XWk+exK+Pk=
2024-06-19 09:49:05.239206(+0100)[ 1962: 1982] DBG decryptConfig: using old password
2024-06-19 09:49:05.243568(+0100)[ 1962: 1982] INF Auth::Crypto::decrypt: Exception: I/O error: error:06065064:digital envelope routines:EVP_DecryptFinal_ex:bad decrypt
2024-06-19 09:49:05.243622(+0100)[ 1962: 1982] INF ZSAAuth::useNewDecryptPasswd = true
2024-06-19 09:49:05.247165(+0100)[ 1962: 1982] INF addHardwareIdToClientConfiguration: ZSAAuth::clientConfiguration.hardwareId is NOT empty
2024-06-19 09:49:05.247393(+0100)[ 1962: 1982] INF ZSDR: Converting Disaster Recovery Policy
2024-06-19 09:49:05.249325(+0100)[ 1962: 1982] DBG directory : /home/hsu/.Zscaler 
2024-06-19 09:49:05.249349(+0100)[ 1962: 1982] DBG Create Config File : /home/hsu/.Zscaler/c78OEbQIY+O6hOk5bxZlQDMpJc=+config.dat
2024-06-19 09:49:05.249453(+0100)[ 1962: 1982] INF Config save hash: +SBVCfJLb3D+STEwJiojWU/hU9o=
2024-06-19 09:49:05.249466(+0100)[ 1962: 1982] INF Initializing auth library. FIPS: 0
2024-06-19 09:49:05.249478(+0100)[ 1962: 1982] INF Getting CA certificates in file: /etc/ssl/certs/ca-certificates.crt
2024-06-19 09:49:05.249808(+0100)[ 1962: 1982] INF System Certs read from disc : 137
2024-06-19 09:49:05.249827(+0100)[ 1962: 1982] INF System certificate count: 137
2024-06-19 09:49:05.249837(+0100)[ 1962: 1982] INF Auth::Lib::initializeAuthenticationLibrary: Called: 137
2024-06-19 09:49:05.249864(+0100)[ 1962: 1982] INF Auth::Lib:loadSSLCerts: Called: 146
2024-06-19 09:49:05.260576(+0100)[ 1962: 1982] INF Auth::Lib::loadSSLCerts: Number of CA certs loaded: 142
2024-06-19 09:49:05.260611(+0100)[ 1962: 1982] INF Auth::Lib::initializeAuthenticationLibrary: Finish
2024-06-19 09:49:05.260889(+0100)[ 1962: 1982] DBG Running cmd: [gsettings get org.gnome.system.proxy mode]
2024-06-19 09:49:05.264033(+0100)[ 1962: 1982] DBG Output: 'manual'
2024-06-19 09:49:05.264070(+0100)[ 1962: 1982] DBG Running cmd: [gsettings get org.gnome.system.proxy.http host]
2024-06-19 09:49:05.266780(+0100)[ 1962: 1982] DBG Output: ''
2024-06-19 09:49:05.266813(+0100)[ 1962: 1982] DBG Running cmd: [gsettings get org.gnome.system.proxy.http port]
2024-06-19 09:49:05.269460(+0100)[ 1962: 1982] DBG Output: 8080
2024-06-19 09:49:05.269501(+0100)[ 1962: 1982] INF externalProxy :http://:8080
2024-06-19 09:49:05.269509(+0100)[ 1962: 1982] INF External Proxy: http://:8080
2024-06-19 09:49:05.269516(+0100)[ 1962: 1982] INF Auth::Lib::setAuthenticationLibraryProxy: Called: http://:8080
2024-06-19 09:49:05.269524(+0100)[ 1962: 1982] INF Skip sending user creds to tunnel: 3
2024-06-19 09:49:05.269531(+0100)[ 1962: 1982] ERR No posture profile to process
2024-06-19 09:49:05.580294(+0100)[ 1962: 1962] DBG initializeSystemTrayIcon: isSystemTrayAvailable: 0
2024-06-19 09:49:05.581758(+0100)[ 1962: 1962] INF Seed domain not configured, proceeding with auth form
2024-06-19 09:49:05.582025(+0100)[ 1962: 1982] INF No strict enforcement
2024-06-19 09:49:05.582043(+0100)[ 1962: 1982] INF startAuthentication called
2024-06-19 09:49:06.582202(+0100)[ 1962: 1962] INF toggleAllButtonsinTrayForm called with disable as 0
2024-06-19 09:49:06.746521(+0100)[ 1962: 1962] DBG Opening UserName Form
2024-06-19 09:49:09.738215(+0100)[ 1962: 1962] INF UI UserNameForm Window Close Button Clicked.
ICE default IO error handler doing an exit(), pid = 1962, errno = 32
QThread: Destroyed while thread is still running
