Redirected stderr
2024-06-08 23:03:48.721883(+0100)[ 2164: 2164] INF Timezone: BST, Offset: 0, Standard Name: GMT
2024-06-08 23:03:48.722071(+0100)[ 2164: 2164] INF CLI key value unable to understand , skipping wait = false
2024-06-08 23:03:48.722085(+0100)[ 2164: 2164] INF CLI key value unable to understand , skipping externalRedirect = false
2024-06-08 23:03:48.955896(+0100)[ 2164: 2164] DBG directory : /home/hsu/.Zscaler/DB 
2024-06-08 23:03:48.956566(+0100)[ 2164: 2164] DBG notificationDB : /home/hsu/.Zscaler/DB/ZscalerApp.db
2024-06-08 23:03:49.028015(+0100)[ 2164: 2164] INF ZSATrayRpcServer startServer called!
2024-06-08 23:03:49.028127(+0100)[ 2164: 2180] INF ZSATrayRpcServer run function called!
2024-06-08 23:03:49.028179(+0100)[ 2164: 2164] INF startTrayLogMonitor called!
2024-06-08 23:03:49.028253(+0100)[ 2164: 2181] INF [LogMon] Log tag
2024-06-08 23:03:49.028275(+0100)[ 2164: 2181] INF [LogMon] Logger monitor started
2024-06-08 23:03:49.047534(+0100)[ 2164: 2164] INF createSAMLauthenticationDialog called! 
2024-06-08 23:03:49.048343(+0100)[ 2164: 2182] INF system UUID : 582aaccc1e9b11b2a85ccedde3b9dd2d
2024-06-08 23:03:49.048383(+0100)[ 2164: 2182] INF Baseboard Serial Number : L1HF162028V
2024-06-08 23:03:49.048399(+0100)[ 2164: 2182] INF disk ID : 33cf49ab8997479f9fc153f31a9347a0
2024-06-08 23:03:49.048413(+0100)[ 2164: 2182] INF legacy disk ID : 93872DAC766A4AD0BE24B9111652EB00
2024-06-08 23:03:49.048429(+0100)[ 2164: 2182] DBG Running cmd: [grep PRETTY_NAME  /etc/os-release |awk -F= '{print $2}']
2024-06-08 23:03:49.049691(+0100)[ 2164: 2164] INF Tray WorkerThread Started...!
2024-06-08 23:03:49.051223(+0100)[ 2164: 2186] DBG Tray proxy monitor thread started the monitor command (PID 2187)
2024-06-08 23:03:49.051256(+0100)[ 2164: 2182] DBG Output: "Ubuntu 20.04.6 LTS"
2024-06-08 23:03:49.051542(+0100)[ 2164: 2182] INF Config read hash: AzwypI6x0f3PRd8YxIch9bXWGdg=
2024-06-08 23:03:49.051945(+0100)[ 2164: 2182] DBG decryptConfig: using old password
2024-06-08 23:03:49.057535(+0100)[ 2164: 2182] INF Auth::Crypto::decrypt: Exception: I/O error: error:06065064:digital envelope routines:EVP_DecryptFinal_ex:bad decrypt
2024-06-08 23:03:49.057595(+0100)[ 2164: 2182] INF ZSAAuth::useNewDecryptPasswd = true
2024-06-08 23:03:49.065912(+0100)[ 2164: 2182] INF addHardwareIdToClientConfiguration: ZSAAuth::clientConfiguration.hardwareId is NOT empty
2024-06-08 23:03:49.066183(+0100)[ 2164: 2182] INF ZSDR: Converting Disaster Recovery Policy
2024-06-08 23:03:49.067924(+0100)[ 2164: 2182] DBG directory : /home/hsu/.Zscaler 
2024-06-08 23:03:49.067950(+0100)[ 2164: 2182] DBG Create Config File : /home/hsu/.Zscaler/c78OEbQIY+O6hOk5bxZlQDMpJc=+config.dat
2024-06-08 23:03:49.068065(+0100)[ 2164: 2182] INF Config save hash: AOwsEx/ySuZ0qcporU7mVsPr5QM=
2024-06-08 23:03:49.068088(+0100)[ 2164: 2182] INF Initializing auth library. FIPS: 0
2024-06-08 23:03:49.068100(+0100)[ 2164: 2182] INF Getting CA certificates in file: /etc/ssl/certs/ca-certificates.crt
2024-06-08 23:03:49.068408(+0100)[ 2164: 2182] INF System Certs read from disc : 137
2024-06-08 23:03:49.068423(+0100)[ 2164: 2182] INF System certificate count: 137
2024-06-08 23:03:49.068430(+0100)[ 2164: 2182] INF Auth::Lib::initializeAuthenticationLibrary: Called: 137
2024-06-08 23:03:49.068450(+0100)[ 2164: 2182] INF Auth::Lib:loadSSLCerts: Called: 146
2024-06-08 23:03:49.077513(+0100)[ 2164: 2182] INF Auth::Lib::loadSSLCerts: Number of CA certs loaded: 142
2024-06-08 23:03:49.077550(+0100)[ 2164: 2182] INF Auth::Lib::initializeAuthenticationLibrary: Finish
2024-06-08 23:03:49.077821(+0100)[ 2164: 2182] DBG Running cmd: [gsettings get org.gnome.system.proxy mode]
2024-06-08 23:03:49.081464(+0100)[ 2164: 2182] DBG Output: 'manual'
2024-06-08 23:03:49.081512(+0100)[ 2164: 2182] DBG Running cmd: [gsettings get org.gnome.system.proxy.http host]
2024-06-08 23:03:49.084360(+0100)[ 2164: 2182] DBG Output: ''
2024-06-08 23:03:49.084397(+0100)[ 2164: 2182] DBG Running cmd: [gsettings get org.gnome.system.proxy.http port]
2024-06-08 23:03:49.087351(+0100)[ 2164: 2182] DBG Output: 8080
2024-06-08 23:03:49.087401(+0100)[ 2164: 2182] INF externalProxy :http://:8080
2024-06-08 23:03:49.087416(+0100)[ 2164: 2182] INF External Proxy: http://:8080
2024-06-08 23:03:49.087427(+0100)[ 2164: 2182] INF Auth::Lib::setAuthenticationLibraryProxy: Called: http://:8080
2024-06-08 23:03:49.087439(+0100)[ 2164: 2182] INF Skip sending user creds to tunnel: 3
2024-06-08 23:03:49.087451(+0100)[ 2164: 2182] ERR No posture profile to process
2024-06-08 23:03:49.199360(+0100)[ 2164: 2164] DBG initializeSystemTrayIcon: isSystemTrayAvailable: 0
2024-06-08 23:03:49.201008(+0100)[ 2164: 2164] INF Seed domain not configured, proceeding with auth form
2024-06-08 23:03:49.201046(+0100)[ 2164: 2182] INF No strict enforcement
2024-06-08 23:03:49.201068(+0100)[ 2164: 2182] INF startAuthentication called
2024-06-08 23:03:50.201199(+0100)[ 2164: 2164] INF toggleAllButtonsinTrayForm called with disable as 0
2024-06-08 23:03:50.292621(+0100)[ 2164: 2164] DBG Opening UserName Form
2024-06-08 23:03:55.091768(+0100)[ 2164: 2164] INF UI UserNameForm Window Close Button Clicked.
ICE default IO error handler doing an exit(), pid = 2164, errno = 32
QThread: Destroyed while thread is still running
