Redirected stderr
2024-06-11 09:26:57.795858(+0100)[ 2051: 2051] INF Timezone: BST, Offset: 0, Standard Name: GMT
2024-06-11 09:26:57.796061(+0100)[ 2051: 2051] INF CLI key value unable to understand , skipping wait = false
2024-06-11 09:26:57.796081(+0100)[ 2051: 2051] INF CLI key value unable to understand , skipping externalRedirect = false
2024-06-11 09:26:57.983574(+0100)[ 2051: 2051] DBG directory : /home/hsu/.Zscaler/DB 
2024-06-11 09:26:57.983946(+0100)[ 2051: 2051] DBG notificationDB : /home/hsu/.Zscaler/DB/ZscalerApp.db
2024-06-11 09:26:58.034726(+0100)[ 2051: 2051] INF ZSATrayRpcServer startServer called!
2024-06-11 09:26:58.034840(+0100)[ 2051: 2064] INF ZSATrayRpcServer run function called!
2024-06-11 09:26:58.034844(+0100)[ 2051: 2051] INF startTrayLogMonitor called!
2024-06-11 09:26:58.034970(+0100)[ 2051: 2065] INF [LogMon] Log tag
2024-06-11 09:26:58.034989(+0100)[ 2051: 2065] INF [LogMon] Logger monitor started
2024-06-11 09:26:58.048488(+0100)[ 2051: 2051] INF createSAMLauthenticationDialog called! 
2024-06-11 09:26:58.049097(+0100)[ 2051: 2066] INF system UUID : 582aaccc1e9b11b2a85ccedde3b9dd2d
2024-06-11 09:26:58.049123(+0100)[ 2051: 2066] INF Baseboard Serial Number : L1HF162028V
2024-06-11 09:26:58.049131(+0100)[ 2051: 2066] INF disk ID : 33cf49ab8997479f9fc153f31a9347a0
2024-06-11 09:26:58.049139(+0100)[ 2051: 2066] INF legacy disk ID : 93872DAC766A4AD0BE24B9111652EB00
2024-06-11 09:26:58.049150(+0100)[ 2051: 2066] DBG Running cmd: [grep PRETTY_NAME  /etc/os-release |awk -F= '{print $2}']
2024-06-11 09:26:58.049860(+0100)[ 2051: 2051] INF Tray WorkerThread Started...!
2024-06-11 09:26:58.051132(+0100)[ 2051: 2066] DBG Output: "Ubuntu 20.04.6 LTS"
2024-06-11 09:26:58.051123(+0100)[ 2051: 2070] DBG Tray proxy monitor thread started the monitor command (PID 2071)
2024-06-11 09:26:58.051412(+0100)[ 2051: 2066] INF Config read hash: aKwX+FLRqMUh3JrLXebzb/Ijdls=
2024-06-11 09:26:58.051663(+0100)[ 2051: 2066] DBG decryptConfig: using old password
2024-06-11 09:26:58.055715(+0100)[ 2051: 2066] INF Auth::Crypto::decrypt: Exception: I/O error: error:06065064:digital envelope routines:EVP_DecryptFinal_ex:bad decrypt
2024-06-11 09:26:58.055763(+0100)[ 2051: 2066] INF ZSAAuth::useNewDecryptPasswd = true
2024-06-11 09:26:58.060043(+0100)[ 2051: 2066] INF addHardwareIdToClientConfiguration: ZSAAuth::clientConfiguration.hardwareId is NOT empty
2024-06-11 09:26:58.060298(+0100)[ 2051: 2066] INF ZSDR: Converting Disaster Recovery Policy
2024-06-11 09:26:58.061791(+0100)[ 2051: 2066] DBG directory : /home/hsu/.Zscaler 
2024-06-11 09:26:58.061810(+0100)[ 2051: 2066] DBG Create Config File : /home/hsu/.Zscaler/c78OEbQIY+O6hOk5bxZlQDMpJc=+config.dat
2024-06-11 09:26:58.061905(+0100)[ 2051: 2066] INF Config save hash: +HomY0kpvqztZA7PEBOdf69iUD0=
2024-06-11 09:26:58.061916(+0100)[ 2051: 2066] INF Initializing auth library. FIPS: 0
2024-06-11 09:26:58.061928(+0100)[ 2051: 2066] INF Getting CA certificates in file: /etc/ssl/certs/ca-certificates.crt
2024-06-11 09:26:58.062207(+0100)[ 2051: 2066] INF System Certs read from disc : 137
2024-06-11 09:26:58.062218(+0100)[ 2051: 2066] INF System certificate count: 137
2024-06-11 09:26:58.062224(+0100)[ 2051: 2066] INF Auth::Lib::initializeAuthenticationLibrary: Called: 137
2024-06-11 09:26:58.062243(+0100)[ 2051: 2066] INF Auth::Lib:loadSSLCerts: Called: 146
2024-06-11 09:26:58.072482(+0100)[ 2051: 2066] INF Auth::Lib::loadSSLCerts: Number of CA certs loaded: 142
2024-06-11 09:26:58.072517(+0100)[ 2051: 2066] INF Auth::Lib::initializeAuthenticationLibrary: Finish
2024-06-11 09:26:58.072807(+0100)[ 2051: 2066] DBG Running cmd: [gsettings get org.gnome.system.proxy mode]
2024-06-11 09:26:58.075580(+0100)[ 2051: 2066] DBG Output: 'manual'
2024-06-11 09:26:58.075618(+0100)[ 2051: 2066] DBG Running cmd: [gsettings get org.gnome.system.proxy.http host]
2024-06-11 09:26:58.078032(+0100)[ 2051: 2066] DBG Output: ''
2024-06-11 09:26:58.078067(+0100)[ 2051: 2066] DBG Running cmd: [gsettings get org.gnome.system.proxy.http port]
2024-06-11 09:26:58.080387(+0100)[ 2051: 2066] DBG Output: 8080
2024-06-11 09:26:58.080421(+0100)[ 2051: 2066] INF externalProxy :http://:8080
2024-06-11 09:26:58.080429(+0100)[ 2051: 2066] INF External Proxy: http://:8080
2024-06-11 09:26:58.080435(+0100)[ 2051: 2066] INF Auth::Lib::setAuthenticationLibraryProxy: Called: http://:8080
2024-06-11 09:26:58.080444(+0100)[ 2051: 2066] INF Skip sending user creds to tunnel: 3
2024-06-11 09:26:58.080451(+0100)[ 2051: 2066] ERR No posture profile to process
2024-06-11 09:26:58.081898(+0100)[ 2051: 2066] ERR TrayMain Exception: www.google.com
2024-06-11 09:26:58.084994(+0100)[ 2051: 2051] DBG initializeSystemTrayIcon: isSystemTrayAvailable: 0
2024-06-11 09:26:58.086581(+0100)[ 2051: 2051] INF Seed domain not configured, proceeding with auth form
2024-06-11 09:26:59.086795(+0100)[ 2051: 2051] INF toggleAllButtonsinTrayForm called with disable as 0
2024-06-11 09:26:59.174217(+0100)[ 2051: 2051] DBG Opening UserName Form
2024-06-11 09:27:16.208502(+0100)[ 2051: 2051] INF UI UserNameForm Window Close Button Clicked.
ICE default IO error handler doing an exit(), pid = 2051, errno = 32
2024-06-11 14:25:07.700564(+0100)[ 2051: 2070] INF reading file :/tmp/.pid/zstunnel
2024-06-11 14:25:07.709787(+0100)[ 2051: 2070] INF pid found (882) for proc  (/tmp/.pid/zstunnel)
2024-06-11 14:25:07.709840(+0100)[ 2051: 2070] ERR  No such file or directory error in isFilePresent for /proc/882 
2024-06-11 14:25:07.709909(+0100)[ 2051: 2070] ERR Unable to send RPC Call, Tunnel is Not Running
2024-06-11 14:25:07.709924(+0100)[ 2051: 2070] INF Tray proxy monitor thread notifyProxyTunnel failure
2024-06-11 14:25:07.709941(+0100)[ 2051: 2070] ERR Tray proxy monitor thread detected proxy monitoring termination
2024-06-11 14:25:07.709978(+0100)[ 2051: 2070] INF Tray proxy monitor thread exited
Redirected stdout
