Redirected stderr
2024-06-15 08:38:45.705634(+0100)[ 2163: 2163] INF Timezone: BST, Offset: 0, Standard Name: GMT
2024-06-15 08:38:45.705832(+0100)[ 2163: 2163] INF CLI key value unable to understand , skipping wait = false
2024-06-15 08:38:45.705849(+0100)[ 2163: 2163] INF CLI key value unable to understand , skipping externalRedirect = false
2024-06-15 08:38:45.899575(+0100)[ 2163: 2163] DBG directory : /home/hsu/.Zscaler/DB 
2024-06-15 08:38:45.899967(+0100)[ 2163: 2163] DBG notificationDB : /home/hsu/.Zscaler/DB/ZscalerApp.db
2024-06-15 08:38:45.952401(+0100)[ 2163: 2163] INF ZSATrayRpcServer startServer called!
2024-06-15 08:38:45.952517(+0100)[ 2163: 2178] INF ZSATrayRpcServer run function called!
2024-06-15 08:38:45.952517(+0100)[ 2163: 2163] INF startTrayLogMonitor called!
2024-06-15 08:38:45.952685(+0100)[ 2163: 2179] INF [LogMon] Log tag
2024-06-15 08:38:45.952704(+0100)[ 2163: 2179] INF [LogMon] Logger monitor started
2024-06-15 08:38:45.967060(+0100)[ 2163: 2163] INF createSAMLauthenticationDialog called! 
2024-06-15 08:38:45.967744(+0100)[ 2163: 2180] INF system UUID : 582aaccc1e9b11b2a85ccedde3b9dd2d
2024-06-15 08:38:45.967778(+0100)[ 2163: 2180] INF Baseboard Serial Number : L1HF162028V
2024-06-15 08:38:45.967792(+0100)[ 2163: 2180] INF disk ID : 33cf49ab8997479f9fc153f31a9347a0
2024-06-15 08:38:45.967804(+0100)[ 2163: 2180] INF legacy disk ID : 93872DAC766A4AD0BE24B9111652EB00
2024-06-15 08:38:45.967821(+0100)[ 2163: 2180] DBG Running cmd: [grep PRETTY_NAME  /etc/os-release |awk -F= '{print $2}']
2024-06-15 08:38:45.968399(+0100)[ 2163: 2163] INF Tray WorkerThread Started...!
2024-06-15 08:38:45.969734(+0100)[ 2163: 2184] DBG Tray proxy monitor thread started the monitor command (PID 2185)
2024-06-15 08:38:45.969752(+0100)[ 2163: 2180] DBG Output: "Ubuntu 20.04.6 LTS"
2024-06-15 08:38:45.970011(+0100)[ 2163: 2180] INF Config read hash: wtw5VRra/6vOH9XwKbw/vaw/Hyw=
2024-06-15 08:38:45.970313(+0100)[ 2163: 2180] DBG decryptConfig: using old password
2024-06-15 08:38:45.974419(+0100)[ 2163: 2180] INF Auth::Crypto::decrypt: Exception: I/O error: error:06065064:digital envelope routines:EVP_DecryptFinal_ex:bad decrypt
2024-06-15 08:38:45.974456(+0100)[ 2163: 2180] INF ZSAAuth::useNewDecryptPasswd = true
2024-06-15 08:38:45.998357(+0100)[ 2163: 2180] INF addHardwareIdToClientConfiguration: ZSAAuth::clientConfiguration.hardwareId is NOT empty
2024-06-15 08:38:45.998606(+0100)[ 2163: 2180] INF ZSDR: Converting Disaster Recovery Policy
2024-06-15 08:38:46.000047(+0100)[ 2163: 2180] DBG directory : /home/hsu/.Zscaler 
2024-06-15 08:38:46.000064(+0100)[ 2163: 2180] DBG Create Config File : /home/hsu/.Zscaler/c78OEbQIY+O6hOk5bxZlQDMpJc=+config.dat
2024-06-15 08:38:46.000157(+0100)[ 2163: 2180] INF Config save hash: l2G9QHe/xdSGmQUu3wZy11qVlgY=
2024-06-15 08:38:46.000168(+0100)[ 2163: 2180] INF Initializing auth library. FIPS: 0
2024-06-15 08:38:46.000181(+0100)[ 2163: 2180] INF Getting CA certificates in file: /etc/ssl/certs/ca-certificates.crt
2024-06-15 08:38:46.000522(+0100)[ 2163: 2180] INF System Certs read from disc : 137
2024-06-15 08:38:46.000532(+0100)[ 2163: 2180] INF System certificate count: 137
2024-06-15 08:38:46.000539(+0100)[ 2163: 2180] INF Auth::Lib::initializeAuthenticationLibrary: Called: 137
2024-06-15 08:38:46.000558(+0100)[ 2163: 2180] INF Auth::Lib:loadSSLCerts: Called: 146
2024-06-15 08:38:46.007476(+0100)[ 2163: 2180] INF Auth::Lib::loadSSLCerts: Number of CA certs loaded: 142
2024-06-15 08:38:46.007498(+0100)[ 2163: 2180] INF Auth::Lib::initializeAuthenticationLibrary: Finish
2024-06-15 08:38:46.007743(+0100)[ 2163: 2180] DBG Running cmd: [gsettings get org.gnome.system.proxy mode]
2024-06-15 08:38:46.010637(+0100)[ 2163: 2180] DBG Output: 'manual'
2024-06-15 08:38:46.010670(+0100)[ 2163: 2180] DBG Running cmd: [gsettings get org.gnome.system.proxy.http host]
2024-06-15 08:38:46.013356(+0100)[ 2163: 2180] DBG Output: ''
2024-06-15 08:38:46.013391(+0100)[ 2163: 2180] DBG Running cmd: [gsettings get org.gnome.system.proxy.http port]
2024-06-15 08:38:46.016048(+0100)[ 2163: 2180] DBG Output: 8080
2024-06-15 08:38:46.016087(+0100)[ 2163: 2180] INF externalProxy :http://:8080
2024-06-15 08:38:46.016095(+0100)[ 2163: 2180] INF External Proxy: http://:8080
2024-06-15 08:38:46.016102(+0100)[ 2163: 2180] INF Auth::Lib::setAuthenticationLibraryProxy: Called: http://:8080
2024-06-15 08:38:46.016110(+0100)[ 2163: 2180] INF Skip sending user creds to tunnel: 3
2024-06-15 08:38:46.016117(+0100)[ 2163: 2180] ERR No posture profile to process
2024-06-15 08:38:46.036755(+0100)[ 2163: 2163] DBG initializeSystemTrayIcon: isSystemTrayAvailable: 0
2024-06-15 08:38:46.038945(+0100)[ 2163: 2163] INF Seed domain not configured, proceeding with auth form
2024-06-15 08:38:46.039030(+0100)[ 2163: 2180] INF No strict enforcement
2024-06-15 08:38:46.039049(+0100)[ 2163: 2180] INF startAuthentication called
2024-06-15 08:38:47.039272(+0100)[ 2163: 2163] INF toggleAllButtonsinTrayForm called with disable as 0
2024-06-15 08:38:47.143864(+0100)[ 2163: 2163] DBG Opening UserName Form
2024-06-15 08:38:51.191153(+0100)[ 2163: 2163] INF UI UserNameForm Window Close Button Clicked.
ICE default IO error handler doing an exit(), pid = 2163, errno = 32
QThread: Destroyed while thread is still running
