Redirected stderr
2024-06-27 22:53:09.686040(+0100)[ 2132: 2132] INF Timezone: BST, Offset: 0, Standard Name: GMT
2024-06-27 22:53:09.686207(+0100)[ 2132: 2132] INF CLI key value unable to understand , skipping wait = false
2024-06-27 22:53:09.686221(+0100)[ 2132: 2132] INF CLI key value unable to understand , skipping externalRedirect = false
2024-06-27 22:53:09.873031(+0100)[ 2132: 2132] DBG directory : /home/hsu/.Zscaler/DB 
2024-06-27 22:53:09.873349(+0100)[ 2132: 2132] DBG notificationDB : /home/hsu/.Zscaler/DB/ZscalerApp.db
2024-06-27 22:53:09.925002(+0100)[ 2132: 2132] INF ZSATrayRpcServer startServer called!
2024-06-27 22:53:09.925081(+0100)[ 2132: 2145] INF ZSATrayRpcServer run function called!
2024-06-27 22:53:09.925128(+0100)[ 2132: 2132] INF startTrayLogMonitor called!
2024-06-27 22:53:09.925195(+0100)[ 2132: 2146] INF [LogMon] Log tag
2024-06-27 22:53:09.925219(+0100)[ 2132: 2146] INF [LogMon] Logger monitor started
2024-06-27 22:53:09.940780(+0100)[ 2132: 2132] INF createSAMLauthenticationDialog called! 
2024-06-27 22:53:09.941439(+0100)[ 2132: 2147] INF system UUID : 582aaccc1e9b11b2a85ccedde3b9dd2d
2024-06-27 22:53:09.941467(+0100)[ 2132: 2147] INF Baseboard Serial Number : L1HF162028V
2024-06-27 22:53:09.941475(+0100)[ 2132: 2147] INF disk ID : 33cf49ab8997479f9fc153f31a9347a0
2024-06-27 22:53:09.941485(+0100)[ 2132: 2147] INF legacy disk ID : 93872DAC766A4AD0BE24B9111652EB00
2024-06-27 22:53:09.941501(+0100)[ 2132: 2147] DBG Running cmd: [grep PRETTY_NAME  /etc/os-release |awk -F= '{print $2}']
2024-06-27 22:53:09.942109(+0100)[ 2132: 2132] INF Tray WorkerThread Started...!
2024-06-27 22:53:09.943377(+0100)[ 2132: 2151] DBG Tray proxy monitor thread started the monitor command (PID 2152)
2024-06-27 22:53:09.943389(+0100)[ 2132: 2147] DBG Output: "Ubuntu 20.04.6 LTS"
2024-06-27 22:53:09.944416(+0100)[ 2132: 2147] INF Config read hash: kFfes5ZxUIv77z1O0tZDk7anDFM=
2024-06-27 22:53:09.944680(+0100)[ 2132: 2147] DBG decryptConfig: using old password
2024-06-27 22:53:09.948722(+0100)[ 2132: 2147] INF Auth::Crypto::decrypt: Exception: I/O error: error:06065064:digital envelope routines:EVP_DecryptFinal_ex:bad decrypt
2024-06-27 22:53:09.948757(+0100)[ 2132: 2147] INF ZSAAuth::useNewDecryptPasswd = true
2024-06-27 22:53:09.953312(+0100)[ 2132: 2147] INF addHardwareIdToClientConfiguration: ZSAAuth::clientConfiguration.hardwareId is NOT empty
2024-06-27 22:53:09.953591(+0100)[ 2132: 2147] INF ZSDR: Converting Disaster Recovery Policy
2024-06-27 22:53:09.955715(+0100)[ 2132: 2147] DBG directory : /home/hsu/.Zscaler 
2024-06-27 22:53:09.955740(+0100)[ 2132: 2147] DBG Create Config File : /home/hsu/.Zscaler/c78OEbQIY+O6hOk5bxZlQDMpJc=+config.dat
2024-06-27 22:53:09.955867(+0100)[ 2132: 2147] INF Config save hash: r7Rc2JqhDcy9/L9XfzsTqsRFtOA=
2024-06-27 22:53:09.955888(+0100)[ 2132: 2147] INF Initializing auth library. FIPS: 0
2024-06-27 22:53:09.955901(+0100)[ 2132: 2147] INF Getting CA certificates in file: /etc/ssl/certs/ca-certificates.crt
2024-06-27 22:53:09.956297(+0100)[ 2132: 2147] INF System Certs read from disc : 137
2024-06-27 22:53:09.956312(+0100)[ 2132: 2147] INF System certificate count: 137
2024-06-27 22:53:09.956324(+0100)[ 2132: 2147] INF Auth::Lib::initializeAuthenticationLibrary: Called: 137
2024-06-27 22:53:09.956351(+0100)[ 2132: 2147] INF Auth::Lib:loadSSLCerts: Called: 146
2024-06-27 22:53:09.966674(+0100)[ 2132: 2147] INF Auth::Lib::loadSSLCerts: Number of CA certs loaded: 142
2024-06-27 22:53:09.966709(+0100)[ 2132: 2147] INF Auth::Lib::initializeAuthenticationLibrary: Finish
2024-06-27 22:53:09.967017(+0100)[ 2132: 2147] DBG Running cmd: [gsettings get org.gnome.system.proxy mode]
2024-06-27 22:53:09.969823(+0100)[ 2132: 2147] DBG Output: 'manual'
2024-06-27 22:53:09.969866(+0100)[ 2132: 2147] DBG Running cmd: [gsettings get org.gnome.system.proxy.http host]
2024-06-27 22:53:09.972352(+0100)[ 2132: 2147] DBG Output: ''
2024-06-27 22:53:09.972391(+0100)[ 2132: 2147] DBG Running cmd: [gsettings get org.gnome.system.proxy.http port]
2024-06-27 22:53:09.975098(+0100)[ 2132: 2147] DBG Output: 8080
2024-06-27 22:53:09.975142(+0100)[ 2132: 2147] INF externalProxy :http://:8080
2024-06-27 22:53:09.975151(+0100)[ 2132: 2147] INF External Proxy: http://:8080
2024-06-27 22:53:09.975157(+0100)[ 2132: 2147] INF Auth::Lib::setAuthenticationLibraryProxy: Called: http://:8080
2024-06-27 22:53:09.975165(+0100)[ 2132: 2147] INF Skip sending user creds to tunnel: 3
2024-06-27 22:53:09.975172(+0100)[ 2132: 2147] ERR No posture profile to process
2024-06-27 22:53:09.987960(+0100)[ 2132: 2132] DBG initializeSystemTrayIcon: isSystemTrayAvailable: 0
2024-06-27 22:53:09.989605(+0100)[ 2132: 2132] INF Seed domain not configured, proceeding with auth form
2024-06-27 22:53:09.989638(+0100)[ 2132: 2147] INF No strict enforcement
2024-06-27 22:53:09.989658(+0100)[ 2132: 2147] INF startAuthentication called
2024-06-27 22:53:10.989789(+0100)[ 2132: 2132] INF toggleAllButtonsinTrayForm called with disable as 0
2024-06-27 22:53:11.105219(+0100)[ 2132: 2132] DBG Opening UserName Form
2024-06-27 22:53:22.602469(+0100)[ 2132: 2132] INF UI UserNameForm Window Close Button Clicked.
ICE default IO error handler doing an exit(), pid = 2132, errno = 32
QThread: Destroyed while thread is still running
