Redirected stderr
2024-06-17 09:46:07.056945(+0100)[ 2322: 2322] INF Timezone: BST, Offset: 0, Standard Name: GMT
2024-06-17 09:46:07.057921(+0100)[ 2322: 2322] INF CLI key value unable to understand , skipping wait = false
2024-06-17 09:46:07.057933(+0100)[ 2322: 2322] INF CLI key value unable to understand , skipping externalRedirect = false
2024-06-17 09:46:07.328121(+0100)[ 2322: 2322] DBG directory : /home/hsu/.Zscaler/DB 
2024-06-17 09:46:07.330244(+0100)[ 2322: 2322] DBG notificationDB : /home/hsu/.Zscaler/DB/ZscalerApp.db
2024-06-17 09:46:07.460661(+0100)[ 2322: 2322] INF ZSATrayRpcServer startServer called!
2024-06-17 09:46:07.460767(+0100)[ 2322: 2322] INF startTrayLogMonitor called!
2024-06-17 09:46:07.460775(+0100)[ 2322: 2335] INF ZSATrayRpcServer run function called!
2024-06-17 09:46:07.460879(+0100)[ 2322: 2336] INF [LogMon] Log tag
2024-06-17 09:46:07.460900(+0100)[ 2322: 2336] INF [LogMon] Logger monitor started
2024-06-17 09:46:07.474474(+0100)[ 2322: 2322] INF createSAMLauthenticationDialog called! 
2024-06-17 09:46:07.477015(+0100)[ 2322: 2337] INF system UUID : 582aaccc1e9b11b2a85ccedde3b9dd2d
2024-06-17 09:46:07.477048(+0100)[ 2322: 2337] INF Baseboard Serial Number : L1HF162028V
2024-06-17 09:46:07.477062(+0100)[ 2322: 2337] INF disk ID : 33cf49ab8997479f9fc153f31a9347a0
2024-06-17 09:46:07.477075(+0100)[ 2322: 2337] INF legacy disk ID : 93872DAC766A4AD0BE24B9111652EB00
2024-06-17 09:46:07.477091(+0100)[ 2322: 2337] DBG Running cmd: [grep PRETTY_NAME  /etc/os-release |awk -F= '{print $2}']
2024-06-17 09:46:07.477184(+0100)[ 2322: 2322] INF Tray WorkerThread Started...!
2024-06-17 09:46:07.478476(+0100)[ 2322: 2339] DBG Tray proxy monitor thread started the monitor command (PID 2342)
2024-06-17 09:46:07.478484(+0100)[ 2322: 2337] DBG Output: "Ubuntu 20.04.6 LTS"
2024-06-17 09:46:07.479059(+0100)[ 2322: 2337] INF Config read hash: ZxMgrqg0+zzhFvrYg0ZZjubSZxo=
2024-06-17 09:46:07.479319(+0100)[ 2322: 2337] DBG decryptConfig: using old password
2024-06-17 09:46:07.496584(+0100)[ 2322: 2337] INF Auth::Crypto::decrypt: Exception: I/O error: error:06065064:digital envelope routines:EVP_DecryptFinal_ex:bad decrypt
2024-06-17 09:46:07.496620(+0100)[ 2322: 2337] INF ZSAAuth::useNewDecryptPasswd = true
2024-06-17 09:46:07.501130(+0100)[ 2322: 2337] INF addHardwareIdToClientConfiguration: ZSAAuth::clientConfiguration.hardwareId is NOT empty
2024-06-17 09:46:07.501632(+0100)[ 2322: 2337] INF ZSDR: Converting Disaster Recovery Policy
2024-06-17 09:46:07.503073(+0100)[ 2322: 2337] DBG directory : /home/hsu/.Zscaler 
2024-06-17 09:46:07.503090(+0100)[ 2322: 2337] DBG Create Config File : /home/hsu/.Zscaler/c78OEbQIY+O6hOk5bxZlQDMpJc=+config.dat
2024-06-17 09:46:07.503177(+0100)[ 2322: 2337] INF Config save hash: 02XsYKswG9xK+WUGXYFQCuzNR80=
2024-06-17 09:46:07.503188(+0100)[ 2322: 2337] INF Initializing auth library. FIPS: 0
2024-06-17 09:46:07.503194(+0100)[ 2322: 2337] INF Getting CA certificates in file: /etc/ssl/certs/ca-certificates.crt
2024-06-17 09:46:07.503471(+0100)[ 2322: 2337] INF System Certs read from disc : 137
2024-06-17 09:46:07.503484(+0100)[ 2322: 2337] INF System certificate count: 137
2024-06-17 09:46:07.503490(+0100)[ 2322: 2337] INF Auth::Lib::initializeAuthenticationLibrary: Called: 137
2024-06-17 09:46:07.503508(+0100)[ 2322: 2337] INF Auth::Lib:loadSSLCerts: Called: 146
2024-06-17 09:46:07.512967(+0100)[ 2322: 2337] INF Auth::Lib::loadSSLCerts: Number of CA certs loaded: 142
2024-06-17 09:46:07.512988(+0100)[ 2322: 2337] INF Auth::Lib::initializeAuthenticationLibrary: Finish
2024-06-17 09:46:07.513184(+0100)[ 2322: 2337] DBG Running cmd: [gsettings get org.gnome.system.proxy mode]
2024-06-17 09:46:07.517287(+0100)[ 2322: 2337] DBG Output: 'manual'
2024-06-17 09:46:07.517316(+0100)[ 2322: 2337] DBG Running cmd: [gsettings get org.gnome.system.proxy.http host]
2024-06-17 09:46:07.519696(+0100)[ 2322: 2337] DBG Output: ''
2024-06-17 09:46:07.519724(+0100)[ 2322: 2337] DBG Running cmd: [gsettings get org.gnome.system.proxy.http port]
2024-06-17 09:46:07.522096(+0100)[ 2322: 2337] DBG Output: 8080
2024-06-17 09:46:07.522135(+0100)[ 2322: 2337] INF externalProxy :http://:8080
2024-06-17 09:46:07.522143(+0100)[ 2322: 2337] INF External Proxy: http://:8080
2024-06-17 09:46:07.522149(+0100)[ 2322: 2337] INF Auth::Lib::setAuthenticationLibraryProxy: Called: http://:8080
2024-06-17 09:46:07.522157(+0100)[ 2322: 2337] INF Skip sending user creds to tunnel: 3
2024-06-17 09:46:07.522163(+0100)[ 2322: 2337] ERR No posture profile to process
2024-06-17 09:46:07.531312(+0100)[ 2322: 2322] DBG initializeSystemTrayIcon: isSystemTrayAvailable: 0
2024-06-17 09:46:07.533048(+0100)[ 2322: 2322] INF Seed domain not configured, proceeding with auth form
2024-06-17 09:46:07.533087(+0100)[ 2322: 2337] INF No strict enforcement
2024-06-17 09:46:07.533108(+0100)[ 2322: 2337] INF startAuthentication called
2024-06-17 09:46:08.533347(+0100)[ 2322: 2322] INF toggleAllButtonsinTrayForm called with disable as 0
2024-06-17 09:46:08.732503(+0100)[ 2322: 2322] DBG Opening UserName Form
2024-06-17 09:46:14.656469(+0100)[ 2322: 2322] INF UI UserNameForm Window Close Button Clicked.
ICE default IO error handler doing an exit(), pid = 2322, errno = 32
QThread: Destroyed while thread is still running
