Redirected stderr
2024-06-24 19:20:40.725440(+0100)[ 2137: 2137] INF Timezone: BST, Offset: 0, Standard Name: GMT
2024-06-24 19:20:40.725616(+0100)[ 2137: 2137] INF CLI key value unable to understand , skipping wait = false
2024-06-24 19:20:40.725630(+0100)[ 2137: 2137] INF CLI key value unable to understand , skipping externalRedirect = false
2024-06-24 19:20:40.962101(+0100)[ 2137: 2137] DBG directory : /home/hsu/.Zscaler/DB 
2024-06-24 19:20:40.962377(+0100)[ 2137: 2137] DBG notificationDB : /home/hsu/.Zscaler/DB/ZscalerApp.db
2024-06-24 19:20:41.013744(+0100)[ 2137: 2137] INF ZSATrayRpcServer startServer called!
2024-06-24 19:20:41.013864(+0100)[ 2137: 2137] INF startTrayLogMonitor called!
2024-06-24 19:20:41.013866(+0100)[ 2137: 2152] INF ZSATrayRpcServer run function called!
2024-06-24 19:20:41.013932(+0100)[ 2137: 2153] INF [LogMon] Log tag
2024-06-24 19:20:41.013955(+0100)[ 2137: 2153] INF [LogMon] Logger monitor started
2024-06-24 19:20:41.028430(+0100)[ 2137: 2137] INF createSAMLauthenticationDialog called! 
2024-06-24 19:20:41.029081(+0100)[ 2137: 2154] INF system UUID : 582aaccc1e9b11b2a85ccedde3b9dd2d
2024-06-24 19:20:41.029115(+0100)[ 2137: 2154] INF Baseboard Serial Number : L1HF162028V
2024-06-24 19:20:41.029130(+0100)[ 2137: 2154] INF disk ID : 33cf49ab8997479f9fc153f31a9347a0
2024-06-24 19:20:41.029142(+0100)[ 2137: 2154] INF legacy disk ID : 93872DAC766A4AD0BE24B9111652EB00
2024-06-24 19:20:41.029160(+0100)[ 2137: 2154] DBG Running cmd: [grep PRETTY_NAME  /etc/os-release |awk -F= '{print $2}']
2024-06-24 19:20:41.029785(+0100)[ 2137: 2137] INF Tray WorkerThread Started...!
2024-06-24 19:20:41.031093(+0100)[ 2137: 2158] DBG Tray proxy monitor thread started the monitor command (PID 2159)
2024-06-24 19:20:41.031101(+0100)[ 2137: 2154] DBG Output: "Ubuntu 20.04.6 LTS"
2024-06-24 19:20:41.031403(+0100)[ 2137: 2154] INF Config read hash: ZIY9k6MW6oE+50ZumO6pVT1y21Q=
2024-06-24 19:20:41.031673(+0100)[ 2137: 2154] DBG decryptConfig: using old password
2024-06-24 19:20:41.035716(+0100)[ 2137: 2154] INF Auth::Crypto::decrypt: Exception: I/O error: error:06065064:digital envelope routines:EVP_DecryptFinal_ex:bad decrypt
2024-06-24 19:20:41.035758(+0100)[ 2137: 2154] INF ZSAAuth::useNewDecryptPasswd = true
2024-06-24 19:20:41.040795(+0100)[ 2137: 2154] INF addHardwareIdToClientConfiguration: ZSAAuth::clientConfiguration.hardwareId is NOT empty
2024-06-24 19:20:41.041047(+0100)[ 2137: 2154] INF ZSDR: Converting Disaster Recovery Policy
2024-06-24 19:20:41.042525(+0100)[ 2137: 2154] DBG directory : /home/hsu/.Zscaler 
2024-06-24 19:20:41.042542(+0100)[ 2137: 2154] DBG Create Config File : /home/hsu/.Zscaler/c78OEbQIY+O6hOk5bxZlQDMpJc=+config.dat
2024-06-24 19:20:41.042641(+0100)[ 2137: 2154] INF Config save hash: tiPJVRmIyUYaZ4U6lxoWsXijMqs=
2024-06-24 19:20:41.042657(+0100)[ 2137: 2154] INF Initializing auth library. FIPS: 0
2024-06-24 19:20:41.042665(+0100)[ 2137: 2154] INF Getting CA certificates in file: /etc/ssl/certs/ca-certificates.crt
2024-06-24 19:20:41.042941(+0100)[ 2137: 2154] INF System Certs read from disc : 137
2024-06-24 19:20:41.042952(+0100)[ 2137: 2154] INF System certificate count: 137
2024-06-24 19:20:41.042959(+0100)[ 2137: 2154] INF Auth::Lib::initializeAuthenticationLibrary: Called: 137
2024-06-24 19:20:41.042977(+0100)[ 2137: 2154] INF Auth::Lib:loadSSLCerts: Called: 146
2024-06-24 19:20:41.050046(+0100)[ 2137: 2154] INF Auth::Lib::loadSSLCerts: Number of CA certs loaded: 142
2024-06-24 19:20:41.050071(+0100)[ 2137: 2154] INF Auth::Lib::initializeAuthenticationLibrary: Finish
2024-06-24 19:20:41.050294(+0100)[ 2137: 2154] DBG Running cmd: [gsettings get org.gnome.system.proxy mode]
2024-06-24 19:20:41.053322(+0100)[ 2137: 2154] DBG Output: 'manual'
2024-06-24 19:20:41.053355(+0100)[ 2137: 2154] DBG Running cmd: [gsettings get org.gnome.system.proxy.http host]
2024-06-24 19:20:41.055905(+0100)[ 2137: 2154] DBG Output: ''
2024-06-24 19:20:41.055942(+0100)[ 2137: 2154] DBG Running cmd: [gsettings get org.gnome.system.proxy.http port]
2024-06-24 19:20:41.058431(+0100)[ 2137: 2154] DBG Output: 8080
2024-06-24 19:20:41.058469(+0100)[ 2137: 2154] INF externalProxy :http://:8080
2024-06-24 19:20:41.058477(+0100)[ 2137: 2154] INF External Proxy: http://:8080
2024-06-24 19:20:41.058484(+0100)[ 2137: 2154] INF Auth::Lib::setAuthenticationLibraryProxy: Called: http://:8080
2024-06-24 19:20:41.058491(+0100)[ 2137: 2154] INF Skip sending user creds to tunnel: 3
2024-06-24 19:20:41.058498(+0100)[ 2137: 2154] ERR No posture profile to process
2024-06-24 19:20:41.072834(+0100)[ 2137: 2137] DBG initializeSystemTrayIcon: isSystemTrayAvailable: 0
2024-06-24 19:20:41.074580(+0100)[ 2137: 2137] INF Seed domain not configured, proceeding with auth form
2024-06-24 19:20:41.074631(+0100)[ 2137: 2154] INF No strict enforcement
2024-06-24 19:20:41.074653(+0100)[ 2137: 2154] INF startAuthentication called
2024-06-24 19:20:42.074829(+0100)[ 2137: 2137] INF toggleAllButtonsinTrayForm called with disable as 0
2024-06-24 19:20:42.201502(+0100)[ 2137: 2137] DBG Opening UserName Form
2024-06-24 19:21:12.733349(+0100)[ 2137: 2137] INF UI UserNameForm Window Close Button Clicked.
Gdk-Message: 22:57:11.668: ZSTray: Fatal IO error 11 (Resource temporarily unavailable) on X server :0.

