Redirected stderr
2024-06-29 09:53:13.286068(+0100)[ 2172: 2172] INF Timezone: BST, Offset: 0, Standard Name: GMT
2024-06-29 09:53:13.286243(+0100)[ 2172: 2172] INF CLI key value unable to understand , skipping wait = false
2024-06-29 09:53:13.286256(+0100)[ 2172: 2172] INF CLI key value unable to understand , skipping externalRedirect = false
2024-06-29 09:53:13.472835(+0100)[ 2172: 2172] DBG directory : /home/hsu/.Zscaler/DB 
2024-06-29 09:53:13.473172(+0100)[ 2172: 2172] DBG notificationDB : /home/hsu/.Zscaler/DB/ZscalerApp.db
2024-06-29 09:53:13.523825(+0100)[ 2172: 2172] INF ZSATrayRpcServer startServer called!
2024-06-29 09:53:13.523934(+0100)[ 2172: 2172] INF startTrayLogMonitor called!
2024-06-29 09:53:13.523936(+0100)[ 2172: 2185] INF ZSATrayRpcServer run function called!
2024-06-29 09:53:13.524002(+0100)[ 2172: 2186] INF [LogMon] Log tag
2024-06-29 09:53:13.524022(+0100)[ 2172: 2186] INF [LogMon] Logger monitor started
2024-06-29 09:53:13.537828(+0100)[ 2172: 2172] INF createSAMLauthenticationDialog called! 
2024-06-29 09:53:13.538422(+0100)[ 2172: 2187] INF system UUID : 582aaccc1e9b11b2a85ccedde3b9dd2d
2024-06-29 09:53:13.538454(+0100)[ 2172: 2187] INF Baseboard Serial Number : L1HF162028V
2024-06-29 09:53:13.538469(+0100)[ 2172: 2187] INF disk ID : 33cf49ab8997479f9fc153f31a9347a0
2024-06-29 09:53:13.538478(+0100)[ 2172: 2187] INF legacy disk ID : 93872DAC766A4AD0BE24B9111652EB00
2024-06-29 09:53:13.538490(+0100)[ 2172: 2187] DBG Running cmd: [grep PRETTY_NAME  /etc/os-release |awk -F= '{print $2}']
2024-06-29 09:53:13.539067(+0100)[ 2172: 2172] INF Tray WorkerThread Started...!
2024-06-29 09:53:13.540333(+0100)[ 2172: 2187] DBG Output: "Ubuntu 20.04.6 LTS"
2024-06-29 09:53:13.540326(+0100)[ 2172: 2191] DBG Tray proxy monitor thread started the monitor command (PID 2192)
2024-06-29 09:53:13.540588(+0100)[ 2172: 2187] INF Config read hash: 58nrmxHRzFohl5EX2kur87yC1Bs=
2024-06-29 09:53:13.540841(+0100)[ 2172: 2187] DBG decryptConfig: using old password
2024-06-29 09:53:13.544945(+0100)[ 2172: 2187] INF Auth::Crypto::decrypt: Exception: I/O error: error:06065064:digital envelope routines:EVP_DecryptFinal_ex:bad decrypt
2024-06-29 09:53:13.544987(+0100)[ 2172: 2187] INF ZSAAuth::useNewDecryptPasswd = true
2024-06-29 09:53:13.549934(+0100)[ 2172: 2187] INF addHardwareIdToClientConfiguration: ZSAAuth::clientConfiguration.hardwareId is NOT empty
2024-06-29 09:53:13.550216(+0100)[ 2172: 2187] INF ZSDR: Converting Disaster Recovery Policy
2024-06-29 09:53:13.551717(+0100)[ 2172: 2187] DBG directory : /home/hsu/.Zscaler 
2024-06-29 09:53:13.551735(+0100)[ 2172: 2187] DBG Create Config File : /home/hsu/.Zscaler/c78OEbQIY+O6hOk5bxZlQDMpJc=+config.dat
2024-06-29 09:53:13.551825(+0100)[ 2172: 2187] INF Config save hash: tjNOgZY7C8AtE2J9S4NT2EpP2KA=
2024-06-29 09:53:13.551841(+0100)[ 2172: 2187] INF Initializing auth library. FIPS: 0
2024-06-29 09:53:13.551849(+0100)[ 2172: 2187] INF Getting CA certificates in file: /etc/ssl/certs/ca-certificates.crt
2024-06-29 09:53:13.552128(+0100)[ 2172: 2187] INF System Certs read from disc : 137
2024-06-29 09:53:13.552139(+0100)[ 2172: 2187] INF System certificate count: 137
2024-06-29 09:53:13.552146(+0100)[ 2172: 2187] INF Auth::Lib::initializeAuthenticationLibrary: Called: 137
2024-06-29 09:53:13.552164(+0100)[ 2172: 2187] INF Auth::Lib:loadSSLCerts: Called: 146
2024-06-29 09:53:13.559649(+0100)[ 2172: 2187] INF Auth::Lib::loadSSLCerts: Number of CA certs loaded: 142
2024-06-29 09:53:13.559676(+0100)[ 2172: 2187] INF Auth::Lib::initializeAuthenticationLibrary: Finish
2024-06-29 09:53:13.559914(+0100)[ 2172: 2187] DBG Running cmd: [gsettings get org.gnome.system.proxy mode]
2024-06-29 09:53:13.562824(+0100)[ 2172: 2187] DBG Output: 'manual'
2024-06-29 09:53:13.562857(+0100)[ 2172: 2187] DBG Running cmd: [gsettings get org.gnome.system.proxy.http host]
2024-06-29 09:53:13.565221(+0100)[ 2172: 2187] DBG Output: ''
2024-06-29 09:53:13.565253(+0100)[ 2172: 2187] DBG Running cmd: [gsettings get org.gnome.system.proxy.http port]
2024-06-29 09:53:13.567744(+0100)[ 2172: 2187] DBG Output: 8080
2024-06-29 09:53:13.567797(+0100)[ 2172: 2187] INF externalProxy :http://:8080
2024-06-29 09:53:13.567811(+0100)[ 2172: 2187] INF External Proxy: http://:8080
2024-06-29 09:53:13.567823(+0100)[ 2172: 2187] INF Auth::Lib::setAuthenticationLibraryProxy: Called: http://:8080
2024-06-29 09:53:13.567837(+0100)[ 2172: 2187] INF Skip sending user creds to tunnel: 3
2024-06-29 09:53:13.567849(+0100)[ 2172: 2187] ERR No posture profile to process
2024-06-29 09:53:13.581311(+0100)[ 2172: 2172] DBG initializeSystemTrayIcon: isSystemTrayAvailable: 0
2024-06-29 09:53:13.582935(+0100)[ 2172: 2172] INF Seed domain not configured, proceeding with auth form
2024-06-29 09:53:13.583006(+0100)[ 2172: 2187] INF No strict enforcement
2024-06-29 09:53:13.583025(+0100)[ 2172: 2187] INF startAuthentication called
2024-06-29 09:53:14.583199(+0100)[ 2172: 2172] INF toggleAllButtonsinTrayForm called with disable as 0
2024-06-29 09:53:14.700212(+0100)[ 2172: 2172] DBG Opening UserName Form
2024-06-29 09:53:26.613969(+0100)[ 2172: 2172] INF UI UserNameForm Window Close Button Clicked.
ICE default IO error handler doing an exit(), pid = 2172, errno = 32
QThread: Destroyed while thread is still running
