Redirected stderr
2024-07-29 13:22:08.064355(+0100)[ 2166: 2166] INF Timezone: BST, Offset: 0, Standard Name: GMT
2024-07-29 13:22:08.065222(+0100)[ 2166: 2166] INF CLI key value unable to understand , skipping wait = false
2024-07-29 13:22:08.065246(+0100)[ 2166: 2166] INF CLI key value unable to understand , skipping externalRedirect = false
2024-07-29 13:22:08.356245(+0100)[ 2166: 2166] DBG directory : /home/hsu/.Zscaler/DB 
2024-07-29 13:22:08.358496(+0100)[ 2166: 2166] DBG notificationDB : /home/hsu/.Zscaler/DB/ZscalerApp.db
2024-07-29 13:22:08.484045(+0100)[ 2166: 2166] INF ZSATrayRpcServer startServer called!
2024-07-29 13:22:08.484130(+0100)[ 2166: 2179] INF ZSATrayRpcServer run function called!
2024-07-29 13:22:08.484166(+0100)[ 2166: 2166] INF startTrayLogMonitor called!
2024-07-29 13:22:08.484284(+0100)[ 2166: 2180] INF [LogMon] Log tag
2024-07-29 13:22:08.484302(+0100)[ 2166: 2180] INF [LogMon] Logger monitor started
2024-07-29 13:22:08.501085(+0100)[ 2166: 2166] INF createSAMLauthenticationDialog called! 
2024-07-29 13:22:08.503177(+0100)[ 2166: 2181] INF system UUID : 582aaccc1e9b11b2a85ccedde3b9dd2d
2024-07-29 13:22:08.503202(+0100)[ 2166: 2181] INF Baseboard Serial Number : L1HF162028V
2024-07-29 13:22:08.503211(+0100)[ 2166: 2181] INF disk ID : 33cf49ab8997479f9fc153f31a9347a0
2024-07-29 13:22:08.503218(+0100)[ 2166: 2181] INF legacy disk ID : 93872DAC766A4AD0BE24B9111652EB00
2024-07-29 13:22:08.503230(+0100)[ 2166: 2181] DBG Running cmd: [grep PRETTY_NAME  /etc/os-release |awk -F= '{print $2}']
2024-07-29 13:22:08.503680(+0100)[ 2166: 2166] INF Tray WorkerThread Started...!
2024-07-29 13:22:08.505218(+0100)[ 2166: 2183] DBG Tray proxy monitor thread started the monitor command (PID 2186)
2024-07-29 13:22:08.505226(+0100)[ 2166: 2181] DBG Output: "Ubuntu 20.04.6 LTS"
2024-07-29 13:22:08.506517(+0100)[ 2166: 2181] INF Config read hash: whj3GO4+00mbgorKsT81PiLG4lA=
2024-07-29 13:22:08.506858(+0100)[ 2166: 2181] DBG decryptConfig: using old password
2024-07-29 13:22:08.524048(+0100)[ 2166: 2181] INF Auth::Crypto::decrypt: Exception: I/O error: error:06065064:digital envelope routines:EVP_DecryptFinal_ex:bad decrypt
2024-07-29 13:22:08.524169(+0100)[ 2166: 2181] INF ZSAAuth::useNewDecryptPasswd = true
2024-07-29 13:22:08.539123(+0100)[ 2166: 2181] INF addHardwareIdToClientConfiguration: ZSAAuth::clientConfiguration.hardwareId is NOT empty
2024-07-29 13:22:08.539743(+0100)[ 2166: 2181] INF ZSDR: Converting Disaster Recovery Policy
2024-07-29 13:22:08.545274(+0100)[ 2166: 2181] DBG directory : /home/hsu/.Zscaler 
2024-07-29 13:22:08.545345(+0100)[ 2166: 2181] DBG Create Config File : /home/hsu/.Zscaler/c78OEbQIY+O6hOk5bxZlQDMpJc=+config.dat
2024-07-29 13:22:08.545686(+0100)[ 2166: 2181] INF Config save hash: k0TxjvoEV0JHVOg6gMYe7UmKr/Q=
2024-07-29 13:22:08.545738(+0100)[ 2166: 2181] INF Initializing auth library. FIPS: 0
2024-07-29 13:22:08.545765(+0100)[ 2166: 2181] INF Getting CA certificates in file: /etc/ssl/certs/ca-certificates.crt
2024-07-29 13:22:08.546837(+0100)[ 2166: 2181] INF System Certs read from disc : 137
2024-07-29 13:22:08.546881(+0100)[ 2166: 2181] INF System certificate count: 137
2024-07-29 13:22:08.546907(+0100)[ 2166: 2181] INF Auth::Lib::initializeAuthenticationLibrary: Called: 137
2024-07-29 13:22:08.546972(+0100)[ 2166: 2181] INF Auth::Lib:loadSSLCerts: Called: 146
2024-07-29 13:22:08.568719(+0100)[ 2166: 2181] INF Auth::Lib::loadSSLCerts: Number of CA certs loaded: 142
2024-07-29 13:22:08.568763(+0100)[ 2166: 2181] INF Auth::Lib::initializeAuthenticationLibrary: Finish
2024-07-29 13:22:08.569170(+0100)[ 2166: 2181] DBG Running cmd: [gsettings get org.gnome.system.proxy mode]
2024-07-29 13:22:08.575410(+0100)[ 2166: 2181] DBG Output: 'manual'
2024-07-29 13:22:08.575458(+0100)[ 2166: 2181] DBG Running cmd: [gsettings get org.gnome.system.proxy.http host]
2024-07-29 13:22:08.578869(+0100)[ 2166: 2181] DBG Output: ''
2024-07-29 13:22:08.578908(+0100)[ 2166: 2181] DBG Running cmd: [gsettings get org.gnome.system.proxy.http port]
2024-07-29 13:22:08.582079(+0100)[ 2166: 2181] DBG Output: 8080
2024-07-29 13:22:08.582122(+0100)[ 2166: 2181] INF externalProxy :http://:8080
2024-07-29 13:22:08.582131(+0100)[ 2166: 2181] INF External Proxy: http://:8080
2024-07-29 13:22:08.582139(+0100)[ 2166: 2181] INF Auth::Lib::setAuthenticationLibraryProxy: Called: http://:8080
2024-07-29 13:22:08.582149(+0100)[ 2166: 2181] INF Skip sending user creds to tunnel: 3
2024-07-29 13:22:08.582157(+0100)[ 2166: 2181] ERR No posture profile to process
2024-07-29 13:22:08.615268(+0100)[ 2166: 2166] DBG initializeSystemTrayIcon: isSystemTrayAvailable: 0
2024-07-29 13:22:08.617231(+0100)[ 2166: 2166] INF Seed domain not configured, proceeding with auth form
2024-07-29 13:22:08.617276(+0100)[ 2166: 2181] INF No strict enforcement
2024-07-29 13:22:08.617302(+0100)[ 2166: 2181] INF startAuthentication called
2024-07-29 13:22:09.617461(+0100)[ 2166: 2166] INF toggleAllButtonsinTrayForm called with disable as 0
2024-07-29 13:22:09.787045(+0100)[ 2166: 2166] DBG Opening UserName Form
2024-07-29 13:22:12.537132(+0100)[ 2166: 2166] INF UI UserNameForm Window Close Button Clicked.
ICE default IO error handler doing an exit(), pid = 2166, errno = 32
QThread: Destroyed while thread is still running
