Redirected stderr
2024-07-06 11:43:58.707748(+0100)[ 2121: 2121] INF Timezone: BST, Offset: 0, Standard Name: GMT
2024-07-06 11:43:58.707975(+0100)[ 2121: 2121] INF CLI key value unable to understand , skipping wait = false
2024-07-06 11:43:58.707989(+0100)[ 2121: 2121] INF CLI key value unable to understand , skipping externalRedirect = false
2024-07-06 11:43:59.011447(+0100)[ 2121: 2121] DBG directory : /home/hsu/.Zscaler/DB 
2024-07-06 11:43:59.011681(+0100)[ 2121: 2121] DBG notificationDB : /home/hsu/.Zscaler/DB/ZscalerApp.db
2024-07-06 11:43:59.073346(+0100)[ 2121: 2121] INF ZSATrayRpcServer startServer called!
2024-07-06 11:43:59.073522(+0100)[ 2121: 2121] INF startTrayLogMonitor called!
2024-07-06 11:43:59.073602(+0100)[ 2121: 2140] INF [LogMon] Log tag
2024-07-06 11:43:59.073628(+0100)[ 2121: 2140] INF [LogMon] Logger monitor started
2024-07-06 11:43:59.073660(+0100)[ 2121: 2138] INF ZSATrayRpcServer run function called!
2024-07-06 11:43:59.094575(+0100)[ 2121: 2121] INF createSAMLauthenticationDialog called! 
2024-07-06 11:43:59.095470(+0100)[ 2121: 2141] INF system UUID : 582aaccc1e9b11b2a85ccedde3b9dd2d
2024-07-06 11:43:59.095516(+0100)[ 2121: 2141] INF Baseboard Serial Number : L1HF162028V
2024-07-06 11:43:59.095534(+0100)[ 2121: 2141] INF disk ID : 33cf49ab8997479f9fc153f31a9347a0
2024-07-06 11:43:59.095548(+0100)[ 2121: 2141] INF legacy disk ID : 93872DAC766A4AD0BE24B9111652EB00
2024-07-06 11:43:59.095567(+0100)[ 2121: 2141] DBG Running cmd: [grep PRETTY_NAME  /etc/os-release |awk -F= '{print $2}']
2024-07-06 11:43:59.096832(+0100)[ 2121: 2141] DBG Output: "Ubuntu 20.04.6 LTS"
2024-07-06 11:43:59.097399(+0100)[ 2121: 2141] INF Config read hash: eLmdgE0//1zcBLi2EdXFR8FxKbE=
2024-07-06 11:43:59.097626(+0100)[ 2121: 2141] DBG decryptConfig: using old password
2024-07-06 11:43:59.102490(+0100)[ 2121: 2141] INF Auth::Crypto::decrypt: Exception: I/O error: error:06065064:digital envelope routines:EVP_DecryptFinal_ex:bad decrypt
2024-07-06 11:43:59.102526(+0100)[ 2121: 2141] INF ZSAAuth::useNewDecryptPasswd = true
2024-07-06 11:43:59.104995(+0100)[ 2121: 2121] INF Tray WorkerThread Started...!
2024-07-06 11:43:59.107165(+0100)[ 2121: 2146] DBG Tray proxy monitor thread started the monitor command (PID 2147)
2024-07-06 11:43:59.110488(+0100)[ 2121: 2141] INF addHardwareIdToClientConfiguration: ZSAAuth::clientConfiguration.hardwareId is NOT empty
2024-07-06 11:43:59.110714(+0100)[ 2121: 2141] INF ZSDR: Converting Disaster Recovery Policy
2024-07-06 11:43:59.112436(+0100)[ 2121: 2141] DBG directory : /home/hsu/.Zscaler 
2024-07-06 11:43:59.112461(+0100)[ 2121: 2141] DBG Create Config File : /home/hsu/.Zscaler/c78OEbQIY+O6hOk5bxZlQDMpJc=+config.dat
2024-07-06 11:43:59.112658(+0100)[ 2121: 2141] INF Config save hash: hdSWTU3Z4wBEPrRJjraAgS12KM4=
2024-07-06 11:43:59.112680(+0100)[ 2121: 2141] INF Initializing auth library. FIPS: 0
2024-07-06 11:43:59.112692(+0100)[ 2121: 2141] INF Getting CA certificates in file: /etc/ssl/certs/ca-certificates.crt
2024-07-06 11:43:59.113119(+0100)[ 2121: 2141] INF System Certs read from disc : 137
2024-07-06 11:43:59.113137(+0100)[ 2121: 2141] INF System certificate count: 137
2024-07-06 11:43:59.113148(+0100)[ 2121: 2141] INF Auth::Lib::initializeAuthenticationLibrary: Called: 137
2024-07-06 11:43:59.113178(+0100)[ 2121: 2141] INF Auth::Lib:loadSSLCerts: Called: 146
2024-07-06 11:43:59.121659(+0100)[ 2121: 2141] INF Auth::Lib::loadSSLCerts: Number of CA certs loaded: 142
2024-07-06 11:43:59.121693(+0100)[ 2121: 2141] INF Auth::Lib::initializeAuthenticationLibrary: Finish
2024-07-06 11:43:59.121927(+0100)[ 2121: 2141] DBG Running cmd: [gsettings get org.gnome.system.proxy mode]
2024-07-06 11:43:59.125913(+0100)[ 2121: 2141] DBG Output: 'manual'
2024-07-06 11:43:59.125954(+0100)[ 2121: 2141] DBG Running cmd: [gsettings get org.gnome.system.proxy.http host]
2024-07-06 11:43:59.128845(+0100)[ 2121: 2141] DBG Output: ''
2024-07-06 11:43:59.128882(+0100)[ 2121: 2141] DBG Running cmd: [gsettings get org.gnome.system.proxy.http port]
2024-07-06 11:43:59.131700(+0100)[ 2121: 2141] DBG Output: 8080
2024-07-06 11:43:59.131750(+0100)[ 2121: 2141] INF externalProxy :http://:8080
2024-07-06 11:43:59.131763(+0100)[ 2121: 2141] INF External Proxy: http://:8080
2024-07-06 11:43:59.131773(+0100)[ 2121: 2141] INF Auth::Lib::setAuthenticationLibraryProxy: Called: http://:8080
2024-07-06 11:43:59.131785(+0100)[ 2121: 2141] INF Skip sending user creds to tunnel: 3
2024-07-06 11:43:59.131797(+0100)[ 2121: 2141] ERR No posture profile to process
2024-07-06 11:43:59.138060(+0100)[ 2121: 2121] DBG initializeSystemTrayIcon: isSystemTrayAvailable: 0
2024-07-06 11:43:59.140333(+0100)[ 2121: 2121] INF Seed domain not configured, proceeding with auth form
2024-07-06 11:43:59.140379(+0100)[ 2121: 2141] INF No strict enforcement
2024-07-06 11:43:59.140401(+0100)[ 2121: 2141] INF startAuthentication called
2024-07-06 11:44:00.140648(+0100)[ 2121: 2121] INF toggleAllButtonsinTrayForm called with disable as 0
2024-07-06 11:44:00.283200(+0100)[ 2121: 2121] DBG Opening UserName Form
2024-07-06 11:44:03.973226(+0100)[ 2121: 2121] INF UI UserNameForm Window Close Button Clicked.
ICE default IO error handler doing an exit(), pid = 2121, errno = 32
QThread: Destroyed while thread is still running
