Redirected stderr
2024-06-27 10:26:37.804076(+0100)[ 2074: 2074] INF Timezone: BST, Offset: 0, Standard Name: GMT
2024-06-27 10:26:37.804257(+0100)[ 2074: 2074] INF CLI key value unable to understand , skipping wait = false
2024-06-27 10:26:37.804270(+0100)[ 2074: 2074] INF CLI key value unable to understand , skipping externalRedirect = false
2024-06-27 10:26:37.993664(+0100)[ 2074: 2074] DBG directory : /home/hsu/.Zscaler/DB 
2024-06-27 10:26:37.994108(+0100)[ 2074: 2074] DBG notificationDB : /home/hsu/.Zscaler/DB/ZscalerApp.db
2024-06-27 10:26:38.044738(+0100)[ 2074: 2074] INF ZSATrayRpcServer startServer called!
2024-06-27 10:26:38.044820(+0100)[ 2074: 2087] INF ZSATrayRpcServer run function called!
2024-06-27 10:26:38.044855(+0100)[ 2074: 2074] INF startTrayLogMonitor called!
2024-06-27 10:26:38.044917(+0100)[ 2074: 2088] INF [LogMon] Log tag
2024-06-27 10:26:38.044946(+0100)[ 2074: 2088] INF [LogMon] Logger monitor started
2024-06-27 10:26:38.060263(+0100)[ 2074: 2074] INF createSAMLauthenticationDialog called! 
2024-06-27 10:26:38.060923(+0100)[ 2074: 2089] INF system UUID : 582aaccc1e9b11b2a85ccedde3b9dd2d
2024-06-27 10:26:38.060954(+0100)[ 2074: 2089] INF Baseboard Serial Number : L1HF162028V
2024-06-27 10:26:38.060968(+0100)[ 2074: 2089] INF disk ID : 33cf49ab8997479f9fc153f31a9347a0
2024-06-27 10:26:38.060980(+0100)[ 2074: 2089] INF legacy disk ID : 93872DAC766A4AD0BE24B9111652EB00
2024-06-27 10:26:38.060997(+0100)[ 2074: 2089] DBG Running cmd: [grep PRETTY_NAME  /etc/os-release |awk -F= '{print $2}']
2024-06-27 10:26:38.061580(+0100)[ 2074: 2074] INF Tray WorkerThread Started...!
2024-06-27 10:26:38.062944(+0100)[ 2074: 2093] DBG Tray proxy monitor thread started the monitor command (PID 2094)
2024-06-27 10:26:38.062959(+0100)[ 2074: 2089] DBG Output: "Ubuntu 20.04.6 LTS"
2024-06-27 10:26:38.063261(+0100)[ 2074: 2089] INF Config read hash: PHSS7kaKsPsFnZI60/193331rUU=
2024-06-27 10:26:38.063676(+0100)[ 2074: 2089] DBG decryptConfig: using old password
2024-06-27 10:26:38.068759(+0100)[ 2074: 2089] INF Auth::Crypto::decrypt: Exception: I/O error: error:06065064:digital envelope routines:EVP_DecryptFinal_ex:bad decrypt
2024-06-27 10:26:38.068803(+0100)[ 2074: 2089] INF ZSAAuth::useNewDecryptPasswd = true
2024-06-27 10:26:38.073344(+0100)[ 2074: 2089] INF addHardwareIdToClientConfiguration: ZSAAuth::clientConfiguration.hardwareId is NOT empty
2024-06-27 10:26:38.073579(+0100)[ 2074: 2089] INF ZSDR: Converting Disaster Recovery Policy
2024-06-27 10:26:38.075051(+0100)[ 2074: 2089] DBG directory : /home/hsu/.Zscaler 
2024-06-27 10:26:38.075070(+0100)[ 2074: 2089] DBG Create Config File : /home/hsu/.Zscaler/c78OEbQIY+O6hOk5bxZlQDMpJc=+config.dat
2024-06-27 10:26:38.075163(+0100)[ 2074: 2089] INF Config save hash: kFfes5ZxUIv77z1O0tZDk7anDFM=
2024-06-27 10:26:38.075175(+0100)[ 2074: 2089] INF Initializing auth library. FIPS: 0
2024-06-27 10:26:38.075186(+0100)[ 2074: 2089] INF Getting CA certificates in file: /etc/ssl/certs/ca-certificates.crt
2024-06-27 10:26:38.075463(+0100)[ 2074: 2089] INF System Certs read from disc : 137
2024-06-27 10:26:38.075474(+0100)[ 2074: 2089] INF System certificate count: 137
2024-06-27 10:26:38.075480(+0100)[ 2074: 2089] INF Auth::Lib::initializeAuthenticationLibrary: Called: 137
2024-06-27 10:26:38.075499(+0100)[ 2074: 2089] INF Auth::Lib:loadSSLCerts: Called: 146
2024-06-27 10:26:38.082592(+0100)[ 2074: 2089] INF Auth::Lib::loadSSLCerts: Number of CA certs loaded: 142
2024-06-27 10:26:38.082622(+0100)[ 2074: 2089] INF Auth::Lib::initializeAuthenticationLibrary: Finish
2024-06-27 10:26:38.082845(+0100)[ 2074: 2089] DBG Running cmd: [gsettings get org.gnome.system.proxy mode]
2024-06-27 10:26:38.085752(+0100)[ 2074: 2089] DBG Output: 'manual'
2024-06-27 10:26:38.085783(+0100)[ 2074: 2089] DBG Running cmd: [gsettings get org.gnome.system.proxy.http host]
2024-06-27 10:26:38.088255(+0100)[ 2074: 2089] DBG Output: ''
2024-06-27 10:26:38.088282(+0100)[ 2074: 2089] DBG Running cmd: [gsettings get org.gnome.system.proxy.http port]
2024-06-27 10:26:38.090697(+0100)[ 2074: 2089] DBG Output: 8080
2024-06-27 10:26:38.090730(+0100)[ 2074: 2089] INF externalProxy :http://:8080
2024-06-27 10:26:38.090737(+0100)[ 2074: 2089] INF External Proxy: http://:8080
2024-06-27 10:26:38.090744(+0100)[ 2074: 2089] INF Auth::Lib::setAuthenticationLibraryProxy: Called: http://:8080
2024-06-27 10:26:38.090753(+0100)[ 2074: 2089] INF Skip sending user creds to tunnel: 3
2024-06-27 10:26:38.090760(+0100)[ 2074: 2089] ERR No posture profile to process
2024-06-27 10:26:38.100324(+0100)[ 2074: 2074] DBG initializeSystemTrayIcon: isSystemTrayAvailable: 0
2024-06-27 10:26:38.102016(+0100)[ 2074: 2074] INF Seed domain not configured, proceeding with auth form
2024-06-27 10:26:38.102056(+0100)[ 2074: 2089] INF No strict enforcement
2024-06-27 10:26:38.102079(+0100)[ 2074: 2089] INF startAuthentication called
2024-06-27 10:26:39.102253(+0100)[ 2074: 2074] INF toggleAllButtonsinTrayForm called with disable as 0
2024-06-27 10:26:39.215147(+0100)[ 2074: 2074] DBG Opening UserName Form
2024-06-27 10:26:45.384960(+0100)[ 2074: 2074] INF UI UserNameForm Window Close Button Clicked.
ICE default IO error handler doing an exit(), pid = 2074, errno = 32
QThread: Destroyed while thread is still running
