Redirected stderr
2024-06-07 09:49:30.781058(+0100)[ 2172: 2172] INF Timezone: BST, Offset: 0, Standard Name: GMT
2024-06-07 09:49:30.781259(+0100)[ 2172: 2172] INF CLI key value unable to understand , skipping wait = false
2024-06-07 09:49:30.781278(+0100)[ 2172: 2172] INF CLI key value unable to understand , skipping externalRedirect = false
2024-06-07 09:49:30.978764(+0100)[ 2172: 2172] DBG directory : /home/hsu/.Zscaler/DB 
2024-06-07 09:49:30.978891(+0100)[ 2172: 2172] DBG notificationDB : /home/hsu/.Zscaler/DB/ZscalerApp.db
2024-06-07 09:49:31.029491(+0100)[ 2172: 2172] INF ZSATrayRpcServer startServer called!
2024-06-07 09:49:31.029575(+0100)[ 2172: 2185] INF ZSATrayRpcServer run function called!
2024-06-07 09:49:31.029610(+0100)[ 2172: 2172] INF startTrayLogMonitor called!
2024-06-07 09:49:31.029689(+0100)[ 2172: 2186] INF [LogMon] Log tag
2024-06-07 09:49:31.029712(+0100)[ 2172: 2186] INF [LogMon] Logger monitor started
2024-06-07 09:49:31.043701(+0100)[ 2172: 2172] INF createSAMLauthenticationDialog called! 
2024-06-07 09:49:31.044363(+0100)[ 2172: 2187] INF system UUID : 582aaccc1e9b11b2a85ccedde3b9dd2d
2024-06-07 09:49:31.044394(+0100)[ 2172: 2187] INF Baseboard Serial Number : L1HF162028V
2024-06-07 09:49:31.044408(+0100)[ 2172: 2187] INF disk ID : 33cf49ab8997479f9fc153f31a9347a0
2024-06-07 09:49:31.044421(+0100)[ 2172: 2187] INF legacy disk ID : 93872DAC766A4AD0BE24B9111652EB00
2024-06-07 09:49:31.044439(+0100)[ 2172: 2187] DBG Running cmd: [grep PRETTY_NAME  /etc/os-release |awk -F= '{print $2}']
2024-06-07 09:49:31.044936(+0100)[ 2172: 2172] INF Tray WorkerThread Started...!
2024-06-07 09:49:31.046388(+0100)[ 2172: 2191] DBG Tray proxy monitor thread started the monitor command (PID 2192)
2024-06-07 09:49:31.046396(+0100)[ 2172: 2187] DBG Output: "Ubuntu 20.04.6 LTS"
2024-06-07 09:49:31.046990(+0100)[ 2172: 2187] INF Config read hash: XI4341S/52Y8dTD+sfnUD3xe4DY=
2024-06-07 09:49:31.047292(+0100)[ 2172: 2187] DBG decryptConfig: using old password
2024-06-07 09:49:31.052897(+0100)[ 2172: 2187] INF Auth::Crypto::decrypt: Exception: I/O error: error:06065064:digital envelope routines:EVP_DecryptFinal_ex:bad decrypt
2024-06-07 09:49:31.052975(+0100)[ 2172: 2187] INF ZSAAuth::useNewDecryptPasswd = true
2024-06-07 09:49:31.057352(+0100)[ 2172: 2187] INF addHardwareIdToClientConfiguration: ZSAAuth::clientConfiguration.hardwareId is NOT empty
2024-06-07 09:49:31.057721(+0100)[ 2172: 2187] INF ZSDR: Converting Disaster Recovery Policy
2024-06-07 09:49:31.059786(+0100)[ 2172: 2187] DBG directory : /home/hsu/.Zscaler 
2024-06-07 09:49:31.059804(+0100)[ 2172: 2187] DBG Create Config File : /home/hsu/.Zscaler/c78OEbQIY+O6hOk5bxZlQDMpJc=+config.dat
2024-06-07 09:49:31.060035(+0100)[ 2172: 2187] INF Config save hash: fnC2WL1gHIsw1rsKsVC8LZbhqGE=
2024-06-07 09:49:31.060067(+0100)[ 2172: 2187] INF Initializing auth library. FIPS: 0
2024-06-07 09:49:31.060076(+0100)[ 2172: 2187] INF Getting CA certificates in file: /etc/ssl/certs/ca-certificates.crt
2024-06-07 09:49:31.060382(+0100)[ 2172: 2187] INF System Certs read from disc : 137
2024-06-07 09:49:31.060392(+0100)[ 2172: 2187] INF System certificate count: 137
2024-06-07 09:49:31.060399(+0100)[ 2172: 2187] INF Auth::Lib::initializeAuthenticationLibrary: Called: 137
2024-06-07 09:49:31.060417(+0100)[ 2172: 2187] INF Auth::Lib:loadSSLCerts: Called: 146
2024-06-07 09:49:31.067307(+0100)[ 2172: 2187] INF Auth::Lib::loadSSLCerts: Number of CA certs loaded: 142
2024-06-07 09:49:31.067333(+0100)[ 2172: 2187] INF Auth::Lib::initializeAuthenticationLibrary: Finish
2024-06-07 09:49:31.067350(+0100)[ 2172: 2187] DBG Running cmd: [gsettings get org.gnome.system.proxy mode]
2024-06-07 09:49:31.070167(+0100)[ 2172: 2187] DBG Output: 'manual'
2024-06-07 09:49:31.070199(+0100)[ 2172: 2187] DBG Running cmd: [gsettings get org.gnome.system.proxy.http host]
2024-06-07 09:49:31.072591(+0100)[ 2172: 2187] DBG Output: ''
2024-06-07 09:49:31.072623(+0100)[ 2172: 2187] DBG Running cmd: [gsettings get org.gnome.system.proxy.http port]
2024-06-07 09:49:31.075071(+0100)[ 2172: 2187] DBG Output: 8080
2024-06-07 09:49:31.075103(+0100)[ 2172: 2187] INF externalProxy :http://:8080
2024-06-07 09:49:31.075111(+0100)[ 2172: 2187] INF External Proxy: http://:8080
2024-06-07 09:49:31.075117(+0100)[ 2172: 2187] INF Auth::Lib::setAuthenticationLibraryProxy: Called: http://:8080
2024-06-07 09:49:31.075427(+0100)[ 2172: 2187] INF ZSDR: Converting Disaster Recovery Policy
2024-06-07 09:49:31.076333(+0100)[ 2172: 2187] INF Tunnel Config Data : 
2024-06-07 09:49:31.076366(+0100)[ 2172: 2187] DBG 
 ZSATunnelConfigData 
logMode : 3, enableFips : 0
externalProxy : http://:8080, tunnelUseragent : Linux Ubuntu 20.04.6 LTS ZTunnel/1.0
systemUser : hsu
 ZSAClientConfiguration 
zpnTurnedOff :0, ziaTurnedOff : 0, upmTurnedOff : 0
userEnrolled : 1, performAutoEnrollment : 1, showTrayNotifications : 1
ZSAUserPolicyData 
upmEnabled : 1, zpna_enabled : 1
defaultAuthType : 1, errorMessage : 
ZSAClientPolicy 
proxy_enabled :1, proxy_port443
zpaEnabledForUser1, upmEnabledForUser1
SMCAResponse 
ZSAUserPrivacy 
collectUserInfo : 1, enablePacketCapture : 1, collectMachineHost : 1
FailOpenPolicy 
tunnelFailureRetryCount : 25enableWebSecOnTunnelFailure : 0
enableWebSecOnProxyUnreachable : 0, captivePortalWebSecDisableMinutes  :10
ZSATraceroutePolicy 
collectRoutInfoMinutes : 0, collectRouteInfoOnNetworkChangeEnabled : 0, collectRouteInfoOnReportAnIssueEnabled0
ZSAEndpointIntegration 
tunnelTCPLocalPort : 9000firefoxIntegration  : 1

hardware id :MjJkN2JkMDc4ZjU4OGRiYWI5YWFhZmNlNTc5OGVlNWUzMzYxY2EzZjc3NDJhM2VmN2NhNzJhNzQxYjlhMjc2OA==
2024-06-07 09:49:31.076399(+0100)[ 2172: 2187] DBG sendZSTunnelCredentials Called!
2024-06-07 09:49:31.076420(+0100)[ 2172: 2187] INF reading file :/tmp/.pid/zstunnel
2024-06-07 09:49:31.076438(+0100)[ 2172: 2187] INF pid found (889) for proc  (/tmp/.pid/zstunnel)
2024-06-07 09:49:31.076447(+0100)[ 2172: 2187] INF File type : [40000] 
2024-06-07 09:49:31.076474(+0100)[ 2172: 2187] INF getProcessFromPid: /opt/zscaler/bin/zstunnel
2024-06-07 09:49:31.076481(+0100)[ 2172: 2187] INF processMatchesBin: 1
2024-06-07 09:49:31.111419(+0100)[ 2172: 2187] DBG The server answered: '1'
2024-06-07 09:49:31.111558(+0100)[ 2172: 2187] INF Sending user creds to tunnel: 3, result (true)
2024-06-07 09:49:31.111586(+0100)[ 2172: 2187] ERR No posture profile to process
2024-06-07 09:49:31.113430(+0100)[ 2172: 2172] INF ZSATrayRpcServer request: org.freedesktop.DBus.Properties::GetAll on /var/opt/zscaler/ztray/trayObject from :1.157
2024-06-07 09:49:31.113858(+0100)[ 2172: 2172] INF ZSATrayRpcServer request: com.zscaler.ztray.Interface::sendTunnelStatus on /var/opt/zscaler/ztray/trayObject from :1.157
2024-06-07 09:49:31.113870(+0100)[ 2172: 2172] DBG Verifying RPC client :1.157 
2024-06-07 09:49:31.115404(+0100)[ 2172: 2172] INF User id received : 0 and retrieved from system user : root where the user from json : :1.157
2024-06-07 09:49:31.115655(+0100)[ 2172: 2172] INF getProcessFromPid: /opt/zscaler/bin/zstunnel
2024-06-07 09:49:31.115745(+0100)[ 2172: 2172] DBG The RPC client is from root(0) in process /opt/zscaler/bin/zstunnel(889)
2024-06-07 09:49:31.115762(+0100)[ 2172: 2172] DBG Verifying /opt/zscaler/bin/zstunnel signature for root 
2024-06-07 09:49:31.143169(+0100)[ 2172: 2172] DBG /opt/zscaler/bin/zstunnel signature for root has been verified
2024-06-07 09:49:31.143207(+0100)[ 2172: 2172] DBG Tunnel Status JSON: {"clientIP":"","isLWFDriverRunning":0,"networkState":2,"startTimeZIA":"1717753771109999","startTimeZPA":"1717753771109999","tcpProxyListeningPort":9000,"tunnelVersion":"10:0","ziaRxBytes":"0 bytes","ziaServerIP":"","ziaServerPort":443,"ziaTunnelState":0,"ziaTxBytes":"0 bytes","zpaAuthState":0,"zpaRegIP":"","zpaRxBytes":"0 bytes","zpaServerIP":"","zpaTunnelState":0,"zpaTxBytes":"0 bytes"}
2024-06-07 09:49:31.143250(+0100)[ 2172: 2172] INF ZPA state changed, From: 2 To: 0
2024-06-07 09:49:31.143259(+0100)[ 2172: 2172] INF stopZPATimer called!
2024-06-07 09:49:31.143270(+0100)[ 2172: 2172] INF stopZIATimer called!
2024-06-07 09:49:31.143301(+0100)[ 2172: 2172] INF ZIA state changed, From: 2 To: 0
2024-06-07 09:49:31.146131(+0100)[ 2172: 2172] DBG initializeSystemTrayIcon: isSystemTrayAvailable: 0
2024-06-07 09:49:31.147623(+0100)[ 2172: 2172] INF UserEnrolled, loading mainForm.
2024-06-07 09:49:31.147762(+0100)[ 2172: 2172] DBG Send config to ZSAService Called!!!
2024-06-07 09:49:31.147789(+0100)[ 2172: 2172] INF reading file :/tmp/.pid/zsaservice
2024-06-07 09:49:31.147810(+0100)[ 2172: 2172] INF pid found (789) for proc  (/tmp/.pid/zsaservice)
2024-06-07 09:49:31.147825(+0100)[ 2172: 2172] INF File type : [40000] 
2024-06-07 09:49:31.147853(+0100)[ 2172: 2172] INF getProcessFromPid: /opt/zscaler/bin/zsaservice
2024-06-07 09:49:31.147861(+0100)[ 2172: 2172] INF processMatchesBin: 1
2024-06-07 09:49:31.149385(+0100)[ 2172: 2172] DBG ServiceConfig cmd : 6
2024-06-07 09:49:31.187379(+0100)[ 2172: 2172] DBG The server answered: 
2024-06-07 09:49:31.187405(+0100)[ 2172: 2172] DBG ZSAService response: 0 
2024-06-07 09:49:31.187517(+0100)[ 2172: 2172] INF Calling init service
2024-06-07 09:49:31.194777(+0100)[ 2172: 2172] DBG Database Opened
2024-06-07 09:49:31.386383(+0100)[ 2172: 2172] DBG UI MainForm Loaded and Registering Signals for UIUpdate.
2024-06-07 09:49:31.386437(+0100)[ 2172: 2172] DBG UI: Log level init
2024-06-07 09:49:31.387970(+0100)[ 2172: 2172] INF Updating Main Form UI as per policy
2024-06-07 09:49:31.389561(+0100)[ 2172: 2172] INF Calling start service
2024-06-07 09:49:31.389678(+0100)[ 2172: 2172] DBG disableParentWidgetSignals called with disable as 0
2024-06-07 09:49:31.392826(+0100)[ 2172: 2172] INF UI UserNameForm Window Close Button Clicked.
2024-06-07 09:49:31.494634(+0100)[ 2172: 2172] DBG Updating Options Layout
2024-06-07 09:49:31.495112(+0100)[ 2172: 2172] INF showCurrentTab called, currentTab: 0
2024-06-07 09:49:33.231558(+0100)[ 2172: 2187] INF Starting ZSATunnel
2024-06-07 09:49:33.231623(+0100)[ 2172: 2187] INF Starting ZSATunnel
2024-06-07 09:49:33.231756(+0100)[ 2172: 2187] DBG Send config to ZSAService Called!!!
2024-06-07 09:49:33.231799(+0100)[ 2172: 2187] INF reading file :/tmp/.pid/zsaservice
2024-06-07 09:49:33.231828(+0100)[ 2172: 2187] INF pid found (789) for proc  (/tmp/.pid/zsaservice)
2024-06-07 09:49:33.231843(+0100)[ 2172: 2187] INF File type : [40000] 
2024-06-07 09:49:33.231887(+0100)[ 2172: 2187] INF getProcessFromPid: /opt/zscaler/bin/zsaservice
2024-06-07 09:49:33.231901(+0100)[ 2172: 2187] INF processMatchesBin: 1
2024-06-07 09:49:33.233783(+0100)[ 2172: 2187] DBG ServiceConfig cmd : 3
2024-06-07 09:49:33.243777(+0100)[ 2172: 2187] DBG The server answered: 0
2024-06-07 09:49:33.243820(+0100)[ 2172: 2187] DBG ZSAService response: 0 
2024-06-07 09:49:33.243955(+0100)[ 2172: 2187] INF ZSTunnel already running.
2024-06-07 09:49:33.244500(+0100)[ 2172: 2187] INF ZSDR: Converting Disaster Recovery Policy
2024-06-07 09:49:33.246139(+0100)[ 2172: 2187] INF Tunnel Config Data : 
2024-06-07 09:49:33.246232(+0100)[ 2172: 2187] DBG 
 ZSATunnelConfigData 
logMode : 3, enableFips : 0
externalProxy : http://:8080, tunnelUseragent : Linux Ubuntu 20.04.6 LTS ZTunnel/1.0
systemUser : hsu
 ZSAClientConfiguration 
zpnTurnedOff :0, ziaTurnedOff : 0, upmTurnedOff : 0
userEnrolled : 1, performAutoEnrollment : 1, showTrayNotifications : 1
ZSAUserPolicyData 
upmEnabled : 1, zpna_enabled : 1
defaultAuthType : 1, errorMessage : 
ZSAClientPolicy 
proxy_enabled :1, proxy_port443
zpaEnabledForUser1, upmEnabledForUser1
SMCAResponse 
ZSAUserPrivacy 
collectUserInfo : 1, enablePacketCapture : 1, collectMachineHost : 1
FailOpenPolicy 
tunnelFailureRetryCount : 25enableWebSecOnTunnelFailure : 0
enableWebSecOnProxyUnreachable : 0, captivePortalWebSecDisableMinutes  :10
ZSATraceroutePolicy 
collectRoutInfoMinutes : 0, collectRouteInfoOnNetworkChangeEnabled : 0, collectRouteInfoOnReportAnIssueEnabled0
ZSAEndpointIntegration 
tunnelTCPLocalPort : 9000firefoxIntegration  : 1

hardware id :MjJkN2JkMDc4ZjU4OGRiYWI5YWFhZmNlNTc5OGVlNWUzMzYxY2EzZjc3NDJhM2VmN2NhNzJhNzQxYjlhMjc2OA==
2024-06-07 09:49:33.246293(+0100)[ 2172: 2187] DBG sendZSTunnelCredentials Called!
2024-06-07 09:49:33.246330(+0100)[ 2172: 2187] INF reading file :/tmp/.pid/zstunnel
2024-06-07 09:49:33.246365(+0100)[ 2172: 2187] INF pid found (889) for proc  (/tmp/.pid/zstunnel)
2024-06-07 09:49:33.246382(+0100)[ 2172: 2187] INF File type : [40000] 
2024-06-07 09:49:33.246426(+0100)[ 2172: 2187] INF getProcessFromPid: /opt/zscaler/bin/zstunnel
2024-06-07 09:49:33.246438(+0100)[ 2172: 2187] INF processMatchesBin: 1
2024-06-07 09:49:34.322543(+0100)[ 2172: 2187] DBG The server answered: '1'
2024-06-07 09:49:34.322660(+0100)[ 2172: 2187] INF Sending user creds to tunnel: 1, result (true)
2024-06-07 09:49:34.335608(+0100)[ 2172: 2172] INF ZSATrayRpcServer request: org.freedesktop.DBus.Properties::GetAll on /var/opt/zscaler/ztray/trayObject from :1.179
2024-06-07 09:49:34.335939(+0100)[ 2172: 2172] INF ZSATrayRpcServer request: com.zscaler.ztray.Interface::callProxyConfig on /var/opt/zscaler/ztray/trayObject from :1.179
2024-06-07 09:49:34.335955(+0100)[ 2172: 2172] DBG Verifying RPC client :1.179 
2024-06-07 09:49:34.336857(+0100)[ 2172: 2172] INF User id received : 0 and retrieved from system user : root where the user from json : :1.179
2024-06-07 09:49:34.337056(+0100)[ 2172: 2172] INF getProcessFromPid: /opt/zscaler/bin/zstunnel
2024-06-07 09:49:34.337129(+0100)[ 2172: 2172] DBG The RPC client is from root(0) in process /opt/zscaler/bin/zstunnel(889)
2024-06-07 09:49:34.337143(+0100)[ 2172: 2172] DBG Running cmd: [gsettings list-recursively org.gnome.system.proxy]
2024-06-07 09:49:34.340778(+0100)[ 2172: 2172] DBG Output: org.gnome.system.proxy ignore-hosts ['localhost', '127.0.0.0/8', '::1']
org.gnome.system.proxy use-same-proxy true
org.gnome.system.proxy mode 'manual'
org.gnome.system.proxy autoconfig-url ''
org.gnome.system.proxy.http use-authentication false
org.gnome.system.proxy.http enabled false
org.gnome.system.proxy.http authentication-password ''
org.gnome.system.proxy.http port 8080
org.gnome.system.proxy.http host ''
org.gnome.system.proxy.http authentication-user ''
org.gnome.system.proxy.https port 0
org.gnome.system.proxy.https host ''
org.gnome.system.proxy.ftp port 0
org.gnome.system.proxy.ftp host ''
org.gnome.system.proxy.socks port 0
org.gnome.system.proxy.socks host ''
2024-06-07 09:49:34.442118(+0100)[ 2172: 2172] INF ZSATrayRpcServer request: org.freedesktop.DBus.Properties::GetAll on /var/opt/zscaler/ztray/trayObject from :1.187
2024-06-07 09:49:34.442626(+0100)[ 2172: 2172] INF ZSATrayRpcServer request: com.zscaler.ztray.Interface::sendTrayNotifications on /var/opt/zscaler/ztray/trayObject from :1.187
2024-06-07 09:49:34.442650(+0100)[ 2172: 2172] DBG Verifying RPC client :1.187 
2024-06-07 09:49:34.443911(+0100)[ 2172: 2172] INF User id received : 0 and retrieved from system user : root where the user from json : :1.187
2024-06-07 09:49:34.444272(+0100)[ 2172: 2172] INF getProcessFromPid: /opt/zscaler/bin/zstunnel
2024-06-07 09:49:34.444378(+0100)[ 2172: 2172] DBG The RPC client is from root(0) in process /opt/zscaler/bin/zstunnel(889)
2024-06-07 09:49:34.444406(+0100)[ 2172: 2172] INF RPC notification code: 101, Internet Security is Enabled.
2024-06-07 09:49:34.444840(+0100)[ 2172: 2172] INF ZSDR: Converting Disaster Recovery Policy
2024-06-07 09:49:34.445912(+0100)[ 2172: 2172] DBG directory : /home/hsu/.Zscaler 
2024-06-07 09:49:34.445953(+0100)[ 2172: 2172] DBG Create Config File : /home/hsu/.Zscaler/c78OEbQIY+O6hOk5bxZlQDMpJc=+config.dat
2024-06-07 09:49:34.446239(+0100)[ 2172: 2172] INF Config save hash: 3VyCnc0CHOna3Ut0jfpQ0J4/stQ=
2024-06-07 09:49:34.446260(+0100)[ 2172: 2172] DBG Notification Code : 101 , Notification Message : 
2024-06-07 09:49:34.454482(+0100)[ 2172: 2172] DBG AddNotification Called.
2024-06-07 09:49:34.454515(+0100)[ 2172: 2172] DBG Notification ID: 100, Notification Name : Internet Security On, Notification message ; Internet Security is Enabled., TimeStamp : Fri, Jun 7 2024 10:49:34 AM
2024-06-07 09:49:34.551488(+0100)[ 2172: 2172] INF ZSATrayRpcServer request: org.freedesktop.DBus.Properties::GetAll on /var/opt/zscaler/ztray/trayObject from :1.190
2024-06-07 09:49:34.551885(+0100)[ 2172: 2172] INF ZSATrayRpcServer request: com.zscaler.ztray.Interface::sendTrayNotifications on /var/opt/zscaler/ztray/trayObject from :1.190
2024-06-07 09:49:34.551917(+0100)[ 2172: 2172] DBG Verifying RPC client :1.190 
2024-06-07 09:49:34.552867(+0100)[ 2172: 2172] INF User id received : 0 and retrieved from system user : root where the user from json : :1.190
2024-06-07 09:49:34.553068(+0100)[ 2172: 2172] INF getProcessFromPid: /opt/zscaler/bin/zstunnel
2024-06-07 09:49:34.553151(+0100)[ 2172: 2172] DBG The RPC client is from root(0) in process /opt/zscaler/bin/zstunnel(889)
2024-06-07 09:49:34.553166(+0100)[ 2172: 2172] INF RPC notification code: 105, Private Access is Enabled.
2024-06-07 09:49:34.553463(+0100)[ 2172: 2172] INF ZSDR: Converting Disaster Recovery Policy
2024-06-07 09:49:34.554381(+0100)[ 2172: 2172] DBG directory : /home/hsu/.Zscaler 
2024-06-07 09:49:34.554401(+0100)[ 2172: 2172] DBG Create Config File : /home/hsu/.Zscaler/c78OEbQIY+O6hOk5bxZlQDMpJc=+config.dat
2024-06-07 09:49:34.554636(+0100)[ 2172: 2172] INF Config save hash: nybHQRI2W4Mk/U4EJd01rDW3BA8=
2024-06-07 09:49:34.554648(+0100)[ 2172: 2172] DBG Notification Code : 105 , Notification Message : 
2024-06-07 09:49:34.554680(+0100)[ 2172: 2172] DBG AddNotification Called.
2024-06-07 09:49:34.554686(+0100)[ 2172: 2172] DBG Notification ID: 175, Notification Name : Private Access On, Notification message ; Private Access is Enabled., TimeStamp : Fri, Jun 7 2024 10:49:34 AM
2024-06-07 09:49:34.662969(+0100)[ 2172: 2172] INF ZSATrayRpcServer request: org.freedesktop.DBus.Properties::GetAll on /var/opt/zscaler/ztray/trayObject from :1.196
2024-06-07 09:49:34.670784(+0100)[ 2172: 2172] INF ZSATrayRpcServer request: com.zscaler.ztray.Interface::sendTrayNotifications on /var/opt/zscaler/ztray/trayObject from :1.196
2024-06-07 09:49:34.670842(+0100)[ 2172: 2172] DBG Verifying RPC client :1.196 
2024-06-07 09:49:34.675813(+0100)[ 2172: 2172] INF User id received : 0 and retrieved from system user : root where the user from json : :1.196
2024-06-07 09:49:34.676996(+0100)[ 2172: 2172] INF getProcessFromPid: /opt/zscaler/bin/zstunnel
2024-06-07 09:49:34.677174(+0100)[ 2172: 2172] DBG The RPC client is from root(0) in process /opt/zscaler/bin/zstunnel(889)
2024-06-07 09:49:34.677205(+0100)[ 2172: 2172] INF RPC notification code: 120, A
2024-06-07 09:49:34.691299(+0100)[ 2172: 2172] INF ZSATrayRpcServer request: org.freedesktop.DBus.Properties::GetAll on /var/opt/zscaler/ztray/trayObject from :1.201
2024-06-07 09:49:34.695309(+0100)[ 2172: 2172] INF ZSATrayRpcServer request: com.zscaler.ztray.Interface::sendTrayNotifications on /var/opt/zscaler/ztray/trayObject from :1.201
2024-06-07 09:49:34.695419(+0100)[ 2172: 2172] DBG Verifying RPC client :1.201 
2024-06-07 09:49:34.699669(+0100)[ 2172: 2172] INF User id received : 0 and retrieved from system user : root where the user from json : :1.201
2024-06-07 09:49:34.700540(+0100)[ 2172: 2172] INF getProcessFromPid: /opt/zscaler/bin/zstunnel
2024-06-07 09:49:34.700712(+0100)[ 2172: 2172] DBG The RPC client is from root(0) in process /opt/zscaler/bin/zstunnel(889)
2024-06-07 09:49:34.700744(+0100)[ 2172: 2172] INF RPC notification code: 120, A
2024-06-07 09:49:34.705985(+0100)[ 2172: 2172] INF ZSATrayRpcServer request: org.freedesktop.DBus.Properties::GetAll on /var/opt/zscaler/ztray/trayObject from :1.204
2024-06-07 09:49:34.711778(+0100)[ 2172: 2172] INF ZSATrayRpcServer request: com.zscaler.ztray.Interface::sendTrayNotifications on /var/opt/zscaler/ztray/trayObject from :1.204
2024-06-07 09:49:34.711873(+0100)[ 2172: 2172] DBG Verifying RPC client :1.204 
2024-06-07 09:49:34.715407(+0100)[ 2172: 2172] INF User id received : 0 and retrieved from system user : root where the user from json : :1.204
2024-06-07 09:49:34.716111(+0100)[ 2172: 2172] INF getProcessFromPid: /opt/zscaler/bin/zstunnel
2024-06-07 09:49:34.716441(+0100)[ 2172: 2172] DBG The RPC client is from root(0) in process /opt/zscaler/bin/zstunnel(889)
2024-06-07 09:49:34.716477(+0100)[ 2172: 2172] INF RPC notification code: 120, A
2024-06-07 09:49:35.070834(+0100)[ 2172: 2172] INF ZSATrayRpcServer request: org.freedesktop.DBus.Properties::GetAll on /var/opt/zscaler/ztray/trayObject from :1.222
2024-06-07 09:49:35.072761(+0100)[ 2172: 2172] INF ZSATrayRpcServer request: com.zscaler.ztray.Interface::sendTrayNotifications on /var/opt/zscaler/ztray/trayObject from :1.222
2024-06-07 09:49:35.072918(+0100)[ 2172: 2172] DBG Verifying RPC client :1.222 
2024-06-07 09:49:35.077683(+0100)[ 2172: 2172] INF User id received : 0 and retrieved from system user : root where the user from json : :1.222
2024-06-07 09:49:35.078039(+0100)[ 2172: 2172] INF getProcessFromPid: /opt/zscaler/bin/zstunnel
2024-06-07 09:49:35.078363(+0100)[ 2172: 2172] DBG The RPC client is from root(0) in process /opt/zscaler/bin/zstunnel(889)
2024-06-07 09:49:35.078444(+0100)[ 2172: 2172] INF RPC notification code: 112, A
2024-06-07 09:49:35.086343(+0100)[ 2172: 2172] INF ZSATrayRpcServer request: org.freedesktop.DBus.Properties::GetAll on /var/opt/zscaler/ztray/trayObject from :1.225
2024-06-07 09:49:35.088460(+0100)[ 2172: 2172] INF ZSATrayRpcServer request: com.zscaler.ztray.Interface::sendTrayNotifications on /var/opt/zscaler/ztray/trayObject from :1.225
2024-06-07 09:49:35.088515(+0100)[ 2172: 2172] DBG Verifying RPC client :1.225 
2024-06-07 09:49:35.090607(+0100)[ 2172: 2172] INF User id received : 0 and retrieved from system user : root where the user from json : :1.225
2024-06-07 09:49:35.091479(+0100)[ 2172: 2172] INF getProcessFromPid: /opt/zscaler/bin/zstunnel
2024-06-07 09:49:35.091762(+0100)[ 2172: 2172] DBG The RPC client is from root(0) in process /opt/zscaler/bin/zstunnel(889)
2024-06-07 09:49:35.091791(+0100)[ 2172: 2172] INF RPC notification code: 113, A
2024-06-07 09:49:35.322781(+0100)[ 2172: 2187] INF ZSATunnel Started
2024-06-07 09:49:35.322835(+0100)[ 2172: 2172] DBG disableParentWidgetSignals called with disable as 0
2024-06-07 09:49:35.322933(+0100)[ 2172: 2187] INF Directory to monitor: /home/hsu/.Zscaler
2024-06-07 09:49:35.322964(+0100)[ 2172: 2187] INF File to monitor: /home/hsu/.Zscaler/c78OEbQIY+O6hOk5bxZlQDMpJc=+config.dat
2024-06-07 09:49:35.323167(+0100)[ 2172: 2187] INF Starting ZSATunnel
2024-06-07 09:49:35.323376(+0100)[ 2172: 2187] DBG Send config to ZSAService Called!!!
2024-06-07 09:49:35.323436(+0100)[ 2172: 2187] INF reading file :/tmp/.pid/zsaservice
2024-06-07 09:49:35.323487(+0100)[ 2172: 2187] INF pid found (789) for proc  (/tmp/.pid/zsaservice)
2024-06-07 09:49:35.323513(+0100)[ 2172: 2187] INF File type : [40000] 
2024-06-07 09:49:35.323576(+0100)[ 2172: 2187] INF getProcessFromPid: /opt/zscaler/bin/zsaservice
2024-06-07 09:49:35.323594(+0100)[ 2172: 2187] INF processMatchesBin: 1
2024-06-07 09:49:35.326747(+0100)[ 2172: 2187] DBG ServiceConfig cmd : 3
2024-06-07 09:49:35.339452(+0100)[ 2172: 2187] DBG The server answered: 0
2024-06-07 09:49:35.339531(+0100)[ 2172: 2187] DBG ZSAService response: 0 
2024-06-07 09:49:35.339746(+0100)[ 2172: 2187] INF ZSTunnel already running.
2024-06-07 09:49:35.340383(+0100)[ 2172: 2187] INF ZSDR: Converting Disaster Recovery Policy
2024-06-07 09:49:35.342828(+0100)[ 2172: 2187] INF Tunnel Config Data : 
2024-06-07 09:49:35.343084(+0100)[ 2172: 2187] DBG 
 ZSATunnelConfigData 
logMode : 3, enableFips : 0
externalProxy : http://:8080, tunnelUseragent : Linux Ubuntu 20.04.6 LTS ZTunnel/1.0
systemUser : hsu
 ZSAClientConfiguration 
zpnTurnedOff :0, ziaTurnedOff : 0, upmTurnedOff : 0
userEnrolled : 1, performAutoEnrollment : 1, showTrayNotifications : 1
ZSAUserPolicyData 
upmEnabled : 1, zpna_enabled : 1
defaultAuthType : 1, errorMessage : 
ZSAClientPolicy 
proxy_enabled :1, proxy_port443
zpaEnabledForUser1, upmEnabledForUser1
SMCAResponse 
ZSAUserPrivacy 
collectUserInfo : 1, enablePacketCapture : 1, collectMachineHost : 1
FailOpenPolicy 
tunnelFailureRetryCount : 25enableWebSecOnTunnelFailure : 0
enableWebSecOnProxyUnreachable : 0, captivePortalWebSecDisableMinutes  :10
ZSATraceroutePolicy 
collectRoutInfoMinutes : 0, collectRouteInfoOnNetworkChangeEnabled : 0, collectRouteInfoOnReportAnIssueEnabled0
ZSAEndpointIntegration 
tunnelTCPLocalPort : 9000firefoxIntegration  : 1

hardware id :MjJkN2JkMDc4ZjU4OGRiYWI5YWFhZmNlNTc5OGVlNWUzMzYxY2EzZjc3NDJhM2VmN2NhNzJhNzQxYjlhMjc2OA==
2024-06-07 09:49:35.343180(+0100)[ 2172: 2187] DBG sendZSTunnelCredentials Called!
2024-06-07 09:49:35.343231(+0100)[ 2172: 2187] INF reading file :/tmp/.pid/zstunnel
2024-06-07 09:49:35.343282(+0100)[ 2172: 2187] INF pid found (889) for proc  (/tmp/.pid/zstunnel)
2024-06-07 09:49:35.343304(+0100)[ 2172: 2187] INF File type : [40000] 
2024-06-07 09:49:35.343364(+0100)[ 2172: 2187] INF getProcessFromPid: /opt/zscaler/bin/zstunnel
2024-06-07 09:49:35.343381(+0100)[ 2172: 2187] INF processMatchesBin: 1
2024-06-07 09:49:35.363643(+0100)[ 2172: 2187] DBG The server answered: '1'
2024-06-07 09:49:35.363942(+0100)[ 2172: 2187] INF Sending user creds to tunnel: 1, result (true)
2024-06-07 09:49:35.364016(+0100)[ 2172: 2187] INF ZTunnel service started
2024-06-07 09:49:35.364057(+0100)[ 2172: 2187] INF startAuthentication called
2024-06-07 09:49:35.431329(+0100)[ 2172: 2172] INF ZSATrayRpcServer request: org.freedesktop.DBus.Properties::GetAll on /var/opt/zscaler/ztray/trayObject from :1.241
2024-06-07 09:49:35.432335(+0100)[ 2172: 2172] INF ZSATrayRpcServer request: com.zscaler.ztray.Interface::sendTrayNotifications on /var/opt/zscaler/ztray/trayObject from :1.241
2024-06-07 09:49:35.432385(+0100)[ 2172: 2172] DBG Verifying RPC client :1.241 
2024-06-07 09:49:35.434945(+0100)[ 2172: 2172] INF User id received : 0 and retrieved from system user : root where the user from json : :1.241
2024-06-07 09:49:35.435442(+0100)[ 2172: 2172] INF getProcessFromPid: /opt/zscaler/bin/zstunnel
2024-06-07 09:49:35.435620(+0100)[ 2172: 2172] DBG The RPC client is from root(0) in process /opt/zscaler/bin/zstunnel(889)
2024-06-07 09:49:35.435652(+0100)[ 2172: 2172] INF RPC notification code: 107, Private Access is Connected.
2024-06-07 09:49:35.436190(+0100)[ 2172: 2172] INF ZSDR: Converting Disaster Recovery Policy
2024-06-07 09:49:35.438240(+0100)[ 2172: 2172] DBG directory : /home/hsu/.Zscaler 
2024-06-07 09:49:35.438303(+0100)[ 2172: 2172] DBG Create Config File : /home/hsu/.Zscaler/c78OEbQIY+O6hOk5bxZlQDMpJc=+config.dat
2024-06-07 09:49:35.438725(+0100)[ 2172: 2717] INF Restarting config monitor timer
2024-06-07 09:49:35.438779(+0100)[ 2172: 2172] INF Config save hash: BOsNcWSmkO3zmIDKcJXywkCDHAo=
2024-06-07 09:49:35.438838(+0100)[ 2172: 2172] DBG Notification Code : 107 , Notification Message : 
2024-06-07 09:49:35.438885(+0100)[ 2172: 2172] DBG AddNotification Called.
2024-06-07 09:49:35.438897(+0100)[ 2172: 2172] DBG Notification ID: 175, Notification Name : Private Access Connected, Notification message ; Private Access is Connected., TimeStamp : Fri, Jun 7 2024 10:49:35 AM
2024-06-07 09:49:35.460873(+0100)[ 2172: 2172] INF ZSATrayRpcServer request: org.freedesktop.DBus.Properties::GetAll on /var/opt/zscaler/ztray/trayObject from :1.242
2024-06-07 09:49:35.461641(+0100)[ 2172: 2172] INF ZSATrayRpcServer request: com.zscaler.ztray.Interface::sendTunnelStatus on /var/opt/zscaler/ztray/trayObject from :1.242
2024-06-07 09:49:35.461683(+0100)[ 2172: 2172] DBG Verifying RPC client :1.242 
2024-06-07 09:49:35.463527(+0100)[ 2172: 2172] INF User id received : 0 and retrieved from system user : root where the user from json : :1.242
2024-06-07 09:49:35.463961(+0100)[ 2172: 2172] INF getProcessFromPid: /opt/zscaler/bin/zstunnel
2024-06-07 09:49:35.464130(+0100)[ 2172: 2172] DBG The RPC client is from root(0) in process /opt/zscaler/bin/zstunnel(889)
2024-06-07 09:49:35.464163(+0100)[ 2172: 2172] DBG Tunnel Status JSON: {"clientIP":"146.169.193.172","isLWFDriverRunning":0,"networkState":0,"startTimeZIA":"1717753771109999","startTimeZPA":"1717753775456834","tcpProxyListeningPort":9000,"tunnelVersion":"","ziaRxBytes":"885 bytes","ziaServerIP":"165.225.80.40","ziaServerPort":443,"ziaTunnelState":3,"ziaTxBytes":"203 bytes","zpaAuthState":0,"zpaRegIP":"","zpaRxBytes":"0 bytes","zpaServerIP":"146.179.3.204","zpaTunnelState":4,"zpaTxBytes":"0 bytes"}
2024-06-07 09:49:35.464240(+0100)[ 2172: 2172] INF ZPA state changed, From: 2 To: 4
2024-06-07 09:49:35.464258(+0100)[ 2172: 2172] INF stopZPATimer called!
2024-06-07 09:49:35.464286(+0100)[ 2172: 2172] INF stopZIATimer called!
2024-06-07 09:49:35.464302(+0100)[ 2172: 2172] INF ZIA state changed, From: 2 To: 3
2024-06-07 09:49:35.464314(+0100)[ 2172: 2172] INF Network type changed, From: 2 To: 0
2024-06-07 09:49:35.464325(+0100)[ 2172: 2172] DBG UpdateDashBoard Triggered
2024-06-07 09:49:35.464401(+0100)[ 2172: 2172] DBG Update DashBoard Triggered in MainForm
2024-06-07 09:49:35.468826(+0100)[ 2172: 2172] INF showCurrentTab called, currentTab: 0
2024-06-07 09:49:35.478900(+0100)[ 2172: 2172] DBG updating packet capture state to OFF
2024-06-07 09:49:36.146845(+0100)[ 2172: 2172] INF ZSATrayRpcServer request: org.freedesktop.DBus.Properties::GetAll on /var/opt/zscaler/ztray/trayObject from :1.261
2024-06-07 09:49:36.147463(+0100)[ 2172: 2172] INF ZSATrayRpcServer request: com.zscaler.ztray.Interface::sendTrayNotifications on /var/opt/zscaler/ztray/trayObject from :1.261
2024-06-07 09:49:36.147492(+0100)[ 2172: 2172] DBG Verifying RPC client :1.261 
2024-06-07 09:49:36.148703(+0100)[ 2172: 2172] INF User id received : 0 and retrieved from system user : root where the user from json : :1.261
2024-06-07 09:49:36.148959(+0100)[ 2172: 2172] INF getProcessFromPid: /opt/zscaler/bin/zstunnel
2024-06-07 09:49:36.149068(+0100)[ 2172: 2172] DBG The RPC client is from root(0) in process /opt/zscaler/bin/zstunnel(889)
2024-06-07 09:49:36.149095(+0100)[ 2172: 2172] INF RPC notification code: 112, A
2024-06-07 09:49:36.364183(+0100)[ 2172: 2187] DBG ZSTrayWorkerThread updater timer triggerred
2024-06-07 09:49:36.364201(+0100)[ 2172: 2172] DBG disableParentWidgetSignals called with disable as 0
2024-06-07 09:49:36.364264(+0100)[ 2172: 2187] DBG Update App without notif
2024-06-07 09:49:36.364279(+0100)[ 2172: 2187] DBG Will perform auto update
2024-06-07 09:49:36.364346(+0100)[ 2172: 2187] INF isCloudProxyEnabled = true
2024-06-07 09:49:36.364361(+0100)[ 2172: 2187] INF Auth::Lib::executeServerGetAPI: Begin
2024-06-07 09:49:36.364369(+0100)[ 2172: 2187] INF Auth::Lib::executeServerGetAPI: Trial: 0
2024-06-07 09:49:36.383231(+0100)[ 2172: 2187] INF Auth::Lib::executeServerGetAPI: http://gateway.zscaler.net/generate_204
2024-06-07 09:49:36.386688(+0100)[ 2172: 2187] INF Auth::Lib::executeServerGetAPI: Response: 204
2024-06-07 09:49:36.386788(+0100)[ 2172: 2187] INF Auth::Lib::callMobileAdminGetAPI: Finish
2024-06-07 09:49:36.386806(+0100)[ 2172: 2187] INF Auth::Lib::executeServerGetAPI: Failed
2024-06-07 09:49:36.386819(+0100)[ 2172: 2187] INF Auth::Library::apiCheckForAppUpdatesV4: Called
2024-06-07 09:49:36.386900(+0100)[ 2172: 2187] INF Auth::Lib::executeMobileAdminPostAPI: Begin
2024-06-07 09:49:36.386933(+0100)[ 2172: 2187] INF Auth::Lib::executeMobileAdminPostAPI: Trial: 0
2024-06-07 09:49:36.387160(+0100)[ 2172: 2187] INF Auth::Lib::executeMobileAdminPostAPI: https://mobile.zscaler.net/webservice/api/mobile/zccAutoUpdate/updateClientV2
2024-06-07 09:49:36.970145(+0100)[ 2172: 2187] INF Auth::Lib::executeMobileAdminPostAPI: Response: 200, Length: 453
2024-06-07 09:49:36.970193(+0100)[ 2172: 2187] INF Auth::Lib::executeMobileAdminPostAPI: Server header: Zscaler
2024-06-07 09:49:36.970206(+0100)[ 2172: 2187] INF Auth::Lib::executeMobileAdminPostAPI: Response does not contain X-ZS-MAG-Info header
2024-06-07 09:49:36.970238(+0100)[ 2172: 2187] INF Response: {"zccDownloadUrl":"https://d32a6ru7mhaq0c.cloudfront.net/Zscaler-linux-1.5.0.66-installer.run","zccChecksum":"fa0803a010bb3d90587ba1d85d4485498c780af429301c3d445fd958cf804788","zccSecondaryDownloadUrl":"https://d32a6ru7mhaq0c.cloudfront.net/zscaler-client_1.5.0.66-0_amd64.deb","zccSecondaryChecksum":"67bb4b95d02f37b6c43ebaef95def2aa7c4d96144afff7fb8780f35e92cf8e77","applicationVersion":"1.5.0.66","applicationName":"Zscaler","clientPlatform":"linux"}
2024-06-07 09:49:36.970351(+0100)[ 2172: 2187] INF Auth::Lib::executeMobileAdminPostAPI: Finish
2024-06-07 09:49:36.970367(+0100)[ 2172: 2187] INF Auth::Library::apiCheckForAppUpdatesV4: Response received: {"zccDownloadUrl":"https://d32a6ru7mhaq0c.cloudfront.net/Zscaler-linux-1.5.0.66-installer.run","zccChecksum":"fa0803a010bb3d90587ba1d85d4485498c780af429301c3d445fd958cf804788","zccSecondaryDownloadUrl":"https://d32a6ru7mhaq0c.cloudfront.net/zscaler-client_1.5.0.66-0_amd64.deb","zccSecondaryChecksum":"67bb4b95d02f37b6c43ebaef95def2aa7c4d96144afff7fb8780f35e92cf8e77","applicationVersion":"1.5.0.66","applicationName":"Zscaler","clientPlatform":"linux"}, size: 453
2024-06-07 09:49:36.970384(+0100)[ 2172: 2187] INF Auth::Library::apiCheckForAppUpdatesV4: Trying to parse response
2024-06-07 09:49:36.970435(+0100)[ 2172: 2187] INF Auth::Library::apiCheckForAppUpdatesV4: Finish
2024-06-07 09:49:36.970449(+0100)[ 2172: 2187] INF App Update API response : {"error":"0","errorMessage":"","response":{"applicationName":"Zscaler","applicationVersion":"1.5.0.66","clientPlatform":"linux","zccChecksum":"fa0803a010bb3d90587ba1d85d4485498c780af429301c3d445fd958cf804788","zccDownloadUrl":"https://d32a6ru7mhaq0c.cloudfront.net/Zscaler-linux-1.5.0.66-installer.run","zccSecondaryChecksum":"67bb4b95d02f37b6c43ebaef95def2aa7c4d96144afff7fb8780f35e92cf8e77","zccSecondaryDownloadUrl":"https://d32a6ru7mhaq0c.cloudfront.net/zscaler-client_1.5.0.66-0_amd64.deb"},"success":"true"}
2024-06-07 09:49:36.970512(+0100)[ 2172: 2187] INF Current ZCC version: 1.5.0.66
2024-06-07 09:49:36.970524(+0100)[ 2172: 2187] INF Available ZCC version: 1.5.0.66
2024-06-07 09:49:36.970536(+0100)[ 2172: 2187] INF isUpdateAvailable: 0
2024-06-07 09:49:36.970556(+0100)[ 2172: 2187] DBG ZSTrayWorkerThread keep alive timer triggerred
2024-06-07 09:49:36.970563(+0100)[ 2172: 2187] DBG Sending Keep-Alive
2024-06-07 09:49:36.970578(+0100)[ 2172: 2187] DBG Running cmd: [uname -m]
2024-06-07 09:49:36.972383(+0100)[ 2172: 2187] DBG Output: x86_64
2024-06-07 09:49:36.972437(+0100)[ 2172: 2187] DBG Arch Type: x86_64
2024-06-07 09:49:37.086481(+0100)[ 2172: 2172] INF ZSATrayRpcServer request: org.freedesktop.DBus.Properties::GetAll on /var/opt/zscaler/ztray/trayObject from :1.284
2024-06-07 09:49:37.087623(+0100)[ 2172: 2172] INF ZSATrayRpcServer request: com.zscaler.ztray.Interface::sendTrayNotifications on /var/opt/zscaler/ztray/trayObject from :1.284
2024-06-07 09:49:37.087973(+0100)[ 2172: 2172] DBG Verifying RPC client :1.284 
2024-06-07 09:49:37.091173(+0100)[ 2172: 2172] INF User id received : 0 and retrieved from system user : root where the user from json : :1.284
2024-06-07 09:49:37.091584(+0100)[ 2172: 2172] INF getProcessFromPid: /opt/zscaler/bin/zstunnel
2024-06-07 09:49:37.091747(+0100)[ 2172: 2172] DBG The RPC client is from root(0) in process /opt/zscaler/bin/zstunnel(889)
2024-06-07 09:49:37.091774(+0100)[ 2172: 2172] INF RPC notification code: 120, A
2024-06-07 09:49:37.413198(+0100)[ 2172: 2172] INF ZSATrayRpcServer request: org.freedesktop.DBus.Properties::GetAll on /var/opt/zscaler/ztray/trayObject from :1.294
2024-06-07 09:49:37.415802(+0100)[ 2172: 2172] INF ZSATrayRpcServer request: com.zscaler.ztray.Interface::sendTrayNotifications on /var/opt/zscaler/ztray/trayObject from :1.294
2024-06-07 09:49:37.415872(+0100)[ 2172: 2172] DBG Verifying RPC client :1.294 
2024-06-07 09:49:37.417530(+0100)[ 2172: 2172] INF User id received : 0 and retrieved from system user : root where the user from json : :1.294
2024-06-07 09:49:37.417850(+0100)[ 2172: 2172] INF getProcessFromPid: /opt/zscaler/bin/zstunnel
2024-06-07 09:49:37.417961(+0100)[ 2172: 2172] DBG The RPC client is from root(0) in process /opt/zscaler/bin/zstunnel(889)
2024-06-07 09:49:37.417981(+0100)[ 2172: 2172] INF RPC notification code: 112, A
2024-06-07 09:49:38.438536(+0100)[ 2172: 2737] INF Configuration Monitor timer triggered
2024-06-07 09:49:38.438621(+0100)[ 2172: 2737] INF Config File modified!
2024-06-07 09:49:43.202563(+0100)[ 2172: 2187] INF Sending Keep Alive with config version: 2122641 
 apiRequest: {"appVersion":"1.5.0.66","deviceId":"112493969","enforcementEnabled":"0","groupIds":"68703116","health":"1","hwid":"MjJkN2JkMDc4ZjU4OGRiYWI5YWFhZmNlNTc5OGVlNWUzMzYxY2EzZjc3NDJhM2VmN2NhNzJhNzQxYjlhMjc2OA==","lwfDriverStatus":"\u0000","machineHostname":"hsu-thinkpad","osType":"5","osVersion":"Ubuntu 20.04.6 LTS;x86_64","policyVersion":"2122641","refreshServicePassword":"0","tunnelVersion":"","udid":"MjJkN2JkMDc4ZjU4OGRiYWI5YWFhZmNlNTc5OGVlNWUzMzYxY2EzZjc3NDJhM2VmN2NhNzJhNzQxYjlhMjc2OA==:c78OEbQIY+O6hOk/5bxZlQDMpJc=","upmVersion":"1.0.1.0"}
2024-06-07 09:49:43.202652(+0100)[ 2172: 2187] INF Auth::Library::apiMobileAdminKeepAliveV3: Called
2024-06-07 09:49:43.202719(+0100)[ 2172: 2187] INF isCloudProxyEnabled = true
2024-06-07 09:49:43.202737(+0100)[ 2172: 2187] INF Auth::Lib::executeServerGetAPI: Begin
2024-06-07 09:49:43.202746(+0100)[ 2172: 2187] INF Auth::Lib::executeServerGetAPI: Trial: 0
2024-06-07 09:49:43.271637(+0100)[ 2172: 2187] INF Auth::Lib::executeServerGetAPI: http://gateway.zscaler.net/generate_204
2024-06-07 09:49:43.286832(+0100)[ 2172: 2187] INF Auth::Lib::executeServerGetAPI: Response: 204
2024-06-07 09:49:43.286934(+0100)[ 2172: 2187] INF Auth::Lib::callMobileAdminGetAPI: Finish
2024-06-07 09:49:43.286954(+0100)[ 2172: 2187] INF Auth::Lib::executeServerGetAPI: Failed
2024-06-07 09:49:43.287056(+0100)[ 2172: 2187] INF Auth::Lib::executeMobileAdminPostAPI: Begin
2024-06-07 09:49:43.287075(+0100)[ 2172: 2187] INF Auth::Lib::executeMobileAdminPostAPI: Trial: 0
2024-06-07 09:49:43.287320(+0100)[ 2172: 2187] INF Auth::Lib::executeMobileAdminPostAPI: https://mobile.zscaler.net/api/mobile/policy/keepAlive
2024-06-07 09:49:44.175102(+0100)[ 2172: 2187] INF Auth::Lib::executeMobileAdminPostAPI: Response: 200, Length: 551
2024-06-07 09:49:44.175165(+0100)[ 2172: 2187] INF Auth::Lib::executeMobileAdminPostAPI: Server header: Zscaler
2024-06-07 09:49:44.175175(+0100)[ 2172: 2187] INF Auth::Lib::executeMobileAdminPostAPI: Response does not contain X-ZS-MAG-Info header
2024-06-07 09:49:44.175200(+0100)[ 2172: 2187] INF Response: {"success":"true","policyId":47863,"policyTimestamp":1716373924000,"config_version":"2122641","aup_type":0,"aup_days":0,"proxy_enabled":"true","zpn_enabled":"true","upm_enabled":"true","zad_enabled":"false","zdp_enabled":"false","themeVersion":0,"companySize":"20404","keepAliveDisabled":0,"logFetchTs":0,"policyVersion":1416432015,"companyConfigVersion":1740118143,"postureVersion":382695,"zccForceRevert":0,"partnersAllowedToLogin":false,"userAllowedToAddPartner":false,"use37TunnelForIos":false,"use37TunnelForAndroid":false,"zdxLiteEnabled":false}
2024-06-07 09:49:44.175318(+0100)[ 2172: 2187] INF Auth::Lib::executeMobileAdminPostAPI: Finish
2024-06-07 09:49:44.175413(+0100)[ 2172: 2187] INF Auth::Library::apiMobileAdminKeepAliveV3: Finish
2024-06-07 09:49:44.175464(+0100)[ 2172: 2187] INF Keep Alive success
2024-06-07 09:49:44.175908(+0100)[ 2172: 2187] INF ZSDR: Converting Disaster Recovery Policy
2024-06-07 09:49:44.177301(+0100)[ 2172: 2187] INF Tunnel Config Data : 
2024-06-07 09:49:44.177376(+0100)[ 2172: 2187] DBG 
 ZSATunnelConfigData 
logMode : 3, enableFips : 0
externalProxy : http://:8080, tunnelUseragent : Linux Ubuntu 20.04.6 LTS ZTunnel/1.0
systemUser : hsu
 ZSAClientConfiguration 
zpnTurnedOff :0, ziaTurnedOff : 0, upmTurnedOff : 0
userEnrolled : 1, performAutoEnrollment : 1, showTrayNotifications : 1
ZSAUserPolicyData 
upmEnabled : 1, zpna_enabled : 1
defaultAuthType : 1, errorMessage : 
ZSAClientPolicy 
proxy_enabled :1, proxy_port443
zpaEnabledForUser1, upmEnabledForUser1
SMCAResponse 
ZSAUserPrivacy 
collectUserInfo : 1, enablePacketCapture : 1, collectMachineHost : 1
FailOpenPolicy 
tunnelFailureRetryCount : 25enableWebSecOnTunnelFailure : 0
enableWebSecOnProxyUnreachable : 0, captivePortalWebSecDisableMinutes  :10
ZSATraceroutePolicy 
collectRoutInfoMinutes : 0, collectRouteInfoOnNetworkChangeEnabled : 0, collectRouteInfoOnReportAnIssueEnabled0
ZSAEndpointIntegration 
tunnelTCPLocalPort : 9000firefoxIntegration  : 1

hardware id :MjJkN2JkMDc4ZjU4OGRiYWI5YWFhZmNlNTc5OGVlNWUzMzYxY2EzZjc3NDJhM2VmN2NhNzJhNzQxYjlhMjc2OA==
2024-06-07 09:49:44.177430(+0100)[ 2172: 2187] DBG sendZSTunnelCredentials Called!
2024-06-07 09:49:44.177471(+0100)[ 2172: 2187] INF reading file :/tmp/.pid/zstunnel
2024-06-07 09:49:44.177499(+0100)[ 2172: 2187] INF pid found (889) for proc  (/tmp/.pid/zstunnel)
2024-06-07 09:49:44.177526(+0100)[ 2172: 2187] INF File type : [40000] 
2024-06-07 09:49:44.177576(+0100)[ 2172: 2187] INF getProcessFromPid: /opt/zscaler/bin/zstunnel
2024-06-07 09:49:44.177590(+0100)[ 2172: 2187] INF processMatchesBin: 1
2024-06-07 09:49:44.184111(+0100)[ 2172: 2187] DBG The server answered: '1'
2024-06-07 09:49:44.184335(+0100)[ 2172: 2187] INF Sending user creds to tunnel: 7, result (true)
2024-06-07 09:49:44.184751(+0100)[ 2172: 2187] INF ZSDR: Converting Disaster Recovery Policy
2024-06-07 09:49:44.186011(+0100)[ 2172: 2187] DBG directory : /home/hsu/.Zscaler 
2024-06-07 09:49:44.186051(+0100)[ 2172: 2187] DBG Create Config File : /home/hsu/.Zscaler/c78OEbQIY+O6hOk5bxZlQDMpJc=+config.dat
2024-06-07 09:49:44.186343(+0100)[ 2172: 2717] INF Restarting config monitor timer
2024-06-07 09:49:44.186391(+0100)[ 2172: 2187] INF Config save hash: CQ++rexZ79gGQBYTSVQu6GPs0vY=
2024-06-07 09:49:44.186691(+0100)[ 2172: 2187] ERR No posture profile to process
2024-06-07 09:49:44.186749(+0100)[ 2172: 2187] DBG Running cmd: [gsettings get org.gnome.system.proxy mode]
2024-06-07 09:49:44.194305(+0100)[ 2172: 2187] DBG Output: 'manual'
2024-06-07 09:49:44.194406(+0100)[ 2172: 2187] DBG Running cmd: [gsettings get org.gnome.system.proxy.http host]
2024-06-07 09:49:44.199896(+0100)[ 2172: 2187] DBG Output: ''
2024-06-07 09:49:44.199958(+0100)[ 2172: 2187] DBG Running cmd: [gsettings get org.gnome.system.proxy.http port]
2024-06-07 09:49:44.203993(+0100)[ 2172: 2187] DBG Output: 8080
2024-06-07 09:49:44.204066(+0100)[ 2172: 2187] INF externalProxy :http://:8080
2024-06-07 09:49:45.468221(+0100)[ 2172: 2172] INF ZSATrayRpcServer request: org.freedesktop.DBus.Properties::GetAll on /var/opt/zscaler/ztray/trayObject from :1.363
2024-06-07 09:49:45.468783(+0100)[ 2172: 2172] INF ZSATrayRpcServer request: com.zscaler.ztray.Interface::sendTunnelStatus on /var/opt/zscaler/ztray/trayObject from :1.363
2024-06-07 09:49:45.468808(+0100)[ 2172: 2172] DBG Verifying RPC client :1.363 
2024-06-07 09:49:45.470331(+0100)[ 2172: 2172] INF User id received : 0 and retrieved from system user : root where the user from json : :1.363
2024-06-07 09:49:45.470620(+0100)[ 2172: 2172] INF getProcessFromPid: /opt/zscaler/bin/zstunnel
2024-06-07 09:49:45.470720(+0100)[ 2172: 2172] DBG The RPC client is from root(0) in process /opt/zscaler/bin/zstunnel(889)
2024-06-07 09:49:45.470742(+0100)[ 2172: 2172] DBG Tunnel Status JSON: {"clientIP":"146.169.193.172","isLWFDriverRunning":0,"networkState":0,"startTimeZIA":"1717753771109999","startTimeZPA":"1717753775456834","tcpProxyListeningPort":9000,"tunnelVersion":"","ziaRxBytes":"9.22 KB","ziaServerIP":"165.225.80.40","ziaServerPort":443,"ziaTunnelState":3,"ziaTxBytes":"2.81 KB","zpaAuthState":0,"zpaRegIP":"","zpaRxBytes":"0 bytes","zpaServerIP":"146.179.3.204","zpaTunnelState":4,"zpaTxBytes":"0 bytes"}
2024-06-07 09:49:45.470813(+0100)[ 2172: 2172] DBG UpdateDashBoard Triggered
2024-06-07 09:49:45.470889(+0100)[ 2172: 2172] DBG Update DashBoard Triggered in MainForm
2024-06-07 09:49:45.473788(+0100)[ 2172: 2172] INF showCurrentTab called, currentTab: 3
2024-06-07 09:49:45.482061(+0100)[ 2172: 2172] DBG updating packet capture state to OFF
2024-06-07 09:49:45.085774(+0100)[ 2172: 2737] INF Configuration Monitor timer triggered
2024-06-07 09:49:45.085827(+0100)[ 2172: 2737] INF Config File modified!
2024-06-07 09:49:53.374807(+0100)[ 2172: 2172] INF ZSATrayRpcServer request: org.freedesktop.DBus.Properties::GetAll on /var/opt/zscaler/ztray/trayObject from :1.388
2024-06-07 09:49:53.375467(+0100)[ 2172: 2172] INF ZSATrayRpcServer request: com.zscaler.ztray.Interface::sendTunnelStatus on /var/opt/zscaler/ztray/trayObject from :1.388
2024-06-07 09:49:53.375535(+0100)[ 2172: 2172] DBG Verifying RPC client :1.388 
2024-06-07 09:49:53.376984(+0100)[ 2172: 2172] INF User id received : 0 and retrieved from system user : root where the user from json : :1.388
2024-06-07 09:49:53.377273(+0100)[ 2172: 2172] INF getProcessFromPid: /opt/zscaler/bin/zstunnel
2024-06-07 09:49:53.377407(+0100)[ 2172: 2172] DBG The RPC client is from root(0) in process /opt/zscaler/bin/zstunnel(889)
2024-06-07 09:49:53.377432(+0100)[ 2172: 2172] DBG Tunnel Status JSON: {"clientIP":"146.169.193.172","isLWFDriverRunning":0,"networkState":0,"startTimeZIA":"1717753771109999","startTimeZPA":"1717753775456834","tcpProxyListeningPort":9000,"tunnelVersion":"","ziaRxBytes":"12.97 KB","ziaServerIP":"165.225.80.40","ziaServerPort":443,"ziaTunnelState":3,"ziaTxBytes":"3.64 KB","zpaAuthState":0,"zpaRegIP":"","zpaRxBytes":"0 bytes","zpaServerIP":"146.179.3.204","zpaTunnelState":4,"zpaTxBytes":"0 bytes"}
2024-06-07 09:49:53.377495(+0100)[ 2172: 2172] DBG UpdateDashBoard Triggered
2024-06-07 09:49:53.377571(+0100)[ 2172: 2172] DBG Update DashBoard Triggered in MainForm
2024-06-07 09:49:53.379485(+0100)[ 2172: 2172] INF showCurrentTab called, currentTab: 1
2024-06-07 09:49:53.385943(+0100)[ 2172: 2172] DBG updating packet capture state to OFF
2024-06-07 09:50:03.380383(+0100)[ 2172: 2172] INF ZSATrayRpcServer request: org.freedesktop.DBus.Properties::GetAll on /var/opt/zscaler/ztray/trayObject from :1.390
2024-06-07 09:50:03.380810(+0100)[ 2172: 2172] INF ZSATrayRpcServer request: com.zscaler.ztray.Interface::sendTunnelStatus on /var/opt/zscaler/ztray/trayObject from :1.390
2024-06-07 09:50:03.380830(+0100)[ 2172: 2172] DBG Verifying RPC client :1.390 
2024-06-07 09:50:03.381921(+0100)[ 2172: 2172] INF User id received : 0 and retrieved from system user : root where the user from json : :1.390
2024-06-07 09:50:03.382137(+0100)[ 2172: 2172] INF getProcessFromPid: /opt/zscaler/bin/zstunnel
2024-06-07 09:50:03.382217(+0100)[ 2172: 2172] DBG The RPC client is from root(0) in process /opt/zscaler/bin/zstunnel(889)
2024-06-07 09:50:03.382232(+0100)[ 2172: 2172] DBG Tunnel Status JSON: {"clientIP":"146.169.193.172","isLWFDriverRunning":0,"networkState":0,"startTimeZIA":"1717753771109999","startTimeZPA":"1717753775456834","tcpProxyListeningPort":9000,"tunnelVersion":"","ziaRxBytes":"12.97 KB","ziaServerIP":"165.225.80.40","ziaServerPort":443,"ziaTunnelState":3,"ziaTxBytes":"3.64 KB","zpaAuthState":0,"zpaRegIP":"","zpaRxBytes":"0 bytes","zpaServerIP":"146.179.3.204","zpaTunnelState":4,"zpaTxBytes":"0 bytes"}
2024-06-07 09:50:03.382275(+0100)[ 2172: 2172] DBG UpdateDashBoard Triggered
2024-06-07 09:50:03.382327(+0100)[ 2172: 2172] DBG Update DashBoard Triggered in MainForm
2024-06-07 09:50:03.383787(+0100)[ 2172: 2172] INF showCurrentTab called, currentTab: 3
2024-06-07 09:50:03.389160(+0100)[ 2172: 2172] DBG updating packet capture state to OFF
2024-06-07 09:50:13.134047(+0100)[ 2172: 2172] DBG UI Main Form Packet Capture
2024-06-07 09:50:13.134099(+0100)[ 2172: 2172] DBG MainForm showBusy called with message: Starting Packet Capture.
2024-06-07 09:50:13.136439(+0100)[ 2172: 2172] DBG disableParentWidgetSignals called with disable as 1
2024-06-07 09:50:13.136870(+0100)[ 2172: 2172] DBG updating packet capture state to ON
2024-06-07 09:50:13.136879(+0100)[ 2172: 2187] DBG Starting Packet Capture in Worker Thread
2024-06-07 09:50:13.237019(+0100)[ 2172: 2187] INF reading file :/tmp/.pid/zstunnel
2024-06-07 09:50:13.237085(+0100)[ 2172: 2187] INF pid found (889) for proc  (/tmp/.pid/zstunnel)
2024-06-07 09:50:13.237105(+0100)[ 2172: 2187] INF File type : [40000] 
2024-06-07 09:50:13.237152(+0100)[ 2172: 2187] INF getProcessFromPid: /opt/zscaler/bin/zstunnel
2024-06-07 09:50:13.237166(+0100)[ 2172: 2187] INF processMatchesBin: 1
2024-06-07 09:50:13.253157(+0100)[ 2172: 2187] DBG The server answered: '1'
2024-06-07 09:50:13.253355(+0100)[ 2172: 2187] DBG Started Packet Capture
2024-06-07 09:50:13.253380(+0100)[ 2172: 2187] DBG Notification Code : 116 , Notification Message : Started Capturing Packets.
2024-06-07 09:50:13.253415(+0100)[ 2172: 2187] DBG AddNotification Called.
2024-06-07 09:50:13.253427(+0100)[ 2172: 2187] DBG Notification ID: 120, Notification Name : Packet Capture Started, Notification message ; Started Capturing Packets., TimeStamp : Fri, Jun 7 2024 10:50:13 AM
2024-06-07 09:50:13.278305(+0100)[ 2172: 2172] DBG Packet Capture Started
2024-06-07 09:50:13.278364(+0100)[ 2172: 2172] DBG updating packet capture state to ON
2024-06-07 09:50:13.278507(+0100)[ 2172: 2172] DBG disableParentWidgetSignals called with disable as 0
2024-06-07 09:50:13.278817(+0100)[ 2172: 2172] DBG disableParentWidgetSignals called with disable as 1
2024-06-07 09:50:13.385145(+0100)[ 2172: 2172] INF ZSATrayRpcServer request: org.freedesktop.DBus.Properties::GetAll on /var/opt/zscaler/ztray/trayObject from :1.399
2024-06-07 09:50:13.385569(+0100)[ 2172: 2172] INF ZSATrayRpcServer request: com.zscaler.ztray.Interface::sendTunnelStatus on /var/opt/zscaler/ztray/trayObject from :1.399
2024-06-07 09:50:13.385598(+0100)[ 2172: 2172] DBG Verifying RPC client :1.399 
2024-06-07 09:50:13.388889(+0100)[ 2172: 2172] INF User id received : 0 and retrieved from system user : root where the user from json : :1.399
2024-06-07 09:50:13.389176(+0100)[ 2172: 2172] INF getProcessFromPid: /opt/zscaler/bin/zstunnel
2024-06-07 09:50:13.389302(+0100)[ 2172: 2172] DBG The RPC client is from root(0) in process /opt/zscaler/bin/zstunnel(889)
2024-06-07 09:50:13.389327(+0100)[ 2172: 2172] DBG Tunnel Status JSON: {"clientIP":"146.169.193.172","isLWFDriverRunning":0,"networkState":0,"startTimeZIA":"1717753771109999","startTimeZPA":"1717753775456834","tcpProxyListeningPort":9000,"tunnelVersion":"","ziaRxBytes":"13.41 KB","ziaServerIP":"165.225.80.40","ziaServerPort":443,"ziaTunnelState":3,"ziaTxBytes":"3.87 KB","zpaAuthState":0,"zpaRegIP":"","zpaRxBytes":"0 bytes","zpaServerIP":"146.179.3.204","zpaTunnelState":4,"zpaTxBytes":"0 bytes"}
2024-06-07 09:50:13.389384(+0100)[ 2172: 2172] DBG UpdateDashBoard Triggered
2024-06-07 09:50:13.389452(+0100)[ 2172: 2172] DBG Update DashBoard Triggered in MainForm
2024-06-07 09:50:13.391926(+0100)[ 2172: 2172] INF showCurrentTab called, currentTab: 3
2024-06-07 09:50:13.398011(+0100)[ 2172: 2172] DBG updating packet capture state to ON
2024-06-07 09:50:15.180299(+0100)[ 2172: 2172] DBG disableParentWidgetSignals called with disable as 0
2024-06-07 09:50:15.981999(+0100)[ 2172: 2172] DBG UI: Main Form, Logout Button Clicked
2024-06-07 09:50:15.982060(+0100)[ 2172: 2172] DBG disableParentWidgetSignals called with disable as 1
2024-06-07 09:50:17.117551(+0100)[ 2172: 2172] DBG Processing Logout...
2024-06-07 09:50:17.117727(+0100)[ 2172: 2172] DBG MainForm showBusy called with message: Performing Logout...
2024-06-07 09:50:17.118873(+0100)[ 2172: 2172] DBG disableParentWidgetSignals called with disable as 1
2024-06-07 09:50:17.118973(+0100)[ 2172: 2187] INF isCloudProxyEnabled = true
2024-06-07 09:50:17.118976(+0100)[ 2172: 2172] DBG MainForm showBusy called with message: Logging Out...
2024-06-07 09:50:17.119003(+0100)[ 2172: 2187] INF Auth::Lib::executeServerGetAPI: Begin
2024-06-07 09:50:17.119015(+0100)[ 2172: 2172] DBG disableParentWidgetSignals called with disable as 1
2024-06-07 09:50:17.119014(+0100)[ 2172: 2187] INF Auth::Lib::executeServerGetAPI: Trial: 0
2024-06-07 09:50:17.142477(+0100)[ 2172: 2187] INF Auth::Lib::executeServerGetAPI: http://gateway.zscaler.net/generate_204
2024-06-07 09:50:17.167081(+0100)[ 2172: 2187] INF Auth::Lib::executeServerGetAPI: Response: 204
2024-06-07 09:50:17.167155(+0100)[ 2172: 2187] INF Auth::Lib::callMobileAdminGetAPI: Finish
2024-06-07 09:50:17.167168(+0100)[ 2172: 2187] INF Auth::Lib::executeServerGetAPI: Failed
2024-06-07 09:50:17.167178(+0100)[ 2172: 2187] INF Auth::Library::apiMobileAdminDeRegisterDeviceV2: Called
2024-06-07 09:50:17.167247(+0100)[ 2172: 2187] INF Auth::Lib::executeMobileAdminPostAPI: Begin
2024-06-07 09:50:17.167261(+0100)[ 2172: 2187] INF Auth::Lib::executeMobileAdminPostAPI: Trial: 0
2024-06-07 09:50:17.167408(+0100)[ 2172: 2187] INF Auth::Lib::executeMobileAdminPostAPI: https://mobile.zscaler.net/api/mobile/device/unregisterDevice
2024-06-07 09:50:18.415238(+0100)[ 2172: 2187] INF Auth::Lib::executeMobileAdminPostAPI: Response: 200, Length: 30
2024-06-07 09:50:18.415284(+0100)[ 2172: 2187] INF Auth::Lib::executeMobileAdminPostAPI: Server header: Zscaler
2024-06-07 09:50:18.415294(+0100)[ 2172: 2187] INF Auth::Lib::executeMobileAdminPostAPI: Response does not contain X-ZS-MAG-Info header
2024-06-07 09:50:18.415311(+0100)[ 2172: 2187] INF Response: {"success":"true","error":"0"}
2024-06-07 09:50:18.415415(+0100)[ 2172: 2187] INF Auth::Lib::executeMobileAdminPostAPI: Finish
2024-06-07 09:50:18.415445(+0100)[ 2172: 2187] INF Auth::Library::apiMobileAdminDeRegisterDeviceV2: Finish
2024-06-07 09:50:18.415462(+0100)[ 2172: 2187] INF Deregister device success
2024-06-07 09:50:18.415472(+0100)[ 2172: 2187] INF Device Deregistered. Stopping tunnel service
2024-06-07 09:50:18.415570(+0100)[ 2172: 2187] DBG Send config to ZSAService Called!!!
2024-06-07 09:50:18.415602(+0100)[ 2172: 2187] INF reading file :/tmp/.pid/zsaservice
2024-06-07 09:50:18.415624(+0100)[ 2172: 2187] INF pid found (789) for proc  (/tmp/.pid/zsaservice)
2024-06-07 09:50:18.415637(+0100)[ 2172: 2187] INF File type : [40000] 
2024-06-07 09:50:18.415670(+0100)[ 2172: 2187] INF getProcessFromPid: /opt/zscaler/bin/zsaservice
2024-06-07 09:50:18.415680(+0100)[ 2172: 2187] INF processMatchesBin: 1
2024-06-07 09:50:18.417369(+0100)[ 2172: 2187] DBG ServiceConfig cmd : 2
2024-06-07 09:50:18.910489(+0100)[ 2172: 2172] INF UI MainForm Window Close Button Clicked.
2024-06-07 09:50:19.065572(+0100)[ 2172: 2172] INF ZSATrayRpcServer request: org.freedesktop.DBus.Properties::GetAll on /var/opt/zscaler/ztray/trayObject from :1.403
2024-06-07 09:50:19.066148(+0100)[ 2172: 2172] INF ZSATrayRpcServer request: com.zscaler.ztray.Interface::sendTunnelStatus on /var/opt/zscaler/ztray/trayObject from :1.403
2024-06-07 09:50:19.066178(+0100)[ 2172: 2172] DBG Verifying RPC client :1.403 
2024-06-07 09:50:19.067698(+0100)[ 2172: 2172] INF User id received : 0 and retrieved from system user : root where the user from json : :1.403
2024-06-07 09:50:19.067984(+0100)[ 2172: 2172] INF getProcessFromPid: /opt/zscaler/bin/zstunnel
2024-06-07 09:50:19.068110(+0100)[ 2172: 2172] DBG The RPC client is from root(0) in process /opt/zscaler/bin/zstunnel(889)
2024-06-07 09:50:19.068139(+0100)[ 2172: 2172] DBG Tunnel Status JSON: {"clientIP":"146.169.193.172","isLWFDriverRunning":0,"networkState":0,"startTimeZIA":"1717753771109999","startTimeZPA":"1717753775456834","tcpProxyListeningPort":9000,"tunnelVersion":"","ziaRxBytes":"13.41 KB","ziaServerIP":"165.225.80.40","ziaServerPort":443,"ziaTunnelState":3,"ziaTxBytes":"3.87 KB","zpaAuthState":0,"zpaRegIP":"","zpaRxBytes":"0 bytes","zpaServerIP":"146.179.3.204","zpaTunnelState":4,"zpaTxBytes":"0 bytes"}
2024-06-07 09:50:20.697748(+0100)[ 2172: 2172] INF ZSATrayRpcServer request: org.freedesktop.DBus.Properties::GetAll on /var/opt/zscaler/ztray/trayObject from :1.404
2024-06-07 09:50:20.698282(+0100)[ 2172: 2172] INF ZSATrayRpcServer request: com.zscaler.ztray.Interface::sendTrayNotifications on /var/opt/zscaler/ztray/trayObject from :1.404
2024-06-07 09:50:20.698319(+0100)[ 2172: 2172] DBG Verifying RPC client :1.404 
2024-06-07 09:50:20.700077(+0100)[ 2172: 2172] INF User id received : 0 and retrieved from system user : root where the user from json : :1.404
2024-06-07 09:50:20.700480(+0100)[ 2172: 2172] INF getProcessFromPid: /opt/zscaler/bin/zstunnel
2024-06-07 09:50:20.700607(+0100)[ 2172: 2172] DBG The RPC client is from root(0) in process /opt/zscaler/bin/zstunnel(889)
2024-06-07 09:50:20.700631(+0100)[ 2172: 2172] INF RPC notification code: 115, Finished Capturing Packets.
2024-06-07 09:50:20.700641(+0100)[ 2172: 2172] DBG Notification Code : 115 , Notification Message : 
2024-06-07 09:50:20.700672(+0100)[ 2172: 2172] DBG AddNotification Called.
2024-06-07 09:50:20.700686(+0100)[ 2172: 2172] DBG Notification ID: 120, Notification Name : Packet Capture Complete, Notification message ; Finished Capturing Packets., TimeStamp : Fri, Jun 7 2024 10:50:20 AM
2024-06-07 09:50:20.726761(+0100)[ 2172: 2172] DBG Stop packet capture received from tunnel
2024-06-07 09:50:20.726819(+0100)[ 2172: 2172] DBG updating packet capture state to OFF
2024-06-07 09:50:20.762957(+0100)[ 2172: 2172] INF ZSATrayRpcServer request: org.freedesktop.DBus.Properties::GetAll on /var/opt/zscaler/ztray/trayObject from :1.410
2024-06-07 09:50:20.764707(+0100)[ 2172: 2172] INF ZSATrayRpcServer request: com.zscaler.ztray.Interface::sendTrayNotifications on /var/opt/zscaler/ztray/trayObject from :1.410
2024-06-07 09:50:20.764747(+0100)[ 2172: 2172] DBG Verifying RPC client :1.410 
2024-06-07 09:50:20.777372(+0100)[ 2172: 2172] INF User id received : 0 and retrieved from system user : root where the user from json : :1.410
2024-06-07 09:50:20.779741(+0100)[ 2172: 2172] INF getProcessFromPid: /opt/zscaler/bin/zstunnel
2024-06-07 09:50:20.779932(+0100)[ 2172: 2172] DBG The RPC client is from root(0) in process /opt/zscaler/bin/zstunnel(889)
2024-06-07 09:50:20.779960(+0100)[ 2172: 2172] INF RPC notification code: 106, Private Access is Disabled.
2024-06-07 09:50:20.779975(+0100)[ 2172: 2172] DBG Notification Code : 106 , Notification Message : 
2024-06-07 09:50:20.780149(+0100)[ 2172: 2172] DBG AddNotification Called.
2024-06-07 09:50:20.780169(+0100)[ 2172: 2172] DBG Notification ID: 175, Notification Name : Private Access Off, Notification message ; Private Access is Disabled., TimeStamp : Fri, Jun 7 2024 10:50:20 AM
2024-06-07 09:50:21.122493(+0100)[ 2172: 2172] INF ZSATrayRpcServer request: org.freedesktop.DBus.Properties::GetAll on /var/opt/zscaler/ztray/trayObject from :1.414
2024-06-07 09:50:21.122972(+0100)[ 2172: 2172] INF ZSATrayRpcServer request: com.zscaler.ztray.Interface::sendTrayNotifications on /var/opt/zscaler/ztray/trayObject from :1.414
2024-06-07 09:50:21.122996(+0100)[ 2172: 2172] DBG Verifying RPC client :1.414 
2024-06-07 09:50:21.124355(+0100)[ 2172: 2172] INF User id received : 0 and retrieved from system user : root where the user from json : :1.414
2024-06-07 09:50:21.124716(+0100)[ 2172: 2172] INF getProcessFromPid: /opt/zscaler/bin/zstunnel
2024-06-07 09:50:21.124813(+0100)[ 2172: 2172] DBG The RPC client is from root(0) in process /opt/zscaler/bin/zstunnel(889)
2024-06-07 09:50:21.124830(+0100)[ 2172: 2172] INF RPC notification code: 102, Internet Security is Disabled.
2024-06-07 09:50:21.124838(+0100)[ 2172: 2172] DBG Notification Code : 102 , Notification Message : 
2024-06-07 09:50:21.124863(+0100)[ 2172: 2172] DBG AddNotification Called.
2024-06-07 09:50:21.124869(+0100)[ 2172: 2172] DBG Notification ID: 100, Notification Name : Internet Security Off, Notification message ; Internet Security is Disabled., TimeStamp : Fri, Jun 7 2024 10:50:21 AM
2024-06-07 09:50:22.558550(+0100)[ 2172: 2187] DBG The server answered: 
2024-06-07 09:50:22.558619(+0100)[ 2172: 2187] DBG ZSAService response: 0 
2024-06-07 09:50:22.558760(+0100)[ 2172: 2187] INF ZTunnel service stopped
2024-06-07 09:50:22.558868(+0100)[ 2172: 2187] DBG Send config to ZSAService Called!!!
2024-06-07 09:50:22.558901(+0100)[ 2172: 2187] INF reading file :/tmp/.pid/zsaservice
2024-06-07 09:50:22.558924(+0100)[ 2172: 2187] INF pid found (789) for proc  (/tmp/.pid/zsaservice)
2024-06-07 09:50:22.558938(+0100)[ 2172: 2187] INF File type : [40000] 
2024-06-07 09:50:22.558987(+0100)[ 2172: 2187] INF getProcessFromPid: /opt/zscaler/bin/zsaservice
2024-06-07 09:50:22.559002(+0100)[ 2172: 2187] INF processMatchesBin: 1
2024-06-07 09:50:22.560877(+0100)[ 2172: 2187] DBG ServiceConfig cmd : 49
2024-06-07 09:50:22.565473(+0100)[ 2172: 2187] DBG The server answered: 0
2024-06-07 09:50:22.565507(+0100)[ 2172: 2187] DBG ZSAService response: 0 
2024-06-07 09:50:22.565661(+0100)[ 2172: 2187] INF Deleted tunnel config file
2024-06-07 09:50:22.565727(+0100)[ 2172: 2717] INF Restarting config monitor timer
2024-06-07 09:50:22.604093(+0100)[ 2172: 2187] DBG Send config to ZSAService Called!!!
2024-06-07 09:50:22.604156(+0100)[ 2172: 2187] INF reading file :/tmp/.pid/zsaservice
2024-06-07 09:50:22.604189(+0100)[ 2172: 2187] INF pid found (789) for proc  (/tmp/.pid/zsaservice)
2024-06-07 09:50:22.604208(+0100)[ 2172: 2187] INF File type : [40000] 
2024-06-07 09:50:22.604263(+0100)[ 2172: 2187] INF getProcessFromPid: /opt/zscaler/bin/zsaservice
2024-06-07 09:50:22.604281(+0100)[ 2172: 2187] INF processMatchesBin: 1
2024-06-07 09:50:22.605921(+0100)[ 2172: 2187] DBG ServiceConfig cmd : 6
2024-06-07 09:50:22.611709(+0100)[ 2172: 2187] DBG The server answered: 
2024-06-07 09:50:22.611749(+0100)[ 2172: 2187] DBG ZSAService response: 0 
2024-06-07 09:50:23.611996(+0100)[ 2172: 2187] DBG Running cmd: [gsettings get org.gnome.system.proxy mode]
2024-06-07 09:50:23.612044(+0100)[ 2172: 2172] DBG disableParentWidgetSignals called with disable as 0
2024-06-07 09:50:23.616025(+0100)[ 2172: 2187] DBG Output: 'manual'
2024-06-07 09:50:23.616065(+0100)[ 2172: 2187] DBG Running cmd: [gsettings get org.gnome.system.proxy.http host]
2024-06-07 09:50:23.619897(+0100)[ 2172: 2187] DBG Output: ''
2024-06-07 09:50:23.619945(+0100)[ 2172: 2187] DBG Running cmd: [gsettings get org.gnome.system.proxy.http port]
2024-06-07 09:50:23.624591(+0100)[ 2172: 2187] DBG Output: 8080
2024-06-07 09:50:23.624657(+0100)[ 2172: 2187] INF externalProxy :http://:8080
2024-06-07 09:50:23.626936(+0100)[ 2172: 2172] DBG UI MainForm ZPA Reauthentication Cancel Button clicked
2024-06-07 09:50:23.626968(+0100)[ 2172: 2172] DBG disableParentWidgetSignals called with disable as 0
2024-06-07 09:50:23.626983(+0100)[ 2172: 2172] DBG updating packet capture state to OFF
2024-06-07 09:50:23.627008(+0100)[ 2172: 2172] INF Seed domain not configured, proceeding with auth form
2024-06-07 09:50:23.627025(+0100)[ 2172: 2172] INF addHardwareIdToClientConfiguration: ZSAAuth::clientConfiguration.hardwareId is empty
2024-06-07 09:50:23.627034(+0100)[ 2172: 2172] INF ZSAAuth::clientConfiguration.oldAppVersion is empty
2024-06-07 09:50:23.627042(+0100)[ 2172: 2172] INF using new hardware id
2024-06-07 09:50:23.627050(+0100)[ 2172: 2172] INF getHardwareIDV2 called!
2024-06-07 09:50:23.627081(+0100)[ 2172: 2172] INF system UUID : 582aaccc1e9b11b2a85ccedde3b9dd2d
2024-06-07 09:50:23.627069(+0100)[ 2172: 2187] INF No strict enforcement
2024-06-07 09:50:23.627094(+0100)[ 2172: 2172] INF Baseboard Serial Number : L1HF162028V
2024-06-07 09:50:23.627102(+0100)[ 2172: 2187] INF startAuthentication called
2024-06-07 09:50:23.627108(+0100)[ 2172: 2172] INF disk ID : 33cf49ab8997479f9fc153f31a9347a0
2024-06-07 09:50:23.627120(+0100)[ 2172: 2172] INF legacy disk ID : 93872DAC766A4AD0BE24B9111652EB00
2024-06-07 09:50:23.627140(+0100)[ 2172: 2172] INF CPU Id: 806ec7ffafbbfbfebfbff
2024-06-07 09:50:23.627158(+0100)[ 2172: 2172] INF getHardwareIDV2: MjJkN2JkMDc4ZjU4OGRiYWI5YWFhZmNlNTc5OGVlNWUzMzYxY2EzZjc3NDJhM2VmN2NhNzJhNzQxYjlhMjc2OA==
2024-06-07 09:50:24.627286(+0100)[ 2172: 2172] INF toggleAllButtonsinTrayForm called with disable as 0
2024-06-07 09:50:24.656666(+0100)[ 2172: 2172] DBG Opening UserName Form
2024-06-07 09:50:24.660090(+0100)[ 2172: 2172] INF UI MainForm Window Close Button Clicked.
2024-06-07 09:50:25.564872(+0100)[ 2172: 2737] INF Configuration Monitor timer triggered
2024-06-07 09:50:25.564937(+0100)[ 2172: 2737] INF Config File removed!
2024-06-07 09:50:30.019723(+0100)[ 2172: 2172] INF UI UserNameForm Window Close Button Clicked.
Release of profile requested but WebEnginePage still not deleted. Expect troubles !
Gdk-Message: 18:05:29.750: ZSTray: Fatal IO error 2 (No such file or directory) on X server :0.

