Redirected stderr
2024-07-05 17:12:22.803137(+0100)[ 2117: 2117] INF Timezone: BST, Offset: 0, Standard Name: GMT
2024-07-05 17:12:22.803362(+0100)[ 2117: 2117] INF CLI key value unable to understand , skipping wait = false
2024-07-05 17:12:22.803376(+0100)[ 2117: 2117] INF CLI key value unable to understand , skipping externalRedirect = false
2024-07-05 17:12:23.005975(+0100)[ 2117: 2117] DBG directory : /home/hsu/.Zscaler/DB 
2024-07-05 17:12:23.006180(+0100)[ 2117: 2117] DBG notificationDB : /home/hsu/.Zscaler/DB/ZscalerApp.db
2024-07-05 17:12:23.062144(+0100)[ 2117: 2117] INF ZSATrayRpcServer startServer called!
2024-07-05 17:12:23.062262(+0100)[ 2117: 2130] INF ZSATrayRpcServer run function called!
2024-07-05 17:12:23.062263(+0100)[ 2117: 2117] INF startTrayLogMonitor called!
2024-07-05 17:12:23.062444(+0100)[ 2117: 2131] INF [LogMon] Log tag
2024-07-05 17:12:23.062463(+0100)[ 2117: 2131] INF [LogMon] Logger monitor started
2024-07-05 17:12:23.076946(+0100)[ 2117: 2117] INF createSAMLauthenticationDialog called! 
2024-07-05 17:12:23.077735(+0100)[ 2117: 2132] INF system UUID : 582aaccc1e9b11b2a85ccedde3b9dd2d
2024-07-05 17:12:23.077769(+0100)[ 2117: 2132] INF Baseboard Serial Number : L1HF162028V
2024-07-05 17:12:23.077785(+0100)[ 2117: 2132] INF disk ID : 33cf49ab8997479f9fc153f31a9347a0
2024-07-05 17:12:23.077799(+0100)[ 2117: 2132] INF legacy disk ID : 93872DAC766A4AD0BE24B9111652EB00
2024-07-05 17:12:23.077817(+0100)[ 2117: 2132] DBG Running cmd: [grep PRETTY_NAME  /etc/os-release |awk -F= '{print $2}']
2024-07-05 17:12:23.078359(+0100)[ 2117: 2117] INF Tray WorkerThread Started...!
2024-07-05 17:12:23.079640(+0100)[ 2117: 2136] DBG Tray proxy monitor thread started the monitor command (PID 2137)
2024-07-05 17:12:23.079672(+0100)[ 2117: 2132] DBG Output: "Ubuntu 20.04.6 LTS"
2024-07-05 17:12:23.080269(+0100)[ 2117: 2132] INF Config read hash: bPjAOwfnExTfTsRwdOTWaMmXQZw=
2024-07-05 17:12:23.080536(+0100)[ 2117: 2132] DBG decryptConfig: using old password
2024-07-05 17:12:23.085073(+0100)[ 2117: 2132] INF Auth::Crypto::decrypt: Exception: I/O error: error:06065064:digital envelope routines:EVP_DecryptFinal_ex:bad decrypt
2024-07-05 17:12:23.085110(+0100)[ 2117: 2132] INF ZSAAuth::useNewDecryptPasswd = true
2024-07-05 17:12:23.090416(+0100)[ 2117: 2132] INF addHardwareIdToClientConfiguration: ZSAAuth::clientConfiguration.hardwareId is NOT empty
2024-07-05 17:12:23.090708(+0100)[ 2117: 2132] INF ZSDR: Converting Disaster Recovery Policy
2024-07-05 17:12:23.092184(+0100)[ 2117: 2132] DBG directory : /home/hsu/.Zscaler 
2024-07-05 17:12:23.092202(+0100)[ 2117: 2132] DBG Create Config File : /home/hsu/.Zscaler/c78OEbQIY+O6hOk5bxZlQDMpJc=+config.dat
2024-07-05 17:12:23.092295(+0100)[ 2117: 2132] INF Config save hash: eLmdgE0//1zcBLi2EdXFR8FxKbE=
2024-07-05 17:12:23.092307(+0100)[ 2117: 2132] INF Initializing auth library. FIPS: 0
2024-07-05 17:12:23.092319(+0100)[ 2117: 2132] INF Getting CA certificates in file: /etc/ssl/certs/ca-certificates.crt
2024-07-05 17:12:23.092593(+0100)[ 2117: 2132] INF System Certs read from disc : 137
2024-07-05 17:12:23.092603(+0100)[ 2117: 2132] INF System certificate count: 137
2024-07-05 17:12:23.092610(+0100)[ 2117: 2132] INF Auth::Lib::initializeAuthenticationLibrary: Called: 137
2024-07-05 17:12:23.092628(+0100)[ 2117: 2132] INF Auth::Lib:loadSSLCerts: Called: 146
2024-07-05 17:12:23.099876(+0100)[ 2117: 2132] INF Auth::Lib::loadSSLCerts: Number of CA certs loaded: 142
2024-07-05 17:12:23.099909(+0100)[ 2117: 2132] INF Auth::Lib::initializeAuthenticationLibrary: Finish
2024-07-05 17:12:23.100144(+0100)[ 2117: 2132] DBG Running cmd: [gsettings get org.gnome.system.proxy mode]
2024-07-05 17:12:23.103418(+0100)[ 2117: 2132] DBG Output: 'manual'
2024-07-05 17:12:23.103457(+0100)[ 2117: 2132] DBG Running cmd: [gsettings get org.gnome.system.proxy.http host]
2024-07-05 17:12:23.105977(+0100)[ 2117: 2132] DBG Output: ''
2024-07-05 17:12:23.106008(+0100)[ 2117: 2132] DBG Running cmd: [gsettings get org.gnome.system.proxy.http port]
2024-07-05 17:12:23.108498(+0100)[ 2117: 2132] DBG Output: 8080
2024-07-05 17:12:23.108537(+0100)[ 2117: 2132] INF externalProxy :http://:8080
2024-07-05 17:12:23.108550(+0100)[ 2117: 2132] INF External Proxy: http://:8080
2024-07-05 17:12:23.108560(+0100)[ 2117: 2132] INF Auth::Lib::setAuthenticationLibraryProxy: Called: http://:8080
2024-07-05 17:12:23.108573(+0100)[ 2117: 2132] INF Skip sending user creds to tunnel: 3
2024-07-05 17:12:23.108584(+0100)[ 2117: 2132] ERR No posture profile to process
2024-07-05 17:12:23.121548(+0100)[ 2117: 2117] DBG initializeSystemTrayIcon: isSystemTrayAvailable: 0
2024-07-05 17:12:23.123185(+0100)[ 2117: 2117] INF Seed domain not configured, proceeding with auth form
2024-07-05 17:12:23.123222(+0100)[ 2117: 2132] INF No strict enforcement
2024-07-05 17:12:23.123245(+0100)[ 2117: 2132] INF startAuthentication called
2024-07-05 17:12:24.123408(+0100)[ 2117: 2117] INF toggleAllButtonsinTrayForm called with disable as 0
2024-07-05 17:12:24.260639(+0100)[ 2117: 2117] DBG Opening UserName Form
2024-07-05 17:12:26.683926(+0100)[ 2117: 2117] INF UI UserNameForm Window Close Button Clicked.
QFileSystemWatcher::removePaths: list is empty
QFileSystemWatcher::removePaths: list is empty
QThread: Destroyed while thread is still running
