Redirected stderr
2024-07-05 10:15:39.808190(+0100)[ 2147: 2147] INF Timezone: BST, Offset: 0, Standard Name: GMT
2024-07-05 10:15:39.808427(+0100)[ 2147: 2147] INF CLI key value unable to understand , skipping wait = false
2024-07-05 10:15:39.808442(+0100)[ 2147: 2147] INF CLI key value unable to understand , skipping externalRedirect = false
2024-07-05 10:15:40.135873(+0100)[ 2147: 2147] DBG directory : /home/hsu/.Zscaler/DB 
2024-07-05 10:15:40.135996(+0100)[ 2147: 2147] DBG notificationDB : /home/hsu/.Zscaler/DB/ZscalerApp.db
2024-07-05 10:15:40.210477(+0100)[ 2147: 2147] INF ZSATrayRpcServer startServer called!
2024-07-05 10:15:40.210562(+0100)[ 2147: 2169] INF ZSATrayRpcServer run function called!
2024-07-05 10:15:40.210594(+0100)[ 2147: 2147] INF startTrayLogMonitor called!
2024-07-05 10:15:40.210659(+0100)[ 2147: 2170] INF [LogMon] Log tag
2024-07-05 10:15:40.210679(+0100)[ 2147: 2170] INF [LogMon] Logger monitor started
2024-07-05 10:15:40.224963(+0100)[ 2147: 2147] INF createSAMLauthenticationDialog called! 
2024-07-05 10:15:40.225709(+0100)[ 2147: 2171] INF system UUID : 582aaccc1e9b11b2a85ccedde3b9dd2d
2024-07-05 10:15:40.225745(+0100)[ 2147: 2171] INF Baseboard Serial Number : L1HF162028V
2024-07-05 10:15:40.225761(+0100)[ 2147: 2171] INF disk ID : 33cf49ab8997479f9fc153f31a9347a0
2024-07-05 10:15:40.225773(+0100)[ 2147: 2171] INF legacy disk ID : 93872DAC766A4AD0BE24B9111652EB00
2024-07-05 10:15:40.225790(+0100)[ 2147: 2171] DBG Running cmd: [grep PRETTY_NAME  /etc/os-release |awk -F= '{print $2}']
2024-07-05 10:15:40.226431(+0100)[ 2147: 2147] INF Tray WorkerThread Started...!
2024-07-05 10:15:40.228022(+0100)[ 2147: 2175] DBG Tray proxy monitor thread started the monitor command (PID 2176)
2024-07-05 10:15:40.228030(+0100)[ 2147: 2171] DBG Output: "Ubuntu 20.04.6 LTS"
2024-07-05 10:15:40.228358(+0100)[ 2147: 2171] INF Config read hash: iP63oiVa3xWBjn+WWarH3WeDnTY=
2024-07-05 10:15:40.228768(+0100)[ 2147: 2171] DBG decryptConfig: using old password
2024-07-05 10:15:40.233319(+0100)[ 2147: 2171] INF Auth::Crypto::decrypt: Exception: I/O error: error:06065064:digital envelope routines:EVP_DecryptFinal_ex:bad decrypt
2024-07-05 10:15:40.233375(+0100)[ 2147: 2171] INF ZSAAuth::useNewDecryptPasswd = true
2024-07-05 10:15:40.238732(+0100)[ 2147: 2171] INF addHardwareIdToClientConfiguration: ZSAAuth::clientConfiguration.hardwareId is NOT empty
2024-07-05 10:15:40.239014(+0100)[ 2147: 2171] INF ZSDR: Converting Disaster Recovery Policy
2024-07-05 10:15:40.240496(+0100)[ 2147: 2171] DBG directory : /home/hsu/.Zscaler 
2024-07-05 10:15:40.240514(+0100)[ 2147: 2171] DBG Create Config File : /home/hsu/.Zscaler/c78OEbQIY+O6hOk5bxZlQDMpJc=+config.dat
2024-07-05 10:15:40.240608(+0100)[ 2147: 2171] INF Config save hash: bPjAOwfnExTfTsRwdOTWaMmXQZw=
2024-07-05 10:15:40.240619(+0100)[ 2147: 2171] INF Initializing auth library. FIPS: 0
2024-07-05 10:15:40.240634(+0100)[ 2147: 2171] INF Getting CA certificates in file: /etc/ssl/certs/ca-certificates.crt
2024-07-05 10:15:40.240929(+0100)[ 2147: 2171] INF System Certs read from disc : 137
2024-07-05 10:15:40.240941(+0100)[ 2147: 2171] INF System certificate count: 137
2024-07-05 10:15:40.240948(+0100)[ 2147: 2171] INF Auth::Lib::initializeAuthenticationLibrary: Called: 137
2024-07-05 10:15:40.240966(+0100)[ 2147: 2171] INF Auth::Lib:loadSSLCerts: Called: 146
2024-07-05 10:15:40.248042(+0100)[ 2147: 2171] INF Auth::Lib::loadSSLCerts: Number of CA certs loaded: 142
2024-07-05 10:15:40.248068(+0100)[ 2147: 2171] INF Auth::Lib::initializeAuthenticationLibrary: Finish
2024-07-05 10:15:40.248293(+0100)[ 2147: 2171] DBG Running cmd: [gsettings get org.gnome.system.proxy mode]
2024-07-05 10:15:40.251111(+0100)[ 2147: 2171] DBG Output: 'manual'
2024-07-05 10:15:40.251147(+0100)[ 2147: 2171] DBG Running cmd: [gsettings get org.gnome.system.proxy.http host]
2024-07-05 10:15:40.253595(+0100)[ 2147: 2171] DBG Output: ''
2024-07-05 10:15:40.253627(+0100)[ 2147: 2171] DBG Running cmd: [gsettings get org.gnome.system.proxy.http port]
2024-07-05 10:15:40.256056(+0100)[ 2147: 2171] DBG Output: 8080
2024-07-05 10:15:40.256095(+0100)[ 2147: 2171] INF externalProxy :http://:8080
2024-07-05 10:15:40.256103(+0100)[ 2147: 2171] INF External Proxy: http://:8080
2024-07-05 10:15:40.256110(+0100)[ 2147: 2171] INF Auth::Lib::setAuthenticationLibraryProxy: Called: http://:8080
2024-07-05 10:15:40.256117(+0100)[ 2147: 2171] INF Skip sending user creds to tunnel: 3
2024-07-05 10:15:40.256124(+0100)[ 2147: 2171] ERR No posture profile to process
2024-07-05 10:15:40.292160(+0100)[ 2147: 2147] DBG initializeSystemTrayIcon: isSystemTrayAvailable: 0
2024-07-05 10:15:40.294055(+0100)[ 2147: 2147] INF Seed domain not configured, proceeding with auth form
2024-07-05 10:15:40.294101(+0100)[ 2147: 2171] INF No strict enforcement
2024-07-05 10:15:40.294126(+0100)[ 2147: 2171] INF startAuthentication called
2024-07-05 10:15:41.294295(+0100)[ 2147: 2147] INF toggleAllButtonsinTrayForm called with disable as 0
2024-07-05 10:15:41.402962(+0100)[ 2147: 2147] DBG Opening UserName Form
2024-07-05 10:15:45.684339(+0100)[ 2147: 2147] INF UI UserNameForm Window Close Button Clicked.
2024-07-05 17:11:37.587572(+0100)[ 2147: 2175] INF reading file :/tmp/.pid/zstunnel
2024-07-05 17:11:37.597220(+0100)[ 2147: 2175] INF pid found (884) for proc  (/tmp/.pid/zstunnel)
2024-07-05 17:11:37.597560(+0100)[ 2147: 2175] ERR  No such file or directory error in isFilePresent for /proc/884 
2024-07-05 17:11:37.597629(+0100)[ 2147: 2175] ERR Unable to send RPC Call, Tunnel is Not Running
2024-07-05 17:11:37.597643(+0100)[ 2147: 2175] INF Tray proxy monitor thread notifyProxyTunnel failure
2024-07-05 17:11:37.597657(+0100)[ 2147: 2175] ERR Tray proxy monitor thread detected proxy monitoring termination
2024-07-05 17:11:37.597689(+0100)[ 2147: 2175] INF Tray proxy monitor thread exited
ICE default IO error handler doing an exit(), pid = 2147, errno = 32
Redirected stdout
