Redirected stderr
2024-08-02 09:31:26.816334(+0100)[ 2191: 2191] INF Timezone: BST, Offset: 0, Standard Name: GMT
2024-08-02 09:31:26.816516(+0100)[ 2191: 2191] INF CLI key value unable to understand , skipping wait = false
2024-08-02 09:31:26.816531(+0100)[ 2191: 2191] INF CLI key value unable to understand , skipping externalRedirect = false
2024-08-02 09:31:27.012977(+0100)[ 2191: 2191] DBG directory : /home/hsu/.Zscaler/DB 
2024-08-02 09:31:27.013472(+0100)[ 2191: 2191] DBG notificationDB : /home/hsu/.Zscaler/DB/ZscalerApp.db
2024-08-02 09:31:27.069762(+0100)[ 2191: 2191] INF ZSATrayRpcServer startServer called!
2024-08-02 09:31:27.069887(+0100)[ 2191: 2191] INF startTrayLogMonitor called!
2024-08-02 09:31:27.069890(+0100)[ 2191: 2206] INF ZSATrayRpcServer run function called!
2024-08-02 09:31:27.070001(+0100)[ 2191: 2207] INF [LogMon] Log tag
2024-08-02 09:31:27.070024(+0100)[ 2191: 2207] INF [LogMon] Logger monitor started
2024-08-02 09:31:27.084531(+0100)[ 2191: 2191] INF createSAMLauthenticationDialog called! 
2024-08-02 09:31:27.085178(+0100)[ 2191: 2208] INF system UUID : 582aaccc1e9b11b2a85ccedde3b9dd2d
2024-08-02 09:31:27.085205(+0100)[ 2191: 2208] INF Baseboard Serial Number : L1HF162028V
2024-08-02 09:31:27.085216(+0100)[ 2191: 2208] INF disk ID : 33cf49ab8997479f9fc153f31a9347a0
2024-08-02 09:31:27.085224(+0100)[ 2191: 2208] INF legacy disk ID : 93872DAC766A4AD0BE24B9111652EB00
2024-08-02 09:31:27.085237(+0100)[ 2191: 2208] DBG Running cmd: [grep PRETTY_NAME  /etc/os-release |awk -F= '{print $2}']
2024-08-02 09:31:27.085910(+0100)[ 2191: 2191] INF Tray WorkerThread Started...!
2024-08-02 09:31:27.087284(+0100)[ 2191: 2212] DBG Tray proxy monitor thread started the monitor command (PID 2213)
2024-08-02 09:31:27.087295(+0100)[ 2191: 2208] DBG Output: "Ubuntu 20.04.6 LTS"
2024-08-02 09:31:27.087587(+0100)[ 2191: 2208] INF Config read hash: wNhmK1Qe1uJXODuGc2nv7bFu3fo=
2024-08-02 09:31:27.087967(+0100)[ 2191: 2208] DBG decryptConfig: using old password
2024-08-02 09:31:27.092143(+0100)[ 2191: 2208] INF Auth::Crypto::decrypt: Exception: I/O error: error:06065064:digital envelope routines:EVP_DecryptFinal_ex:bad decrypt
2024-08-02 09:31:27.092177(+0100)[ 2191: 2208] INF ZSAAuth::useNewDecryptPasswd = true
2024-08-02 09:31:27.096661(+0100)[ 2191: 2208] INF addHardwareIdToClientConfiguration: ZSAAuth::clientConfiguration.hardwareId is NOT empty
2024-08-02 09:31:27.096865(+0100)[ 2191: 2208] INF ZSDR: Converting Disaster Recovery Policy
2024-08-02 09:31:27.098353(+0100)[ 2191: 2208] DBG directory : /home/hsu/.Zscaler 
2024-08-02 09:31:27.098372(+0100)[ 2191: 2208] DBG Create Config File : /home/hsu/.Zscaler/c78OEbQIY+O6hOk5bxZlQDMpJc=+config.dat
2024-08-02 09:31:27.098467(+0100)[ 2191: 2208] INF Config save hash: XoDeam1BFSlKY6A44L6zs3w6cyc=
2024-08-02 09:31:27.098479(+0100)[ 2191: 2208] INF Initializing auth library. FIPS: 0
2024-08-02 09:31:27.098494(+0100)[ 2191: 2208] INF Getting CA certificates in file: /etc/ssl/certs/ca-certificates.crt
2024-08-02 09:31:27.098772(+0100)[ 2191: 2208] INF System Certs read from disc : 137
2024-08-02 09:31:27.098783(+0100)[ 2191: 2208] INF System certificate count: 137
2024-08-02 09:31:27.098790(+0100)[ 2191: 2208] INF Auth::Lib::initializeAuthenticationLibrary: Called: 137
2024-08-02 09:31:27.098808(+0100)[ 2191: 2208] INF Auth::Lib:loadSSLCerts: Called: 146
2024-08-02 09:31:27.105912(+0100)[ 2191: 2208] INF Auth::Lib::loadSSLCerts: Number of CA certs loaded: 142
2024-08-02 09:31:27.105935(+0100)[ 2191: 2208] INF Auth::Lib::initializeAuthenticationLibrary: Finish
2024-08-02 09:31:27.106163(+0100)[ 2191: 2208] DBG Running cmd: [gsettings get org.gnome.system.proxy mode]
2024-08-02 09:31:27.109199(+0100)[ 2191: 2208] DBG Output: 'manual'
2024-08-02 09:31:27.109235(+0100)[ 2191: 2208] DBG Running cmd: [gsettings get org.gnome.system.proxy.http host]
2024-08-02 09:31:27.111821(+0100)[ 2191: 2208] DBG Output: ''
2024-08-02 09:31:27.111853(+0100)[ 2191: 2208] DBG Running cmd: [gsettings get org.gnome.system.proxy.http port]
2024-08-02 09:31:27.114409(+0100)[ 2191: 2208] DBG Output: 8080
2024-08-02 09:31:27.114449(+0100)[ 2191: 2208] INF externalProxy :http://:8080
2024-08-02 09:31:27.114458(+0100)[ 2191: 2208] INF External Proxy: http://:8080
2024-08-02 09:31:27.114464(+0100)[ 2191: 2208] INF Auth::Lib::setAuthenticationLibraryProxy: Called: http://:8080
2024-08-02 09:31:27.114472(+0100)[ 2191: 2208] INF Skip sending user creds to tunnel: 3
2024-08-02 09:31:27.114479(+0100)[ 2191: 2208] ERR No posture profile to process
2024-08-02 09:31:27.124125(+0100)[ 2191: 2191] DBG initializeSystemTrayIcon: isSystemTrayAvailable: 0
2024-08-02 09:31:27.125780(+0100)[ 2191: 2191] INF Seed domain not configured, proceeding with auth form
2024-08-02 09:31:27.125854(+0100)[ 2191: 2208] INF No strict enforcement
2024-08-02 09:31:27.125875(+0100)[ 2191: 2208] INF startAuthentication called
2024-08-02 09:31:28.126036(+0100)[ 2191: 2191] INF toggleAllButtonsinTrayForm called with disable as 0
2024-08-02 09:31:28.226649(+0100)[ 2191: 2191] DBG Opening UserName Form
2024-08-02 09:31:29.565074(+0100)[ 2191: 2191] INF UI UserNameForm Window Close Button Clicked.
ICE default IO error handler doing an exit(), pid = 2191, errno = 32
QThread: Destroyed while thread is still running
