Redirected stderr
2024-07-24 08:50:17.822022(+0100)[ 2090: 2090] INF Timezone: BST, Offset: 0, Standard Name: GMT
2024-07-24 08:50:17.822205(+0100)[ 2090: 2090] INF CLI key value unable to understand , skipping wait = false
2024-07-24 08:50:17.822220(+0100)[ 2090: 2090] INF CLI key value unable to understand , skipping externalRedirect = false
2024-07-24 08:50:18.234069(+0100)[ 2090: 2090] DBG directory : /home/hsu/.Zscaler/DB 
2024-07-24 08:50:18.234425(+0100)[ 2090: 2090] DBG notificationDB : /home/hsu/.Zscaler/DB/ZscalerApp.db
2024-07-24 08:50:18.303622(+0100)[ 2090: 2090] INF ZSATrayRpcServer startServer called!
2024-07-24 08:50:18.303706(+0100)[ 2090: 2107] INF ZSATrayRpcServer run function called!
2024-07-24 08:50:18.303742(+0100)[ 2090: 2090] INF startTrayLogMonitor called!
2024-07-24 08:50:18.303810(+0100)[ 2090: 2108] INF [LogMon] Log tag
2024-07-24 08:50:18.303830(+0100)[ 2090: 2108] INF [LogMon] Logger monitor started
2024-07-24 08:50:18.321157(+0100)[ 2090: 2090] INF createSAMLauthenticationDialog called! 
2024-07-24 08:50:18.321988(+0100)[ 2090: 2109] INF system UUID : 582aaccc1e9b11b2a85ccedde3b9dd2d
2024-07-24 08:50:18.322016(+0100)[ 2090: 2109] INF Baseboard Serial Number : L1HF162028V
2024-07-24 08:50:18.322025(+0100)[ 2090: 2109] INF disk ID : 33cf49ab8997479f9fc153f31a9347a0
2024-07-24 08:50:18.322033(+0100)[ 2090: 2109] INF legacy disk ID : 93872DAC766A4AD0BE24B9111652EB00
2024-07-24 08:50:18.322043(+0100)[ 2090: 2109] DBG Running cmd: [grep PRETTY_NAME  /etc/os-release |awk -F= '{print $2}']
2024-07-24 08:50:18.323239(+0100)[ 2090: 2109] DBG Output: "Ubuntu 20.04.6 LTS"
2024-07-24 08:50:18.323445(+0100)[ 2090: 2109] INF Config read hash: 1gT5wf7GlliH+mCt5QGrar7RXiY=
2024-07-24 08:50:18.323679(+0100)[ 2090: 2109] DBG decryptConfig: using old password
2024-07-24 08:50:18.327700(+0100)[ 2090: 2109] INF Auth::Crypto::decrypt: Exception: I/O error: error:06065064:digital envelope routines:EVP_DecryptFinal_ex:bad decrypt
2024-07-24 08:50:18.327737(+0100)[ 2090: 2109] INF ZSAAuth::useNewDecryptPasswd = true
2024-07-24 08:50:18.329398(+0100)[ 2090: 2090] INF Tray WorkerThread Started...!
2024-07-24 08:50:18.330841(+0100)[ 2090: 2113] DBG Tray proxy monitor thread started the monitor command (PID 2114)
2024-07-24 08:50:18.333479(+0100)[ 2090: 2109] INF addHardwareIdToClientConfiguration: ZSAAuth::clientConfiguration.hardwareId is NOT empty
2024-07-24 08:50:18.333754(+0100)[ 2090: 2109] INF ZSDR: Converting Disaster Recovery Policy
2024-07-24 08:50:18.335392(+0100)[ 2090: 2109] DBG directory : /home/hsu/.Zscaler 
2024-07-24 08:50:18.335420(+0100)[ 2090: 2109] DBG Create Config File : /home/hsu/.Zscaler/c78OEbQIY+O6hOk5bxZlQDMpJc=+config.dat
2024-07-24 08:50:18.335521(+0100)[ 2090: 2109] INF Config save hash: 0kojdidnhbxOgWrXMGrPn6ebu/w=
2024-07-24 08:50:18.335541(+0100)[ 2090: 2109] INF Initializing auth library. FIPS: 0
2024-07-24 08:50:18.335554(+0100)[ 2090: 2109] INF Getting CA certificates in file: /etc/ssl/certs/ca-certificates.crt
2024-07-24 08:50:18.335905(+0100)[ 2090: 2109] INF System Certs read from disc : 137
2024-07-24 08:50:18.335928(+0100)[ 2090: 2109] INF System certificate count: 137
2024-07-24 08:50:18.335940(+0100)[ 2090: 2109] INF Auth::Lib::initializeAuthenticationLibrary: Called: 137
2024-07-24 08:50:18.335968(+0100)[ 2090: 2109] INF Auth::Lib:loadSSLCerts: Called: 146
2024-07-24 08:50:18.344011(+0100)[ 2090: 2109] INF Auth::Lib::loadSSLCerts: Number of CA certs loaded: 142
2024-07-24 08:50:18.344046(+0100)[ 2090: 2109] INF Auth::Lib::initializeAuthenticationLibrary: Finish
2024-07-24 08:50:18.344280(+0100)[ 2090: 2109] DBG Running cmd: [gsettings get org.gnome.system.proxy mode]
2024-07-24 08:50:18.347555(+0100)[ 2090: 2109] DBG Output: 'manual'
2024-07-24 08:50:18.347600(+0100)[ 2090: 2109] DBG Running cmd: [gsettings get org.gnome.system.proxy.http host]
2024-07-24 08:50:18.350795(+0100)[ 2090: 2109] DBG Output: ''
2024-07-24 08:50:18.350842(+0100)[ 2090: 2109] DBG Running cmd: [gsettings get org.gnome.system.proxy.http port]
2024-07-24 08:50:18.353686(+0100)[ 2090: 2109] DBG Output: 8080
2024-07-24 08:50:18.353728(+0100)[ 2090: 2109] INF externalProxy :http://:8080
2024-07-24 08:50:18.353737(+0100)[ 2090: 2109] INF External Proxy: http://:8080
2024-07-24 08:50:18.353743(+0100)[ 2090: 2109] INF Auth::Lib::setAuthenticationLibraryProxy: Called: http://:8080
2024-07-24 08:50:18.353751(+0100)[ 2090: 2109] INF Skip sending user creds to tunnel: 3
2024-07-24 08:50:18.353758(+0100)[ 2090: 2109] ERR No posture profile to process
2024-07-24 08:50:18.366857(+0100)[ 2090: 2090] DBG initializeSystemTrayIcon: isSystemTrayAvailable: 0
2024-07-24 08:50:18.368472(+0100)[ 2090: 2090] INF Seed domain not configured, proceeding with auth form
2024-07-24 08:50:18.368516(+0100)[ 2090: 2109] INF No strict enforcement
2024-07-24 08:50:18.368538(+0100)[ 2090: 2109] INF startAuthentication called
2024-07-24 08:50:19.368657(+0100)[ 2090: 2090] INF toggleAllButtonsinTrayForm called with disable as 0
2024-07-24 08:50:19.464600(+0100)[ 2090: 2090] DBG Opening UserName Form
2024-07-24 08:50:21.401825(+0100)[ 2090: 2090] INF UI UserNameForm Window Close Button Clicked.
ICE default IO error handler doing an exit(), pid = 2090, errno = 32
Logging error: Error occurred: System exception
QThread: Destroyed while thread is still running
