Redirected stderr
2024-06-05 11:13:12.907804(+0100)[14540:14540] INF Timezone: BST, Offset: 0, Standard Name: GMT
2024-06-05 11:13:12.907834(+0100)[14540:14540] INF reading file :/tmp/.pid/1000-zstray
2024-06-05 11:13:12.907857(+0100)[14540:14540] INF pid found (11868) for proc  (/tmp/.pid/1000-zstray)
2024-06-05 11:13:12.907870(+0100)[14540:14540] INF File type : [40000] 
2024-06-05 11:13:12.907905(+0100)[14540:14540] INF getProcessFromPid: /opt/zscaler/bin/ZSTray
2024-06-05 11:13:12.907920(+0100)[14540:14540] INF processMatchesBin: 1
2024-06-05 11:13:12.907931(+0100)[14540:14540] ERR ZSTray received token from browser
2024-06-05 11:13:12.908009(+0100)[14540:14540] INF Config read hash: 7nGBeZijfRg976htziTTgcPwHx4=
2024-06-05 11:13:12.908297(+0100)[14540:14540] DBG decryptConfig: using old password
2024-06-05 11:13:12.909870(+0100)[14540:14540] INF Auth::Crypto::decrypt: Exception: I/O error: error:06065064:digital envelope routines:EVP_DecryptFinal_ex:bad decrypt
2024-06-05 11:13:12.909907(+0100)[14540:14540] INF ZSAAuth::useNewDecryptPasswd = true
2024-06-05 11:13:12.909915(+0100)[14540:14540] DBG decryptConfig: diskID is empty
2024-06-05 11:13:12.910007(+0100)[14540:14540] INF system UUID : 582aaccc1e9b11b2a85ccedde3b9dd2d
2024-06-05 11:13:12.910018(+0100)[14540:14540] INF Baseboard Serial Number : L1HF162028V
2024-06-05 11:13:12.910026(+0100)[14540:14540] INF disk ID : 33cf49ab8997479f9fc153f31a9347a0
2024-06-05 11:13:12.910033(+0100)[14540:14540] INF legacy disk ID : 93872DAC766A4AD0BE24B9111652EB00
2024-06-05 11:13:12.913542(+0100)[14540:14540] INF ZSDR: Converting Disaster Recovery Policy
2024-06-05 11:13:12.915113(+0100)[14540:14540] DBG directory : /home/hsu/.Zscaler 
2024-06-05 11:13:12.915132(+0100)[14540:14540] DBG Create Config File : /home/hsu/.Zscaler/c78OEbQIY+O6hOk5bxZlQDMpJc=+config.dat
2024-06-05 11:13:12.915239(+0100)[14540:14540] INF Config save hash: 2DZ2vDMKqBIqJDZFFeSFF1O7CZw=
Redirected stdout
