Redirected stderr
2024-07-10 08:57:13.834556(+0100)[ 2024: 2024] INF Timezone: BST, Offset: 0, Standard Name: GMT
2024-07-10 08:57:13.834813(+0100)[ 2024: 2024] INF CLI key value unable to understand , skipping wait = false
2024-07-10 08:57:13.834827(+0100)[ 2024: 2024] INF CLI key value unable to understand , skipping externalRedirect = false
2024-07-10 08:57:14.046186(+0100)[ 2024: 2024] DBG directory : /home/hsu/.Zscaler/DB 
2024-07-10 08:57:14.046364(+0100)[ 2024: 2024] DBG notificationDB : /home/hsu/.Zscaler/DB/ZscalerApp.db
2024-07-10 08:57:14.102269(+0100)[ 2024: 2024] INF ZSATrayRpcServer startServer called!
2024-07-10 08:57:14.102394(+0100)[ 2024: 2024] INF startTrayLogMonitor called!
2024-07-10 08:57:14.102399(+0100)[ 2024: 2047] INF ZSATrayRpcServer run function called!
2024-07-10 08:57:14.102509(+0100)[ 2024: 2048] INF [LogMon] Log tag
2024-07-10 08:57:14.102527(+0100)[ 2024: 2048] INF [LogMon] Logger monitor started
2024-07-10 08:57:14.116914(+0100)[ 2024: 2024] INF createSAMLauthenticationDialog called! 
2024-07-10 08:57:14.117701(+0100)[ 2024: 2049] INF system UUID : 582aaccc1e9b11b2a85ccedde3b9dd2d
2024-07-10 08:57:14.117733(+0100)[ 2024: 2049] INF Baseboard Serial Number : L1HF162028V
2024-07-10 08:57:14.117749(+0100)[ 2024: 2049] INF disk ID : 33cf49ab8997479f9fc153f31a9347a0
2024-07-10 08:57:14.117763(+0100)[ 2024: 2049] INF legacy disk ID : 93872DAC766A4AD0BE24B9111652EB00
2024-07-10 08:57:14.117781(+0100)[ 2024: 2049] DBG Running cmd: [grep PRETTY_NAME  /etc/os-release |awk -F= '{print $2}']
2024-07-10 08:57:14.118320(+0100)[ 2024: 2024] INF Tray WorkerThread Started...!
2024-07-10 08:57:14.119623(+0100)[ 2024: 2053] DBG Tray proxy monitor thread started the monitor command (PID 2054)
2024-07-10 08:57:14.119650(+0100)[ 2024: 2049] DBG Output: "Ubuntu 20.04.6 LTS"
2024-07-10 08:57:14.120277(+0100)[ 2024: 2049] INF Config read hash: e9QlmK6si6DMideRdGqj+IbukDU=
2024-07-10 08:57:14.120536(+0100)[ 2024: 2049] DBG decryptConfig: using old password
2024-07-10 08:57:14.125962(+0100)[ 2024: 2049] INF Auth::Crypto::decrypt: Exception: I/O error: error:06065064:digital envelope routines:EVP_DecryptFinal_ex:bad decrypt
2024-07-10 08:57:14.126002(+0100)[ 2024: 2049] INF ZSAAuth::useNewDecryptPasswd = true
2024-07-10 08:57:14.129512(+0100)[ 2024: 2049] INF addHardwareIdToClientConfiguration: ZSAAuth::clientConfiguration.hardwareId is NOT empty
2024-07-10 08:57:14.129744(+0100)[ 2024: 2049] INF ZSDR: Converting Disaster Recovery Policy
2024-07-10 08:57:14.131201(+0100)[ 2024: 2049] DBG directory : /home/hsu/.Zscaler 
2024-07-10 08:57:14.131220(+0100)[ 2024: 2049] DBG Create Config File : /home/hsu/.Zscaler/c78OEbQIY+O6hOk5bxZlQDMpJc=+config.dat
2024-07-10 08:57:14.131313(+0100)[ 2024: 2049] INF Config save hash: 4JH+HRksL6IpRHxrudEgMNtMn4I=
2024-07-10 08:57:14.131325(+0100)[ 2024: 2049] INF Initializing auth library. FIPS: 0
2024-07-10 08:57:14.131332(+0100)[ 2024: 2049] INF Getting CA certificates in file: /etc/ssl/certs/ca-certificates.crt
2024-07-10 08:57:14.131611(+0100)[ 2024: 2049] INF System Certs read from disc : 137
2024-07-10 08:57:14.131622(+0100)[ 2024: 2049] INF System certificate count: 137
2024-07-10 08:57:14.131628(+0100)[ 2024: 2049] INF Auth::Lib::initializeAuthenticationLibrary: Called: 137
2024-07-10 08:57:14.131646(+0100)[ 2024: 2049] INF Auth::Lib:loadSSLCerts: Called: 146
2024-07-10 08:57:14.138818(+0100)[ 2024: 2049] INF Auth::Lib::loadSSLCerts: Number of CA certs loaded: 142
2024-07-10 08:57:14.138838(+0100)[ 2024: 2049] INF Auth::Lib::initializeAuthenticationLibrary: Finish
2024-07-10 08:57:14.139040(+0100)[ 2024: 2049] DBG Running cmd: [gsettings get org.gnome.system.proxy mode]
2024-07-10 08:57:14.142250(+0100)[ 2024: 2049] DBG Output: 'manual'
2024-07-10 08:57:14.142282(+0100)[ 2024: 2049] DBG Running cmd: [gsettings get org.gnome.system.proxy.http host]
2024-07-10 08:57:14.144752(+0100)[ 2024: 2049] DBG Output: ''
2024-07-10 08:57:14.144780(+0100)[ 2024: 2049] DBG Running cmd: [gsettings get org.gnome.system.proxy.http port]
2024-07-10 08:57:14.147255(+0100)[ 2024: 2049] DBG Output: 8080
2024-07-10 08:57:14.147290(+0100)[ 2024: 2049] INF externalProxy :http://:8080
2024-07-10 08:57:14.147298(+0100)[ 2024: 2049] INF External Proxy: http://:8080
2024-07-10 08:57:14.147305(+0100)[ 2024: 2049] INF Auth::Lib::setAuthenticationLibraryProxy: Called: http://:8080
2024-07-10 08:57:14.147314(+0100)[ 2024: 2049] INF Skip sending user creds to tunnel: 3
2024-07-10 08:57:14.147321(+0100)[ 2024: 2049] ERR No posture profile to process
2024-07-10 08:57:14.148305(+0100)[ 2024: 2049] ERR TrayMain Exception: www.google.com
2024-07-10 08:57:14.152435(+0100)[ 2024: 2024] DBG initializeSystemTrayIcon: isSystemTrayAvailable: 0
2024-07-10 08:57:14.154793(+0100)[ 2024: 2024] INF Seed domain not configured, proceeding with auth form
2024-07-10 08:57:15.154982(+0100)[ 2024: 2024] INF toggleAllButtonsinTrayForm called with disable as 0
2024-07-10 08:57:15.267831(+0100)[ 2024: 2024] DBG Opening UserName Form
2024-07-10 08:57:17.547478(+0100)[ 2024: 2024] INF UI UserNameForm Window Close Button Clicked.
ICE default IO error handler doing an exit(), pid = 2024, errno = 32
QThread: Destroyed while thread is still running
